{"/var/www/stek/backend/src/gateway/app.gateway.ts": {"path":"/var/www/stek/backend/src/gateway/app.gateway.ts","statementMap":{"0":{"start":{"line":548,"column":0},"end":{"line":548,"column":16}},"1":{"start":{"line":20,"column":0},"end":{"line":20,"column":36}},"2":{"start":{"line":21,"column":0},"end":{"line":21,"column":38}},"3":{"start":{"line":36,"column":10},"end":{"line":36,"column":56}},"4":{"start":{"line":39,"column":9},"end":{"line":39,"column":34}},"5":{"start":{"line":40,"column":9},"end":{"line":40,"column":34}},"6":{"start":{"line":43,"column":4},"end":{"line":43,"column":29}},"7":{"start":{"line":44,"column":4},"end":{"line":44,"column":35}},"8":{"start":{"line":47,"column":4},"end":{"line":47,"column":45}},"9":{"start":{"line":47,"column":22},"end":{"line":47,"column":36}},"10":{"start":{"line":51,"column":16},"end":{"line":51,"column":26}},"11":{"start":{"line":52,"column":24},"end":{"line":52,"column":43}},"12":{"start":{"line":55,"column":21},"end":{"line":55,"column":50}},"13":{"start":{"line":56,"column":4},"end":{"line":59,"column":5}},"14":{"start":{"line":57,"column":6},"end":{"line":57,"column":22}},"15":{"start":{"line":58,"column":6},"end":{"line":58,"column":48}},"16":{"start":{"line":62,"column":28},"end":{"line":62,"column":67}},"17":{"start":{"line":62,"column":51},"end":{"line":62,"column":66}},"18":{"start":{"line":63,"column":4},"end":{"line":63,"column":51}},"19":{"start":{"line":66,"column":4},"end":{"line":69,"column":5}},"20":{"start":{"line":67,"column":6},"end":{"line":67,"column":26}},"21":{"start":{"line":68,"column":6},"end":{"line":68,"column":18}},"22":{"start":{"line":72,"column":4},"end":{"line":72,"column":30}},"23":{"start":{"line":73,"column":4},"end":{"line":73,"column":24}},"24":{"start":{"line":74,"column":4},"end":{"line":74,"column":17}},"25":{"start":{"line":78,"column":4},"end":{"line":78,"column":37}},"26":{"start":{"line":82,"column":16},"end":{"line":82,"column":26}},"27":{"start":{"line":83,"column":24},"end":{"line":83,"column":43}},"28":{"start":{"line":85,"column":4},"end":{"line":92,"column":5}},"29":{"start":{"line":86,"column":30},"end":{"line":86,"column":69}},"30":{"start":{"line":86,"column":53},"end":{"line":86,"column":68}},"31":{"start":{"line":87,"column":6},"end":{"line":91,"column":7}},"32":{"start":{"line":88,"column":8},"end":{"line":88,"column":41}},"33":{"start":{"line":90,"column":8},"end":{"line":90,"column":55}},"34":{"start":{"line":96,"column":4},"end":{"line":96,"column":32}},"35":{"start":{"line":100,"column":18},"end":{"line":100,"column":55}},"36":{"start":{"line":101,"column":4},"end":{"line":105,"column":6}},"37":{"start":{"line":109,"column":4},"end":{"line":109,"column":26}},"38":{"start":{"line":110,"column":4},"end":{"line":110,"column":26}},"39":{"start":{"line":157,"column":19},"end":{"line":157,"column":87}},"40":{"start":{"line":158,"column":27},"end":{"line":158,"column":31}},"41":{"start":{"line":159,"column":32},"end":{"line":159,"column":35}},"42":{"start":{"line":168,"column":10},"end":{"line":168,"column":73}},"43":{"start":{"line":169,"column":10},"end":{"line":169,"column":60}},"44":{"start":{"line":170,"column":10},"end":{"line":170,"column":78}},"45":{"start":{"line":173,"column":10},"end":{"line":178,"column":4}},"46":{"start":{"line":181,"column":4},"end":{"line":181,"column":17}},"47":{"start":{"line":182,"column":4},"end":{"line":182,"column":51}},"48":{"start":{"line":183,"column":4},"end":{"line":183,"column":26}},"49":{"start":{"line":184,"column":4},"end":{"line":184,"column":31}},"50":{"start":{"line":192,"column":19},"end":{"line":192,"column":40}},"51":{"start":{"line":195,"column":4},"end":{"line":197,"column":7}},"52":{"start":{"line":196,"column":6},"end":{"line":196,"column":44}},"53":{"start":{"line":200,"column":4},"end":{"line":202,"column":7}},"54":{"start":{"line":201,"column":6},"end":{"line":201,"column":36}},"55":{"start":{"line":210,"column":18},"end":{"line":210,"column":113}},"56":{"start":{"line":212,"column":4},"end":{"line":218,"column":5}},"57":{"start":{"line":214,"column":6},"end":{"line":214,"column":42}},"58":{"start":{"line":215,"column":6},"end":{"line":215,"column":32}},"59":{"start":{"line":216,"column":6},"end":{"line":216,"column":28}},"60":{"start":{"line":217,"column":6},"end":{"line":217,"column":20}},"61":{"start":{"line":220,"column":4},"end":{"line":228,"column":5}},"62":{"start":{"line":221,"column":22},"end":{"line":221,"column":105}},"63":{"start":{"line":222,"column":6},"end":{"line":222,"column":37}},"64":{"start":{"line":223,"column":6},"end":{"line":223,"column":41}},"65":{"start":{"line":224,"column":6},"end":{"line":224,"column":33}},"66":{"start":{"line":225,"column":6},"end":{"line":225,"column":13}},"67":{"start":{"line":227,"column":6},"end":{"line":227,"column":62}},"68":{"start":{"line":237,"column":4},"end":{"line":237,"column":49}},"69":{"start":{"line":238,"column":4},"end":{"line":238,"column":34}},"70":{"start":{"line":239,"column":4},"end":{"line":239,"column":36}},"71":{"start":{"line":240,"column":4},"end":{"line":240,"column":101}},"72":{"start":{"line":243,"column":4},"end":{"line":251,"column":5}},"73":{"start":{"line":244,"column":6},"end":{"line":246,"column":7}},"74":{"start":{"line":245,"column":8},"end":{"line":245,"column":55}},"75":{"start":{"line":247,"column":6},"end":{"line":247,"column":58}},"76":{"start":{"line":250,"column":6},"end":{"line":250,"column":43}},"77":{"start":{"line":254,"column":4},"end":{"line":254,"column":37}},"78":{"start":{"line":257,"column":4},"end":{"line":263,"column":7}},"79":{"start":{"line":266,"column":4},"end":{"line":268,"column":7}},"80":{"start":{"line":267,"column":6},"end":{"line":267,"column":36}},"81":{"start":{"line":272,"column":4},"end":{"line":272,"column":44}},"82":{"start":{"line":273,"column":4},"end":{"line":273,"column":36}},"83":{"start":{"line":276,"column":4},"end":{"line":276,"column":49}},"84":{"start":{"line":279,"column":4},"end":{"line":284,"column":5}},"85":{"start":{"line":280,"column":6},"end":{"line":280,"column":61}},"86":{"start":{"line":281,"column":6},"end":{"line":283,"column":7}},"87":{"start":{"line":282,"column":8},"end":{"line":282,"column":47}},"88":{"start":{"line":293,"column":4},"end":{"line":296,"column":7}},"89":{"start":{"line":294,"column":6},"end":{"line":294,"column":32}},"90":{"start":{"line":295,"column":6},"end":{"line":295,"column":47}},"91":{"start":{"line":299,"column":4},"end":{"line":302,"column":7}},"92":{"start":{"line":300,"column":6},"end":{"line":300,"column":33}},"93":{"start":{"line":301,"column":6},"end":{"line":301,"column":45}},"94":{"start":{"line":305,"column":4},"end":{"line":308,"column":7}},"95":{"start":{"line":306,"column":6},"end":{"line":306,"column":31}},"96":{"start":{"line":307,"column":6},"end":{"line":307,"column":46}},"97":{"start":{"line":311,"column":4},"end":{"line":314,"column":7}},"98":{"start":{"line":312,"column":6},"end":{"line":312,"column":32}},"99":{"start":{"line":313,"column":6},"end":{"line":313,"column":44}},"100":{"start":{"line":317,"column":4},"end":{"line":319,"column":7}},"101":{"start":{"line":318,"column":6},"end":{"line":318,"column":43}},"102":{"start":{"line":322,"column":4},"end":{"line":332,"column":7}},"103":{"start":{"line":323,"column":6},"end":{"line":326,"column":7}},"104":{"start":{"line":324,"column":8},"end":{"line":324,"column":95}},"105":{"start":{"line":325,"column":8},"end":{"line":325,"column":15}},"106":{"start":{"line":327,"column":6},"end":{"line":331,"column":9}},"107":{"start":{"line":335,"column":4},"end":{"line":344,"column":7}},"108":{"start":{"line":336,"column":6},"end":{"line":339,"column":7}},"109":{"start":{"line":337,"column":8},"end":{"line":337,"column":92}},"110":{"start":{"line":338,"column":8},"end":{"line":338,"column":15}},"111":{"start":{"line":340,"column":6},"end":{"line":343,"column":9}},"112":{"start":{"line":347,"column":4},"end":{"line":349,"column":7}},"113":{"start":{"line":348,"column":6},"end":{"line":348,"column":69}},"114":{"start":{"line":358,"column":4},"end":{"line":361,"column":5}},"115":{"start":{"line":359,"column":6},"end":{"line":359,"column":87}},"116":{"start":{"line":360,"column":6},"end":{"line":360,"column":13}},"117":{"start":{"line":364,"column":4},"end":{"line":371,"column":5}},"118":{"start":{"line":365,"column":6},"end":{"line":369,"column":9}},"119":{"start":{"line":370,"column":6},"end":{"line":370,"column":13}},"120":{"start":{"line":374,"column":4},"end":{"line":377,"column":5}},"121":{"start":{"line":375,"column":6},"end":{"line":375,"column":88}},"122":{"start":{"line":376,"column":6},"end":{"line":376,"column":13}},"123":{"start":{"line":379,"column":20},"end":{"line":379,"column":39}},"124":{"start":{"line":380,"column":4},"end":{"line":386,"column":5}},"125":{"start":{"line":381,"column":6},"end":{"line":384,"column":9}},"126":{"start":{"line":385,"column":6},"end":{"line":385,"column":13}},"127":{"start":{"line":389,"column":37},"end":{"line":395,"column":6}},"128":{"start":{"line":397,"column":4},"end":{"line":397,"column":76}},"129":{"start":{"line":409,"column":4},"end":{"line":409,"column":77}},"130":{"start":{"line":416,"column":4},"end":{"line":416,"column":70}},"131":{"start":{"line":423,"column":4},"end":{"line":423,"column":73}},"132":{"start":{"line":430,"column":4},"end":{"line":430,"column":74}},"133":{"start":{"line":441,"column":4},"end":{"line":441,"column":85}},"134":{"start":{"line":448,"column":4},"end":{"line":448,"column":82}},"135":{"start":{"line":455,"column":4},"end":{"line":455,"column":76}},"136":{"start":{"line":464,"column":4},"end":{"line":466,"column":7}},"137":{"start":{"line":465,"column":6},"end":{"line":465,"column":31}},"138":{"start":{"line":469,"column":4},"end":{"line":471,"column":7}},"139":{"start":{"line":470,"column":6},"end":{"line":470,"column":39}},"140":{"start":{"line":474,"column":4},"end":{"line":476,"column":7}},"141":{"start":{"line":475,"column":6},"end":{"line":475,"column":37}},"142":{"start":{"line":479,"column":4},"end":{"line":481,"column":7}},"143":{"start":{"line":480,"column":6},"end":{"line":480,"column":35}},"144":{"start":{"line":484,"column":4},"end":{"line":486,"column":7}},"145":{"start":{"line":485,"column":6},"end":{"line":485,"column":37}},"146":{"start":{"line":497,"column":4},"end":{"line":500,"column":6}},"147":{"start":{"line":507,"column":4},"end":{"line":507,"column":40}},"148":{"start":{"line":514,"column":20},"end":{"line":514,"column":71}},"149":{"start":{"line":515,"column":4},"end":{"line":515,"column":26}},"150":{"start":{"line":522,"column":4},"end":{"line":526,"column":7}},"151":{"start":{"line":533,"column":4},"end":{"line":533,"column":43}},"152":{"start":{"line":540,"column":4},"end":{"line":540,"column":38}},"153":{"start":{"line":165,"column":0},"end":{"line":165,"column":13}},"154":{"start":{"line":549,"column":2},"end":{"line":549,"column":38}},"155":{"start":{"line":552,"column":0},"end":{"line":552,"column":26}}},"fnMap":{"0":{"name":"(anonymous_0)","decl":{"start":{"line":42,"column":2},"end":{"line":42,"column":14}},"loc":{"start":{"line":42,"column":62},"end":{"line":48,"column":3}}},"1":{"name":"(anonymous_1)","decl":{"start":{"line":47,"column":16},"end":{"line":47,"column":19}},"loc":{"start":{"line":47,"column":22},"end":{"line":47,"column":36}}},"2":{"name":"(anonymous_2)","decl":{"start":{"line":50,"column":2},"end":{"line":50,"column":15}},"loc":{"start":{"line":50,"column":32},"end":{"line":75,"column":3}}},"3":{"name":"(anonymous_3)","decl":{"start":{"line":62,"column":46},"end":{"line":62,"column":47}},"loc":{"start":{"line":62,"column":51},"end":{"line":62,"column":66}}},"4":{"name":"(anonymous_4)","decl":{"start":{"line":77,"column":2},"end":{"line":77,"column":14}},"loc":{"start":{"line":77,"column":31},"end":{"line":79,"column":3}}},"5":{"name":"(anonymous_5)","decl":{"start":{"line":81,"column":10},"end":{"line":81,"column":17}},"loc":{"start":{"line":81,"column":17},"end":{"line":93,"column":3}}},"6":{"name":"(anonymous_6)","decl":{"start":{"line":86,"column":48},"end":{"line":86,"column":49}},"loc":{"start":{"line":86,"column":53},"end":{"line":86,"column":68}}},"7":{"name":"(anonymous_7)","decl":{"start":{"line":95,"column":2},"end":{"line":95,"column":9}},"loc":{"start":{"line":95,"column":9},"end":{"line":97,"column":3}}},"8":{"name":"(anonymous_8)","decl":{"start":{"line":99,"column":2},"end":{"line":99,"column":10}},"loc":{"start":{"line":99,"column":10},"end":{"line":106,"column":3}}},"9":{"name":"(anonymous_9)","decl":{"start":{"line":108,"column":2},"end":{"line":108,"column":12}},"loc":{"start":{"line":108,"column":12},"end":{"line":111,"column":3}}},"10":{"name":"(anonymous_10)","decl":{"start":{"line":180,"column":2},"end":{"line":180,"column":14}},"loc":{"start":{"line":180,"column":49},"end":{"line":185,"column":3}}},"11":{"name":"(anonymous_11)","decl":{"start":{"line":191,"column":10},"end":{"line":191,"column":24}},"loc":{"start":{"line":191,"column":24},"end":{"line":203,"column":3}}},"12":{"name":"(anonymous_12)","decl":{"start":{"line":195,"column":15},"end":{"line":195,"column":16}},"loc":{"start":{"line":195,"column":53},"end":{"line":197,"column":5}}},"13":{"name":"(anonymous_13)","decl":{"start":{"line":200,"column":28},"end":{"line":200,"column":29}},"loc":{"start":{"line":200,"column":60},"end":{"line":202,"column":5}}},"14":{"name":"(anonymous_14)","decl":{"start":{"line":209,"column":10},"end":{"line":209,"column":28}},"loc":{"start":{"line":209,"column":85},"end":{"line":229,"column":3}}},"15":{"name":"(anonymous_15)","decl":{"start":{"line":235,"column":10},"end":{"line":235,"column":26}},"loc":{"start":{"line":235,"column":54},"end":{"line":269,"column":3}}},"16":{"name":"(anonymous_16)","decl":{"start":{"line":266,"column":28},"end":{"line":266,"column":31}},"loc":{"start":{"line":266,"column":33},"end":{"line":268,"column":5}}},"17":{"name":"(anonymous_17)","decl":{"start":{"line":271,"column":10},"end":{"line":271,"column":26}},"loc":{"start":{"line":271,"column":54},"end":{"line":285,"column":3}}},"18":{"name":"(anonymous_18)","decl":{"start":{"line":291,"column":10},"end":{"line":291,"column":29}},"loc":{"start":{"line":291,"column":57},"end":{"line":350,"column":3}}},"19":{"name":"(anonymous_19)","decl":{"start":{"line":293,"column":28},"end":{"line":293,"column":31}},"loc":{"start":{"line":293,"column":33},"end":{"line":296,"column":5}}},"20":{"name":"(anonymous_20)","decl":{"start":{"line":299,"column":29},"end":{"line":299,"column":32}},"loc":{"start":{"line":299,"column":34},"end":{"line":302,"column":5}}},"21":{"name":"(anonymous_21)","decl":{"start":{"line":305,"column":27},"end":{"line":305,"column":30}},"loc":{"start":{"line":305,"column":32},"end":{"line":308,"column":5}}},"22":{"name":"(anonymous_22)","decl":{"start":{"line":311,"column":28},"end":{"line":311,"column":31}},"loc":{"start":{"line":311,"column":33},"end":{"line":314,"column":5}}},"23":{"name":"(anonymous_23)","decl":{"start":{"line":317,"column":30},"end":{"line":317,"column":31}},"loc":{"start":{"line":317,"column":60},"end":{"line":319,"column":5}}},"24":{"name":"(anonymous_24)","decl":{"start":{"line":322,"column":27},"end":{"line":322,"column":28}},"loc":{"start":{"line":322,"column":78},"end":{"line":332,"column":5}}},"25":{"name":"(anonymous_25)","decl":{"start":{"line":335,"column":31},"end":{"line":335,"column":34}},"loc":{"start":{"line":335,"column":36},"end":{"line":344,"column":5}}},"26":{"name":"(anonymous_26)","decl":{"start":{"line":347,"column":22},"end":{"line":347,"column":23}},"loc":{"start":{"line":347,"column":44},"end":{"line":349,"column":5}}},"27":{"name":"(anonymous_27)","decl":{"start":{"line":356,"column":10},"end":{"line":356,"column":27}},"loc":{"start":{"line":356,"column":82},"end":{"line":398,"column":3}}},"28":{"name":"(anonymous_28)","decl":{"start":{"line":408,"column":9},"end":{"line":408,"column":22}},"loc":{"start":{"line":408,"column":37},"end":{"line":410,"column":3}}},"29":{"name":"(anonymous_29)","decl":{"start":{"line":415,"column":9},"end":{"line":415,"column":29}},"loc":{"start":{"line":415,"column":45},"end":{"line":417,"column":3}}},"30":{"name":"(anonymous_30)","decl":{"start":{"line":422,"column":9},"end":{"line":422,"column":27}},"loc":{"start":{"line":422,"column":42},"end":{"line":424,"column":3}}},"31":{"name":"(anonymous_31)","decl":{"start":{"line":429,"column":9},"end":{"line":429,"column":25}},"loc":{"start":{"line":429,"column":47},"end":{"line":431,"column":3}}},"32":{"name":"(anonymous_32)","decl":{"start":{"line":440,"column":9},"end":{"line":440,"column":26}},"loc":{"start":{"line":440,"column":48},"end":{"line":442,"column":3}}},"33":{"name":"(anonymous_33)","decl":{"start":{"line":447,"column":9},"end":{"line":447,"column":25}},"loc":{"start":{"line":447,"column":104},"end":{"line":449,"column":3}}},"34":{"name":"(anonymous_34)","decl":{"start":{"line":454,"column":9},"end":{"line":454,"column":22}},"loc":{"start":{"line":454,"column":117},"end":{"line":456,"column":3}}},"35":{"name":"(anonymous_35)","decl":{"start":{"line":462,"column":10},"end":{"line":462,"column":29}},"loc":{"start":{"line":462,"column":29},"end":{"line":487,"column":3}}},"36":{"name":"(anonymous_36)","decl":{"start":{"line":464,"column":35},"end":{"line":464,"column":36}},"loc":{"start":{"line":464,"column":54},"end":{"line":466,"column":5}}},"37":{"name":"(anonymous_37)","decl":{"start":{"line":469,"column":36},"end":{"line":469,"column":37}},"loc":{"start":{"line":469,"column":56},"end":{"line":471,"column":5}}},"38":{"name":"(anonymous_38)","decl":{"start":{"line":474,"column":38},"end":{"line":474,"column":39}},"loc":{"start":{"line":474,"column":64},"end":{"line":476,"column":5}}},"39":{"name":"(anonymous_39)","decl":{"start":{"line":479,"column":41},"end":{"line":479,"column":42}},"loc":{"start":{"line":479,"column":60},"end":{"line":481,"column":5}}},"40":{"name":"(anonymous_40)","decl":{"start":{"line":484,"column":38},"end":{"line":484,"column":39}},"loc":{"start":{"line":484,"column":64},"end":{"line":486,"column":5}}},"41":{"name":"(anonymous_41)","decl":{"start":{"line":496,"column":9},"end":{"line":496,"column":17}},"loc":{"start":{"line":496,"column":17},"end":{"line":501,"column":3}}},"42":{"name":"(anonymous_42)","decl":{"start":{"line":506,"column":9},"end":{"line":506,"column":21}},"loc":{"start":{"line":506,"column":36},"end":{"line":508,"column":3}}},"43":{"name":"(anonymous_43)","decl":{"start":{"line":513,"column":9},"end":{"line":513,"column":14}},"loc":{"start":{"line":513,"column":39},"end":{"line":516,"column":3}}},"44":{"name":"(anonymous_44)","decl":{"start":{"line":521,"column":9},"end":{"line":521,"column":31}},"loc":{"start":{"line":521,"column":47},"end":{"line":527,"column":3}}},"45":{"name":"(anonymous_45)","decl":{"start":{"line":532,"column":9},"end":{"line":532,"column":28}},"loc":{"start":{"line":532,"column":28},"end":{"line":534,"column":3}}},"46":{"name":"(anonymous_46)","decl":{"start":{"line":539,"column":9},"end":{"line":539,"column":30}},"loc":{"start":{"line":539,"column":30},"end":{"line":541,"column":3}}},"47":{"name":"createGateway","decl":{"start":{"line":548,"column":16},"end":{"line":548,"column":29}},"loc":{"start":{"line":548,"column":65},"end":{"line":550,"column":1}}}},"branchMap":{"0":{"loc":{"start":{"line":42,"column":14},"end":{"line":42,"column":37}},"type":"default-arg","locations":[{"start":{"line":42,"column":33},"end":{"line":42,"column":37}}]},"1":{"loc":{"start":{"line":42,"column":39},"end":{"line":42,"column":62}},"type":"default-arg","locations":[{"start":{"line":42,"column":61},"end":{"line":42,"column":62}}]},"2":{"loc":{"start":{"line":56,"column":4},"end":{"line":59,"column":5}},"type":"if","locations":[{"start":{"line":56,"column":4},"end":{"line":59,"column":5}}]},"3":{"loc":{"start":{"line":66,"column":4},"end":{"line":69,"column":5}},"type":"if","locations":[{"start":{"line":66,"column":4},"end":{"line":69,"column":5}}]},"4":{"loc":{"start":{"line":87,"column":6},"end":{"line":91,"column":7}},"type":"if","locations":[{"start":{"line":87,"column":6},"end":{"line":91,"column":7}},{"start":{"line":89,"column":13},"end":{"line":91,"column":7}}]},"5":{"loc":{"start":{"line":104,"column":17},"end":{"line":104,"column":66}},"type":"cond-expr","locations":[{"start":{"line":104,"column":29},"end":{"line":104,"column":62}},{"start":{"line":104,"column":65},"end":{"line":104,"column":66}}]},"6":{"loc":{"start":{"line":157,"column":19},"end":{"line":157,"column":87}},"type":"binary-expr","locations":[{"start":{"line":157,"column":19},"end":{"line":157,"column":41}},{"start":{"line":157,"column":45},"end":{"line":157,"column":87}}]},"7":{"loc":{"start":{"line":182,"column":20},"end":{"line":182,"column":50}},"type":"binary-expr","locations":[{"start":{"line":182,"column":20},"end":{"line":182,"column":28}},{"start":{"line":182,"column":32},"end":{"line":182,"column":50}}]},"8":{"loc":{"start":{"line":210,"column":18},"end":{"line":210,"column":113}},"type":"binary-expr","locations":[{"start":{"line":210,"column":18},"end":{"line":210,"column":46}},{"start":{"line":210,"column":50},"end":{"line":210,"column":113}}]},"9":{"loc":{"start":{"line":212,"column":4},"end":{"line":218,"column":5}},"type":"if","locations":[{"start":{"line":212,"column":4},"end":{"line":218,"column":5}}]},"10":{"loc":{"start":{"line":243,"column":4},"end":{"line":251,"column":5}},"type":"if","locations":[{"start":{"line":243,"column":4},"end":{"line":251,"column":5}}]},"11":{"loc":{"start":{"line":243,"column":8},"end":{"line":243,"column":59}},"type":"binary-expr","locations":[{"start":{"line":243,"column":8},"end":{"line":243,"column":21}},{"start":{"line":243,"column":25},"end":{"line":243,"column":59}}]},"12":{"loc":{"start":{"line":244,"column":6},"end":{"line":246,"column":7}},"type":"if","locations":[{"start":{"line":244,"column":6},"end":{"line":246,"column":7}}]},"13":{"loc":{"start":{"line":279,"column":4},"end":{"line":284,"column":5}},"type":"if","locations":[{"start":{"line":279,"column":4},"end":{"line":284,"column":5}}]},"14":{"loc":{"start":{"line":279,"column":8},"end":{"line":279,"column":60}},"type":"binary-expr","locations":[{"start":{"line":279,"column":8},"end":{"line":279,"column":21}},{"start":{"line":279,"column":25},"end":{"line":279,"column":60}}]},"15":{"loc":{"start":{"line":281,"column":6},"end":{"line":283,"column":7}},"type":"if","locations":[{"start":{"line":281,"column":6},"end":{"line":283,"column":7}}]},"16":{"loc":{"start":{"line":323,"column":6},"end":{"line":326,"column":7}},"type":"if","locations":[{"start":{"line":323,"column":6},"end":{"line":326,"column":7}}]},"17":{"loc":{"start":{"line":336,"column":6},"end":{"line":339,"column":7}},"type":"if","locations":[{"start":{"line":336,"column":6},"end":{"line":339,"column":7}}]},"18":{"loc":{"start":{"line":358,"column":4},"end":{"line":361,"column":5}},"type":"if","locations":[{"start":{"line":358,"column":4},"end":{"line":361,"column":5}}]},"19":{"loc":{"start":{"line":364,"column":4},"end":{"line":371,"column":5}},"type":"if","locations":[{"start":{"line":364,"column":4},"end":{"line":371,"column":5}}]},"20":{"loc":{"start":{"line":374,"column":4},"end":{"line":377,"column":5}},"type":"if","locations":[{"start":{"line":374,"column":4},"end":{"line":377,"column":5}}]},"21":{"loc":{"start":{"line":374,"column":8},"end":{"line":374,"column":57}},"type":"binary-expr","locations":[{"start":{"line":374,"column":8},"end":{"line":374,"column":21}},{"start":{"line":374,"column":25},"end":{"line":374,"column":57}}]},"22":{"loc":{"start":{"line":380,"column":4},"end":{"line":386,"column":5}},"type":"if","locations":[{"start":{"line":380,"column":4},"end":{"line":386,"column":5}}]},"23":{"loc":{"start":{"line":380,"column":8},"end":{"line":380,"column":72}},"type":"binary-expr","locations":[{"start":{"line":380,"column":8},"end":{"line":380,"column":28}},{"start":{"line":380,"column":32},"end":{"line":380,"column":72}}]},"24":{"loc":{"start":{"line":394,"column":13},"end":{"line":394,"column":70}},"type":"binary-expr","locations":[{"start":{"line":394,"column":13},"end":{"line":394,"column":43}},{"start":{"line":394,"column":47},"end":{"line":394,"column":70}}]}},"s":{"0":0,"1":0,"2":0,"3":0,"4":0,"5":0,"6":0,"7":0,"8":0,"9":0,"10":0,"11":0,"12":0,"13":0,"14":0,"15":0,"16":0,"17":0,"18":0,"19":0,"20":0,"21":0,"22":0,"23":0,"24":0,"25":0,"26":0,"27":0,"28":0,"29":0,"30":0,"31":0,"32":0,"33":0,"34":0,"35":0,"36":0,"37":0,"38":0,"39":0,"40":0,"41":0,"42":0,"43":0,"44":0,"45":0,"46":0,"47":0,"48":0,"49":0,"50":0,"51":0,"52":0,"53":0,"54":0,"55":0,"56":0,"57":0,"58":0,"59":0,"60":0,"61":0,"62":0,"63":0,"64":0,"65":0,"66":0,"67":0,"68":0,"69":0,"70":0,"71":0,"72":0,"73":0,"74":0,"75":0,"76":0,"77":0,"78":0,"79":0,"80":0,"81":0,"82":0,"83":0,"84":0,"85":0,"86":0,"87":0,"88":0,"89":0,"90":0,"91":0,"92":0,"93":0,"94":0,"95":0,"96":0,"97":0,"98":0,"99":0,"100":0,"101":0,"102":0,"103":0,"104":0,"105":0,"106":0,"107":0,"108":0,"109":0,"110":0,"111":0,"112":0,"113":0,"114":0,"115":0,"116":0,"117":0,"118":0,"119":0,"120":0,"121":0,"122":0,"123":0,"124":0,"125":0,"126":0,"127":0,"128":0,"129":0,"130":0,"131":0,"132":0,"133":0,"134":0,"135":0,"136":0,"137":0,"138":0,"139":0,"140":0,"141":0,"142":0,"143":0,"144":0,"145":0,"146":0,"147":0,"148":0,"149":0,"150":0,"151":0,"152":0,"153":0,"154":0,"155":0},"f":{"0":0,"1":0,"2":0,"3":0,"4":0,"5":0,"6":0,"7":0,"8":0,"9":0,"10":0,"11":0,"12":0,"13":0,"14":0,"15":0,"16":0,"17":0,"18":0,"19":0,"20":0,"21":0,"22":0,"23":0,"24":0,"25":0,"26":0,"27":0,"28":0,"29":0,"30":0,"31":0,"32":0,"33":0,"34":0,"35":0,"36":0,"37":0,"38":0,"39":0,"40":0,"41":0,"42":0,"43":0,"44":0,"45":0,"46":0,"47":0},"b":{"0":[0],"1":[0],"2":[0],"3":[0],"4":[0,0],"5":[0,0],"6":[0,0],"7":[0,0],"8":[0,0],"9":[0],"10":[0],"11":[0,0],"12":[0],"13":[0],"14":[0,0],"15":[0],"16":[0],"17":[0],"18":[0],"19":[0],"20":[0],"21":[0,0],"22":[0],"23":[0,0],"24":[0,0]}}
,"/var/www/stek/backend/src/gateway/socket.integration.ts": {"path":"/var/www/stek/backend/src/gateway/socket.integration.ts","statementMap":{"0":{"start":{"line":9,"column":0},"end":{"line":9,"column":38}},"1":{"start":{"line":54,"column":4},"end":{"line":54,"column":12}},"2":{"start":{"line":55,"column":4},"end":{"line":55,"column":30}},"3":{"start":{"line":59,"column":4},"end":{"line":61,"column":5}},"4":{"start":{"line":60,"column":6},"end":{"line":60,"column":53}},"5":{"start":{"line":62,"column":4},"end":{"line":62,"column":35}},"6":{"start":{"line":73,"column":4},"end":{"line":73,"column":34}},"7":{"start":{"line":80,"column":4},"end":{"line":80,"column":36}},"8":{"start":{"line":87,"column":4},"end":{"line":87,"column":39}},"9":{"start":{"line":94,"column":4},"end":{"line":94,"column":40}},"10":{"start":{"line":105,"column":4},"end":{"line":105,"column":39}},"11":{"start":{"line":116,"column":4},"end":{"line":116,"column":34}},"12":{"start":{"line":123,"column":4},"end":{"line":123,"column":36}},"13":{"start":{"line":133,"column":10},"end":{"line":133,"column":37}},"14":{"start":{"line":136,"column":4},"end":{"line":136,"column":49}},"15":{"start":{"line":143,"column":4},"end":{"line":143,"column":32}},"16":{"start":{"line":144,"column":4},"end":{"line":149,"column":7}},"17":{"start":{"line":156,"column":4},"end":{"line":161,"column":7}},"18":{"start":{"line":168,"column":4},"end":{"line":174,"column":7}},"19":{"start":{"line":181,"column":4},"end":{"line":186,"column":7}},"20":{"start":{"line":193,"column":4},"end":{"line":198,"column":7}},"21":{"start":{"line":205,"column":4},"end":{"line":205,"column":38}},"22":{"start":{"line":212,"column":4},"end":{"line":212,"column":37}},"23":{"start":{"line":131,"column":0},"end":{"line":131,"column":13}},"24":{"start":{"line":224,"column":4},"end":{"line":224,"column":49}},"25":{"start":{"line":238,"column":4},"end":{"line":245,"column":7}},"26":{"start":{"line":220,"column":0},"end":{"line":220,"column":13}},"27":{"start":{"line":253,"column":13},"end":{"line":253,"column":59}},"28":{"start":{"line":254,"column":13},"end":{"line":254,"column":56}},"29":{"start":{"line":255,"column":13},"end":{"line":255,"column":58}},"30":{"start":{"line":257,"column":0},"end":{"line":261,"column":2}}},"fnMap":{"0":{"name":"(anonymous_0)","decl":{"start":{"line":53,"column":2},"end":{"line":53,"column":null}},"loc":{"start":{"line":53,"column":2},"end":{"line":56,"column":3}}},"1":{"name":"(anonymous_1)","decl":{"start":{"line":58,"column":9},"end":{"line":58,"column":15}},"loc":{"start":{"line":58,"column":27},"end":{"line":63,"column":3}}},"2":{"name":"(anonymous_2)","decl":{"start":{"line":72,"column":9},"end":{"line":72,"column":17}},"loc":{"start":{"line":72,"column":32},"end":{"line":74,"column":3}}},"3":{"name":"(anonymous_3)","decl":{"start":{"line":79,"column":9},"end":{"line":79,"column":24}},"loc":{"start":{"line":79,"column":40},"end":{"line":81,"column":3}}},"4":{"name":"(anonymous_4)","decl":{"start":{"line":86,"column":9},"end":{"line":86,"column":22}},"loc":{"start":{"line":86,"column":37},"end":{"line":88,"column":3}}},"5":{"name":"(anonymous_5)","decl":{"start":{"line":93,"column":9},"end":{"line":93,"column":20}},"loc":{"start":{"line":93,"column":42},"end":{"line":95,"column":3}}},"6":{"name":"(anonymous_6)","decl":{"start":{"line":104,"column":9},"end":{"line":104,"column":26}},"loc":{"start":{"line":104,"column":48},"end":{"line":106,"column":3}}},"7":{"name":"(anonymous_7)","decl":{"start":{"line":115,"column":9},"end":{"line":115,"column":19}},"loc":{"start":{"line":115,"column":119},"end":{"line":117,"column":3}}},"8":{"name":"(anonymous_8)","decl":{"start":{"line":122,"column":9},"end":{"line":122,"column":18}},"loc":{"start":{"line":122,"column":80},"end":{"line":124,"column":3}}},"9":{"name":"(anonymous_9)","decl":{"start":{"line":135,"column":2},"end":{"line":135,"column":null}},"loc":{"start":{"line":135,"column":2},"end":{"line":137,"column":3}}},"10":{"name":"(anonymous_10)","decl":{"start":{"line":142,"column":9},"end":{"line":142,"column":18}},"loc":{"start":{"line":142,"column":52},"end":{"line":150,"column":3}}},"11":{"name":"(anonymous_11)","decl":{"start":{"line":155,"column":9},"end":{"line":155,"column":15}},"loc":{"start":{"line":155,"column":51},"end":{"line":162,"column":3}}},"12":{"name":"(anonymous_12)","decl":{"start":{"line":167,"column":9},"end":{"line":167,"column":16}},"loc":{"start":{"line":167,"column":35},"end":{"line":175,"column":3}}},"13":{"name":"(anonymous_13)","decl":{"start":{"line":180,"column":9},"end":{"line":180,"column":20}},"loc":{"start":{"line":180,"column":75},"end":{"line":187,"column":3}}},"14":{"name":"(anonymous_14)","decl":{"start":{"line":192,"column":9},"end":{"line":192,"column":24}},"loc":{"start":{"line":192,"column":77},"end":{"line":199,"column":3}}},"15":{"name":"(anonymous_15)","decl":{"start":{"line":204,"column":9},"end":{"line":204,"column":27}},"loc":{"start":{"line":204,"column":127},"end":{"line":206,"column":3}}},"16":{"name":"(anonymous_16)","decl":{"start":{"line":211,"column":9},"end":{"line":211,"column":31}},"loc":{"start":{"line":211,"column":93},"end":{"line":213,"column":3}}},"17":{"name":"(anonymous_17)","decl":{"start":{"line":223,"column":2},"end":{"line":223,"column":null}},"loc":{"start":{"line":223,"column":2},"end":{"line":225,"column":3}}},"18":{"name":"(anonymous_18)","decl":{"start":{"line":230,"column":9},"end":{"line":230,"column":28}},"loc":{"start":{"line":236,"column":25},"end":{"line":246,"column":3}}}},"branchMap":{"0":{"loc":{"start":{"line":59,"column":4},"end":{"line":61,"column":5}},"type":"if","locations":[{"start":{"line":59,"column":4},"end":{"line":61,"column":5}}]}},"s":{"0":0,"1":0,"2":0,"3":0,"4":0,"5":0,"6":0,"7":0,"8":0,"9":0,"10":0,"11":0,"12":0,"13":0,"14":0,"15":0,"16":0,"17":0,"18":0,"19":0,"20":0,"21":0,"22":0,"23":0,"24":0,"25":0,"26":0,"27":0,"28":0,"29":0,"30":0},"f":{"0":0,"1":0,"2":0,"3":0,"4":0,"5":0,"6":0,"7":0,"8":0,"9":0,"10":0,"11":0,"12":0,"13":0,"14":0,"15":0,"16":0,"17":0,"18":0},"b":{"0":[0]}}
,"/var/www/stek/backend/src/integration/api-key.guard.ts": {"path":"/var/www/stek/backend/src/integration/api-key.guard.ts","statementMap":{"0":{"start":{"line":1,"column":0},"end":{"line":1,"column":null}},"1":{"start":{"line":10,"column":7},"end":{"line":31,"column":null}},"2":{"start":{"line":12,"column":20},"end":{"line":12,"column":64}},"3":{"start":{"line":13,"column":19},"end":{"line":13,"column":57}},"4":{"start":{"line":15,"column":4},"end":{"line":17,"column":5}},"5":{"start":{"line":16,"column":6},"end":{"line":16,"column":66}},"6":{"start":{"line":19,"column":24},"end":{"line":19,"column":55}},"7":{"start":{"line":21,"column":4},"end":{"line":23,"column":5}},"8":{"start":{"line":22,"column":6},"end":{"line":22,"column":72}},"9":{"start":{"line":25,"column":4},"end":{"line":27,"column":5}},"10":{"start":{"line":26,"column":6},"end":{"line":26,"column":57}},"11":{"start":{"line":29,"column":4},"end":{"line":29,"column":16}},"12":{"start":{"line":10,"column":13},"end":{"line":10,"column":24}},"13":{"start":{"line":10,"column":13},"end":{"line":31,"column":null}}},"fnMap":{"0":{"name":"(anonymous_1)","decl":{"start":{"line":11,"column":2},"end":{"line":11,"column":13}},"loc":{"start":{"line":11,"column":39},"end":{"line":30,"column":3}}}},"branchMap":{"0":{"loc":{"start":{"line":15,"column":4},"end":{"line":17,"column":5}},"type":"if","locations":[{"start":{"line":15,"column":4},"end":{"line":17,"column":5}}]},"1":{"loc":{"start":{"line":21,"column":4},"end":{"line":23,"column":5}},"type":"if","locations":[{"start":{"line":21,"column":4},"end":{"line":23,"column":5}}]},"2":{"loc":{"start":{"line":25,"column":4},"end":{"line":27,"column":5}},"type":"if","locations":[{"start":{"line":25,"column":4},"end":{"line":27,"column":5}}]}},"s":{"0":1,"1":1,"2":37,"3":37,"4":37,"5":1,"6":36,"7":36,"8":0,"9":36,"10":1,"11":35,"12":1,"13":1},"f":{"0":37},"b":{"0":[1],"1":[0],"2":[1]}}
,"/var/www/stek/backend/src/integration/integration.controller.ts": {"path":"/var/www/stek/backend/src/integration/integration.controller.ts","statementMap":{"0":{"start":{"line":1,"column":0},"end":{"line":1,"column":null}},"1":{"start":{"line":10,"column":0},"end":{"line":10,"column":59}},"2":{"start":{"line":11,"column":0},"end":{"line":11,"column":46}},"3":{"start":{"line":12,"column":0},"end":{"line":12,"column":null}},"4":{"start":{"line":21,"column":34},"end":{"line":78,"column":null}},"5":{"start":{"line":24,"column":31},"end":{"line":24,"column":51}},"6":{"start":{"line":22,"column":19},"end":{"line":22,"column":67}},"7":{"start":{"line":33,"column":4},"end":{"line":33,"column":63}},"8":{"start":{"line":34,"column":4},"end":{"line":34,"column":51}},"9":{"start":{"line":46,"column":4},"end":{"line":49,"column":6}},"10":{"start":{"line":50,"column":4},"end":{"line":50,"column":59}},"11":{"start":{"line":62,"column":4},"end":{"line":62,"column":79}},"12":{"start":{"line":63,"column":4},"end":{"line":63,"column":75}},"13":{"start":{"line":73,"column":4},"end":{"line":76,"column":6}},"14":{"start":{"line":21,"column":13},"end":{"line":21,"column":34}},"15":{"start":{"line":32,"column":8},"end":{"line":35,"column":null}},"16":{"start":{"line":43,"column":8},"end":{"line":51,"column":null}},"17":{"start":{"line":59,"column":8},"end":{"line":64,"column":null}},"18":{"start":{"line":72,"column":8},"end":{"line":77,"column":null}},"19":{"start":{"line":21,"column":13},"end":{"line":78,"column":null}}},"fnMap":{"0":{"name":"(anonymous_4)","decl":{"start":{"line":24,"column":2},"end":{"line":24,"column":31}},"loc":{"start":{"line":24,"column":69},"end":{"line":24,"column":73}}},"1":{"name":"(anonymous_5)","decl":{"start":{"line":32,"column":2},"end":{"line":32,"column":7}},"loc":{"start":{"line":32,"column":49},"end":{"line":35,"column":3}}},"2":{"name":"(anonymous_6)","decl":{"start":{"line":43,"column":2},"end":{"line":43,"column":7}},"loc":{"start":{"line":44,"column":38},"end":{"line":51,"column":3}}},"3":{"name":"(anonymous_7)","decl":{"start":{"line":59,"column":2},"end":{"line":59,"column":7}},"loc":{"start":{"line":60,"column":43},"end":{"line":64,"column":3}}},"4":{"name":"(anonymous_8)","decl":{"start":{"line":72,"column":2},"end":{"line":72,"column":7}},"loc":{"start":{"line":72,"column":19},"end":{"line":77,"column":3}}}},"branchMap":{},"s":{"0":1,"1":1,"2":1,"3":1,"4":1,"5":1,"6":1,"7":21,"8":21,"9":11,"10":11,"11":2,"12":2,"13":1,"14":1,"15":1,"16":1,"17":1,"18":1,"19":1},"f":{"0":1,"1":21,"2":11,"3":2,"4":1},"b":{}}
,"/var/www/stek/backend/src/integration/integration.dto.ts": {"path":"/var/www/stek/backend/src/integration/integration.dto.ts","statementMap":{"0":{"start":{"line":1,"column":0},"end":{"line":1,"column":78}},"1":{"start":{"line":9,"column":2},"end":{"line":9,"column":29}},"2":{"start":{"line":3,"column":0},"end":{"line":3,"column":13}},"3":{"start":{"line":5,"column":2},"end":{"line":5,"column":null}},"4":{"start":{"line":9,"column":2},"end":{"line":9,"column":null}},"5":{"start":{"line":12,"column":0},"end":{"line":12,"column":13}},"6":{"start":{"line":19,"column":0},"end":{"line":19,"column":null}},"7":{"start":{"line":20,"column":2},"end":{"line":20,"column":null}},"8":{"start":{"line":21,"column":2},"end":{"line":21,"column":null}},"9":{"start":{"line":22,"column":2},"end":{"line":22,"column":null}},"10":{"start":{"line":48,"column":2},"end":{"line":48,"column":29}},"11":{"start":{"line":25,"column":0},"end":{"line":25,"column":13}},"12":{"start":{"line":27,"column":2},"end":{"line":27,"column":null}},"13":{"start":{"line":31,"column":2},"end":{"line":31,"column":null}},"14":{"start":{"line":34,"column":2},"end":{"line":34,"column":null}},"15":{"start":{"line":37,"column":2},"end":{"line":37,"column":null}},"16":{"start":{"line":40,"column":2},"end":{"line":40,"column":null}},"17":{"start":{"line":44,"column":2},"end":{"line":44,"column":null}},"18":{"start":{"line":48,"column":2},"end":{"line":48,"column":null}},"19":{"start":{"line":51,"column":0},"end":{"line":51,"column":13}},"20":{"start":{"line":60,"column":0},"end":{"line":60,"column":null}},"21":{"start":{"line":61,"column":2},"end":{"line":61,"column":null}},"22":{"start":{"line":62,"column":2},"end":{"line":62,"column":null}},"23":{"start":{"line":63,"column":2},"end":{"line":63,"column":null}},"24":{"start":{"line":64,"column":2},"end":{"line":64,"column":null}},"25":{"start":{"line":65,"column":2},"end":{"line":65,"column":null}},"26":{"start":{"line":66,"column":2},"end":{"line":66,"column":null}},"27":{"start":{"line":67,"column":2},"end":{"line":67,"column":null}}},"fnMap":{"0":{"name":"(anonymous_2)","decl":{"start":{"line":3,"column":0},"end":{"line":3,"column":13}},"loc":{"start":{"line":3,"column":0},"end":{"line":10,"column":1}}},"1":{"name":"(anonymous_3)","decl":{"start":{"line":19,"column":0},"end":{"line":19,"column":12}},"loc":{"start":{"line":19,"column":27},"end":{"line":23,"column":1}}},"2":{"name":"(anonymous_4)","decl":{"start":{"line":25,"column":0},"end":{"line":25,"column":13}},"loc":{"start":{"line":25,"column":0},"end":{"line":49,"column":1}}},"3":{"name":"(anonymous_5)","decl":{"start":{"line":60,"column":0},"end":{"line":60,"column":12}},"loc":{"start":{"line":60,"column":32},"end":{"line":68,"column":1}}}},"branchMap":{"0":{"loc":{"start":{"line":19,"column":12},"end":{"line":19,"column":null}},"type":"binary-expr","locations":[{"start":{"line":19,"column":12},"end":{"line":19,"column":27}},{"start":{"line":19,"column":27},"end":{"line":19,"column":null}}]},"1":{"loc":{"start":{"line":60,"column":12},"end":{"line":60,"column":null}},"type":"binary-expr","locations":[{"start":{"line":60,"column":12},"end":{"line":60,"column":32}},{"start":{"line":60,"column":32},"end":{"line":60,"column":null}}]}},"s":{"0":1,"1":21,"2":1,"3":1,"4":1,"5":1,"6":1,"7":1,"8":1,"9":1,"10":11,"11":1,"12":1,"13":1,"14":1,"15":1,"16":1,"17":1,"18":1,"19":1,"20":1,"21":1,"22":1,"23":1,"24":1,"25":1,"26":1,"27":1},"f":{"0":21,"1":1,"2":11,"3":1},"b":{"0":[1,1],"1":[1,1]}}
,"/var/www/stek/backend/src/integration/integration.service.ts": {"path":"/var/www/stek/backend/src/integration/integration.service.ts","statementMap":{"0":{"start":{"line":1,"column":0},"end":{"line":1,"column":52}},"1":{"start":{"line":2,"column":0},"end":{"line":2,"column":57}},"2":{"start":{"line":3,"column":0},"end":{"line":3,"column":57}},"3":{"start":{"line":4,"column":0},"end":{"line":4,"column":96}},"4":{"start":{"line":5,"column":0},"end":{"line":5,"column":null}},"5":{"start":{"line":15,"column":31},"end":{"line":305,"column":null}},"6":{"start":{"line":18,"column":31},"end":{"line":18,"column":39}},"7":{"start":{"line":16,"column":19},"end":{"line":16,"column":64}},"8":{"start":{"line":24,"column":4},"end":{"line":68,"column":5}},"9":{"start":{"line":26,"column":23},"end":{"line":26,"column":63}},"10":{"start":{"line":28,"column":19},"end":{"line":35,"column":8}},"11":{"start":{"line":37,"column":6},"end":{"line":42,"column":7}},"12":{"start":{"line":38,"column":8},"end":{"line":41,"column":10}},"13":{"start":{"line":45,"column":6},"end":{"line":50,"column":7}},"14":{"start":{"line":46,"column":8},"end":{"line":49,"column":10}},"15":{"start":{"line":52,"column":21},"end":{"line":52,"column":36}},"16":{"start":{"line":53,"column":22},"end":{"line":53,"column":57}},"17":{"start":{"line":55,"column":6},"end":{"line":55,"column":90}},"18":{"start":{"line":57,"column":6},"end":{"line":61,"column":8}},"19":{"start":{"line":63,"column":6},"end":{"line":63,"column":66}},"20":{"start":{"line":64,"column":6},"end":{"line":67,"column":8}},"21":{"start":{"line":75,"column":4},"end":{"line":225,"column":5}},"22":{"start":{"line":77,"column":25},"end":{"line":79,"column":8}},"23":{"start":{"line":81,"column":6},"end":{"line":90,"column":7}},"24":{"start":{"line":82,"column":8},"end":{"line":82,"column":81}},"25":{"start":{"line":85,"column":8},"end":{"line":89,"column":10}},"26":{"start":{"line":93,"column":23},"end":{"line":93,"column":63}},"27":{"start":{"line":96,"column":19},"end":{"line":103,"column":8}},"28":{"start":{"line":105,"column":6},"end":{"line":111,"column":7}},"29":{"start":{"line":106,"column":8},"end":{"line":110,"column":10}},"30":{"start":{"line":114,"column":6},"end":{"line":120,"column":7}},"31":{"start":{"line":115,"column":8},"end":{"line":119,"column":10}},"32":{"start":{"line":122,"column":19},"end":{"line":122,"column":34}},"33":{"start":{"line":125,"column":6},"end":{"line":134,"column":7}},"34":{"start":{"line":126,"column":8},"end":{"line":133,"column":11}},"35":{"start":{"line":136,"column":29},"end":{"line":136,"column":56}},"36":{"start":{"line":141,"column":6},"end":{"line":175,"column":7}},"37":{"start":{"line":144,"column":10},"end":{"line":153,"column":11}},"38":{"start":{"line":145,"column":12},"end":{"line":147,"column":14}},"39":{"start":{"line":148,"column":12},"end":{"line":152,"column":14}},"40":{"start":{"line":154,"column":10},"end":{"line":154,"column":56}},"41":{"start":{"line":155,"column":10},"end":{"line":155,"column":54}},"42":{"start":{"line":156,"column":10},"end":{"line":156,"column":16}},"43":{"start":{"line":159,"column":10},"end":{"line":159,"column":55}},"44":{"start":{"line":160,"column":10},"end":{"line":160,"column":54}},"45":{"start":{"line":161,"column":10},"end":{"line":161,"column":16}},"46":{"start":{"line":164,"column":10},"end":{"line":164,"column":55}},"47":{"start":{"line":166,"column":10},"end":{"line":166,"column":54}},"48":{"start":{"line":167,"column":10},"end":{"line":167,"column":16}},"49":{"start":{"line":170,"column":10},"end":{"line":174,"column":12}},"50":{"start":{"line":178,"column":21},"end":{"line":206,"column":8}},"51":{"start":{"line":180,"column":8},"end":{"line":183,"column":11}},"52":{"start":{"line":186,"column":28},"end":{"line":203,"column":10}},"53":{"start":{"line":205,"column":8},"end":{"line":205,"column":27}},"54":{"start":{"line":208,"column":6},"end":{"line":211,"column":8}},"55":{"start":{"line":213,"column":6},"end":{"line":217,"column":8}},"56":{"start":{"line":219,"column":6},"end":{"line":219,"column":77}},"57":{"start":{"line":220,"column":6},"end":{"line":224,"column":8}},"58":{"start":{"line":232,"column":4},"end":{"line":290,"column":5}},"59":{"start":{"line":233,"column":26},"end":{"line":236,"column":8}},"60":{"start":{"line":238,"column":6},"end":{"line":243,"column":7}},"61":{"start":{"line":239,"column":8},"end":{"line":242,"column":10}},"62":{"start":{"line":245,"column":6},"end":{"line":251,"column":7}},"63":{"start":{"line":246,"column":8},"end":{"line":250,"column":10}},"64":{"start":{"line":254,"column":21},"end":{"line":274,"column":8}},"65":{"start":{"line":256,"column":8},"end":{"line":259,"column":11}},"66":{"start":{"line":262,"column":8},"end":{"line":271,"column":11}},"67":{"start":{"line":273,"column":8},"end":{"line":273,"column":27}},"68":{"start":{"line":276,"column":6},"end":{"line":276,"column":67}},"69":{"start":{"line":278,"column":6},"end":{"line":282,"column":8}},"70":{"start":{"line":284,"column":6},"end":{"line":284,"column":61}},"71":{"start":{"line":285,"column":6},"end":{"line":289,"column":8}},"72":{"start":{"line":297,"column":50},"end":{"line":302,"column":6}},"73":{"start":{"line":303,"column":4},"end":{"line":303,"column":64}},"74":{"start":{"line":15,"column":13},"end":{"line":15,"column":31}},"75":{"start":{"line":15,"column":13},"end":{"line":305,"column":null}}},"fnMap":{"0":{"name":"(anonymous_2)","decl":{"start":{"line":18,"column":2},"end":{"line":18,"column":31}},"loc":{"start":{"line":18,"column":52},"end":{"line":18,"column":56}}},"1":{"name":"(anonymous_3)","decl":{"start":{"line":23,"column":2},"end":{"line":23,"column":7}},"loc":{"start":{"line":23,"column":41},"end":{"line":69,"column":3}}},"2":{"name":"(anonymous_4)","decl":{"start":{"line":74,"column":2},"end":{"line":74,"column":7}},"loc":{"start":{"line":74,"column":53},"end":{"line":226,"column":3}}},"3":{"name":"(anonymous_5)","decl":{"start":{"line":178,"column":52},"end":{"line":178,"column":57}},"loc":{"start":{"line":178,"column":65},"end":{"line":206,"column":7}}},"4":{"name":"(anonymous_6)","decl":{"start":{"line":231,"column":2},"end":{"line":231,"column":7}},"loc":{"start":{"line":231,"column":49},"end":{"line":291,"column":3}}},"5":{"name":"(anonymous_7)","decl":{"start":{"line":254,"column":52},"end":{"line":254,"column":57}},"loc":{"start":{"line":254,"column":65},"end":{"line":274,"column":7}}},"6":{"name":"(anonymous_8)","decl":{"start":{"line":296,"column":10},"end":{"line":296,"column":21}},"loc":{"start":{"line":296,"column":38},"end":{"line":304,"column":3}}}},"branchMap":{"0":{"loc":{"start":{"line":26,"column":40},"end":{"line":26,"column":62}},"type":"binary-expr","locations":[{"start":{"line":26,"column":40},"end":{"line":26,"column":52}},{"start":{"line":26,"column":56},"end":{"line":26,"column":62}}]},"1":{"loc":{"start":{"line":37,"column":6},"end":{"line":42,"column":7}},"type":"if","locations":[{"start":{"line":37,"column":6},"end":{"line":42,"column":7}}]},"2":{"loc":{"start":{"line":45,"column":6},"end":{"line":50,"column":7}},"type":"if","locations":[{"start":{"line":45,"column":6},"end":{"line":50,"column":7}}]},"3":{"loc":{"start":{"line":45,"column":10},"end":{"line":45,"column":83}},"type":"binary-expr","locations":[{"start":{"line":45,"column":10},"end":{"line":45,"column":43}},{"start":{"line":45,"column":47},"end":{"line":45,"column":83}}]},"4":{"loc":{"start":{"line":53,"column":22},"end":{"line":53,"column":57}},"type":"cond-expr","locations":[{"start":{"line":53,"column":31},"end":{"line":53,"column":53}},{"start":{"line":53,"column":56},"end":{"line":53,"column":57}}]},"5":{"loc":{"start":{"line":60,"column":18},"end":{"line":60,"column":40}},"type":"binary-expr","locations":[{"start":{"line":60,"column":18},"end":{"line":60,"column":30}},{"start":{"line":60,"column":34},"end":{"line":60,"column":40}}]},"6":{"loc":{"start":{"line":81,"column":6},"end":{"line":90,"column":7}},"type":"if","locations":[{"start":{"line":81,"column":6},"end":{"line":90,"column":7}}]},"7":{"loc":{"start":{"line":93,"column":40},"end":{"line":93,"column":62}},"type":"binary-expr","locations":[{"start":{"line":93,"column":40},"end":{"line":93,"column":52}},{"start":{"line":93,"column":56},"end":{"line":93,"column":62}}]},"8":{"loc":{"start":{"line":105,"column":6},"end":{"line":111,"column":7}},"type":"if","locations":[{"start":{"line":105,"column":6},"end":{"line":111,"column":7}}]},"9":{"loc":{"start":{"line":114,"column":6},"end":{"line":120,"column":7}},"type":"if","locations":[{"start":{"line":114,"column":6},"end":{"line":120,"column":7}}]},"10":{"loc":{"start":{"line":114,"column":10},"end":{"line":114,"column":83}},"type":"binary-expr","locations":[{"start":{"line":114,"column":10},"end":{"line":114,"column":43}},{"start":{"line":114,"column":47},"end":{"line":114,"column":83}}]},"11":{"loc":{"start":{"line":125,"column":6},"end":{"line":134,"column":7}},"type":"if","locations":[{"start":{"line":125,"column":6},"end":{"line":134,"column":7}}]},"12":{"loc":{"start":{"line":141,"column":6},"end":{"line":175,"column":7}},"type":"switch","locations":[{"start":{"line":142,"column":8},"end":{"line":156,"column":16}},{"start":{"line":158,"column":8},"end":{"line":161,"column":16}},{"start":{"line":163,"column":8},"end":{"line":167,"column":16}},{"start":{"line":169,"column":8},"end":{"line":174,"column":12}}]},"13":{"loc":{"start":{"line":144,"column":10},"end":{"line":153,"column":11}},"type":"if","locations":[{"start":{"line":144,"column":10},"end":{"line":153,"column":11}}]},"14":{"loc":{"start":{"line":238,"column":6},"end":{"line":243,"column":7}},"type":"if","locations":[{"start":{"line":238,"column":6},"end":{"line":243,"column":7}}]},"15":{"loc":{"start":{"line":245,"column":6},"end":{"line":251,"column":7}},"type":"if","locations":[{"start":{"line":245,"column":6},"end":{"line":251,"column":7}}]},"16":{"loc":{"start":{"line":303,"column":11},"end":{"line":303,"column":63}},"type":"binary-expr","locations":[{"start":{"line":303,"column":11},"end":{"line":303,"column":46}},{"start":{"line":303,"column":50},"end":{"line":303,"column":63}}]}},"s":{"0":1,"1":1,"2":1,"3":1,"4":1,"5":1,"6":1,"7":1,"8":21,"9":21,"10":21,"11":21,"12":1,"13":20,"14":0,"15":20,"16":20,"17":20,"18":20,"19":0,"20":0,"21":11,"22":11,"23":11,"24":1,"25":1,"26":10,"27":10,"28":10,"29":1,"30":9,"31":0,"32":9,"33":9,"34":0,"35":9,"36":9,"37":8,"38":1,"39":1,"40":7,"41":7,"42":7,"43":1,"44":1,"45":1,"46":0,"47":0,"48":0,"49":0,"50":8,"51":8,"52":8,"53":8,"54":8,"55":8,"56":0,"57":0,"58":2,"59":2,"60":2,"61":1,"62":1,"63":0,"64":1,"65":1,"66":1,"67":1,"68":1,"69":1,"70":0,"71":0,"72":31,"73":31,"74":1,"75":1},"f":{"0":1,"1":21,"2":11,"3":8,"4":2,"5":1,"6":31},"b":{"0":[21,0],"1":[1],"2":[0],"3":[20,20],"4":[20,0],"5":[20,0],"6":[1],"7":[10,0],"8":[1],"9":[0],"10":[9,9],"11":[0],"12":[8,1,0,0],"13":[1],"14":[1],"15":[0],"16":[31,0]}}
,"/var/www/stek/backend/src/modules/affiliate/affiliate.controller.ts": {"path":"/var/www/stek/backend/src/modules/affiliate/affiliate.controller.ts","statementMap":{"0":{"start":{"line":3,"column":0},"end":{"line":3,"column":null}},"1":{"start":{"line":12,"column":0},"end":{"line":12,"column":54}},"2":{"start":{"line":13,"column":0},"end":{"line":13,"column":55}},"3":{"start":{"line":17,"column":7},"end":{"line":103,"column":null}},"4":{"start":{"line":18,"column":31},"end":{"line":18,"column":49}},"5":{"start":{"line":26,"column":4},"end":{"line":34,"column":5}},"6":{"start":{"line":27,"column":21},"end":{"line":27,"column":32}},"7":{"start":{"line":28,"column":6},"end":{"line":28,"column":67}},"8":{"start":{"line":30,"column":6},"end":{"line":33,"column":8}},"9":{"start":{"line":43,"column":4},"end":{"line":51,"column":5}},"10":{"start":{"line":44,"column":21},"end":{"line":44,"column":32}},"11":{"start":{"line":45,"column":6},"end":{"line":45,"column":67}},"12":{"start":{"line":47,"column":6},"end":{"line":50,"column":8}},"13":{"start":{"line":60,"column":4},"end":{"line":68,"column":5}},"14":{"start":{"line":61,"column":21},"end":{"line":61,"column":32}},"15":{"start":{"line":62,"column":6},"end":{"line":62,"column":70}},"16":{"start":{"line":64,"column":6},"end":{"line":67,"column":8}},"17":{"start":{"line":77,"column":4},"end":{"line":85,"column":5}},"18":{"start":{"line":78,"column":21},"end":{"line":78,"column":32}},"19":{"start":{"line":79,"column":6},"end":{"line":79,"column":65}},"20":{"start":{"line":81,"column":6},"end":{"line":84,"column":8}},"21":{"start":{"line":94,"column":4},"end":{"line":101,"column":5}},"22":{"start":{"line":95,"column":6},"end":{"line":95,"column":58}},"23":{"start":{"line":97,"column":6},"end":{"line":100,"column":8}},"24":{"start":{"line":17,"column":13},"end":{"line":17,"column":32}},"25":{"start":{"line":25,"column":8},"end":{"line":35,"column":null}},"26":{"start":{"line":42,"column":8},"end":{"line":52,"column":null}},"27":{"start":{"line":59,"column":8},"end":{"line":69,"column":null}},"28":{"start":{"line":76,"column":8},"end":{"line":86,"column":null}},"29":{"start":{"line":93,"column":8},"end":{"line":102,"column":null}},"30":{"start":{"line":17,"column":13},"end":{"line":103,"column":null}}},"fnMap":{"0":{"name":"(anonymous_4)","decl":{"start":{"line":18,"column":2},"end":{"line":18,"column":31}},"loc":{"start":{"line":18,"column":65},"end":{"line":18,"column":69}}},"1":{"name":"(anonymous_5)","decl":{"start":{"line":25,"column":2},"end":{"line":25,"column":7}},"loc":{"start":{"line":25,"column":31},"end":{"line":35,"column":3}}},"2":{"name":"(anonymous_6)","decl":{"start":{"line":42,"column":2},"end":{"line":42,"column":7}},"loc":{"start":{"line":42,"column":33},"end":{"line":52,"column":3}}},"3":{"name":"(anonymous_7)","decl":{"start":{"line":59,"column":2},"end":{"line":59,"column":7}},"loc":{"start":{"line":59,"column":33},"end":{"line":69,"column":3}}},"4":{"name":"(anonymous_8)","decl":{"start":{"line":76,"column":2},"end":{"line":76,"column":7}},"loc":{"start":{"line":76,"column":38},"end":{"line":86,"column":3}}},"5":{"name":"(anonymous_9)","decl":{"start":{"line":93,"column":2},"end":{"line":93,"column":7}},"loc":{"start":{"line":93,"column":22},"end":{"line":102,"column":3}}}},"branchMap":{"0":{"loc":{"start":{"line":31,"column":8},"end":{"line":31,"column":58}},"type":"binary-expr","locations":[{"start":{"line":31,"column":8},"end":{"line":31,"column":21}},{"start":{"line":31,"column":25},"end":{"line":31,"column":58}}]},"1":{"loc":{"start":{"line":48,"column":8},"end":{"line":48,"column":58}},"type":"binary-expr","locations":[{"start":{"line":48,"column":8},"end":{"line":48,"column":21}},{"start":{"line":48,"column":25},"end":{"line":48,"column":58}}]},"2":{"loc":{"start":{"line":65,"column":8},"end":{"line":65,"column":61}},"type":"binary-expr","locations":[{"start":{"line":65,"column":8},"end":{"line":65,"column":21}},{"start":{"line":65,"column":25},"end":{"line":65,"column":61}}]},"3":{"loc":{"start":{"line":82,"column":8},"end":{"line":82,"column":53}},"type":"binary-expr","locations":[{"start":{"line":82,"column":8},"end":{"line":82,"column":21}},{"start":{"line":82,"column":25},"end":{"line":82,"column":53}}]},"4":{"loc":{"start":{"line":83,"column":8},"end":{"line":83,"column":56}},"type":"binary-expr","locations":[{"start":{"line":83,"column":8},"end":{"line":83,"column":20}},{"start":{"line":83,"column":24},"end":{"line":83,"column":56}}]},"5":{"loc":{"start":{"line":98,"column":8},"end":{"line":98,"column":54}},"type":"binary-expr","locations":[{"start":{"line":98,"column":8},"end":{"line":98,"column":21}},{"start":{"line":98,"column":25},"end":{"line":98,"column":54}}]}},"s":{"0":1,"1":1,"2":1,"3":1,"4":1,"5":0,"6":0,"7":0,"8":0,"9":0,"10":0,"11":0,"12":0,"13":0,"14":0,"15":0,"16":0,"17":0,"18":0,"19":0,"20":0,"21":0,"22":0,"23":0,"24":1,"25":1,"26":1,"27":1,"28":1,"29":1,"30":1},"f":{"0":1,"1":0,"2":0,"3":0,"4":0,"5":0},"b":{"0":[0,0],"1":[0,0],"2":[0,0],"3":[0,0],"4":[0,0],"5":[0,0]}}
,"/var/www/stek/backend/src/modules/affiliate/affiliate.service.ts": {"path":"/var/www/stek/backend/src/modules/affiliate/affiliate.service.ts","statementMap":{"0":{"start":{"line":3,"column":0},"end":{"line":3,"column":65}},"1":{"start":{"line":4,"column":0},"end":{"line":4,"column":60}},"2":{"start":{"line":5,"column":0},"end":{"line":5,"column":57}},"3":{"start":{"line":8,"column":14},"end":{"line":15,"column":2}},"4":{"start":{"line":18,"column":7},"end":{"line":466,"column":null}},"5":{"start":{"line":19,"column":22},"end":{"line":19,"column":30}},"6":{"start":{"line":25,"column":17},"end":{"line":33,"column":6}},"7":{"start":{"line":35,"column":4},"end":{"line":37,"column":5}},"8":{"start":{"line":36,"column":6},"end":{"line":36,"column":54}},"9":{"start":{"line":40,"column":31},"end":{"line":40,"column":72}},"10":{"start":{"line":43,"column":24},"end":{"line":43,"column":64}},"11":{"start":{"line":44,"column":21},"end":{"line":44,"column":50}},"12":{"start":{"line":47,"column":25},"end":{"line":47,"column":59}},"13":{"start":{"line":50,"column":24},"end":{"line":54,"column":6}},"14":{"start":{"line":57,"column":24},"end":{"line":59,"column":null}},"15":{"start":{"line":58,"column":18},"end":{"line":58,"column":40}},"16":{"start":{"line":63,"column":32},"end":{"line":63,"column":49}},"17":{"start":{"line":66,"column":25},"end":{"line":72,"column":6}},"18":{"start":{"line":74,"column":4},"end":{"line":98,"column":6}},"19":{"start":{"line":106,"column":23},"end":{"line":114,"column":6}},"20":{"start":{"line":116,"column":21},"end":{"line":116,"column":48}},"21":{"start":{"line":116,"column":43},"end":{"line":116,"column":47}},"22":{"start":{"line":119,"column":23},"end":{"line":130,"column":10}},"23":{"start":{"line":132,"column":21},"end":{"line":132,"column":48}},"24":{"start":{"line":132,"column":43},"end":{"line":132,"column":47}},"25":{"start":{"line":135,"column":23},"end":{"line":145,"column":10}},"26":{"start":{"line":148,"column":26},"end":{"line":148,"column":63}},"27":{"start":{"line":149,"column":26},"end":{"line":149,"column":63}},"28":{"start":{"line":150,"column":26},"end":{"line":150,"column":63}},"29":{"start":{"line":152,"column":4},"end":{"line":190,"column":6}},"30":{"start":{"line":159,"column":42},"end":{"line":163,"column":12}},"31":{"start":{"line":170,"column":42},"end":{"line":174,"column":12}},"32":{"start":{"line":173,"column":47},"end":{"line":173,"column":66}},"33":{"start":{"line":181,"column":42},"end":{"line":185,"column":12}},"34":{"start":{"line":184,"column":47},"end":{"line":184,"column":66}},"35":{"start":{"line":197,"column":22},"end":{"line":197,"column":32}},"36":{"start":{"line":198,"column":4},"end":{"line":198,"column":50}},"37":{"start":{"line":200,"column":24},"end":{"line":206,"column":6}},"38":{"start":{"line":209,"column":48},"end":{"line":209,"column":50}},"39":{"start":{"line":211,"column":4},"end":{"line":216,"column":5}},"40":{"start":{"line":211,"column":17},"end":{"line":211,"column":18}},"41":{"start":{"line":212,"column":19},"end":{"line":212,"column":29}},"42":{"start":{"line":213,"column":6},"end":{"line":213,"column":52}},"43":{"start":{"line":214,"column":22},"end":{"line":214,"column":54}},"44":{"start":{"line":215,"column":6},"end":{"line":215,"column":31}},"45":{"start":{"line":218,"column":4},"end":{"line":223,"column":7}},"46":{"start":{"line":219,"column":22},"end":{"line":219,"column":61}},"47":{"start":{"line":220,"column":6},"end":{"line":222,"column":7}},"48":{"start":{"line":221,"column":8},"end":{"line":221,"column":49}},"49":{"start":{"line":225,"column":20},"end":{"line":228,"column":7}},"50":{"start":{"line":225,"column":73},"end":{"line":228,"column":6}},"51":{"start":{"line":230,"column":18},"end":{"line":230,"column":63}},"52":{"start":{"line":230,"column":45},"end":{"line":230,"column":59}},"53":{"start":{"line":232,"column":4},"end":{"line":232,"column":30}},"54":{"start":{"line":240,"column":24},"end":{"line":244,"column":6}},"55":{"start":{"line":246,"column":4},"end":{"line":248,"column":5}},"56":{"start":{"line":247,"column":6},"end":{"line":247,"column":72}},"57":{"start":{"line":250,"column":24},"end":{"line":252,"column":null}},"58":{"start":{"line":251,"column":18},"end":{"line":251,"column":40}},"59":{"start":{"line":256,"column":24},"end":{"line":256,"column":41}},"60":{"start":{"line":258,"column":4},"end":{"line":260,"column":5}},"61":{"start":{"line":259,"column":6},"end":{"line":259,"column":72}},"62":{"start":{"line":263,"column":17},"end":{"line":268,"column":6}},"63":{"start":{"line":270,"column":4},"end":{"line":279,"column":5}},"64":{"start":{"line":271,"column":6},"end":{"line":278,"column":9}},"65":{"start":{"line":282,"column":4},"end":{"line":287,"column":7}},"66":{"start":{"line":289,"column":4},"end":{"line":293,"column":6}},"67":{"start":{"line":300,"column":18},"end":{"line":303,"column":6}},"68":{"start":{"line":305,"column":21},"end":{"line":305,"column":43}},"69":{"start":{"line":305,"column":38},"end":{"line":305,"column":42}},"70":{"start":{"line":307,"column":18},"end":{"line":312,"column":10}},"71":{"start":{"line":314,"column":21},"end":{"line":314,"column":43}},"72":{"start":{"line":314,"column":38},"end":{"line":314,"column":42}},"73":{"start":{"line":316,"column":18},"end":{"line":321,"column":10}},"74":{"start":{"line":323,"column":23},"end":{"line":323,"column":76}},"75":{"start":{"line":323,"column":70},"end":{"line":323,"column":74}},"76":{"start":{"line":325,"column":4},"end":{"line":325,"column":42}},"77":{"start":{"line":325,"column":33},"end":{"line":325,"column":42}},"78":{"start":{"line":328,"column":17},"end":{"line":335,"column":6}},"79":{"start":{"line":337,"column":4},"end":{"line":337,"column":44}},"80":{"start":{"line":341,"column":22},"end":{"line":341,"column":30}},"81":{"start":{"line":342,"column":4},"end":{"line":346,"column":5}},"82":{"start":{"line":343,"column":6},"end":{"line":345,"column":7}},"83":{"start":{"line":344,"column":8},"end":{"line":344,"column":27}},"84":{"start":{"line":347,"column":4},"end":{"line":347,"column":23}},"85":{"start":{"line":351,"column":25},"end":{"line":351,"column":76}},"86":{"start":{"line":351,"column":48},"end":{"line":351,"column":75}},"87":{"start":{"line":352,"column":4},"end":{"line":352,"column":76}},"88":{"start":{"line":356,"column":23},"end":{"line":358,"column":6}},"89":{"start":{"line":360,"column":23},"end":{"line":363,"column":6}},"90":{"start":{"line":365,"column":21},"end":{"line":365,"column":48}},"91":{"start":{"line":365,"column":43},"end":{"line":365,"column":47}},"92":{"start":{"line":367,"column":23},"end":{"line":371,"column":9}},"93":{"start":{"line":373,"column":23},"end":{"line":378,"column":10}},"94":{"start":{"line":380,"column":21},"end":{"line":380,"column":48}},"95":{"start":{"line":380,"column":43},"end":{"line":380,"column":47}},"96":{"start":{"line":382,"column":23},"end":{"line":386,"column":9}},"97":{"start":{"line":388,"column":4},"end":{"line":393,"column":6}},"98":{"start":{"line":397,"column":24},"end":{"line":402,"column":6}},"99":{"start":{"line":404,"column":4},"end":{"line":404,"column":69}},"100":{"start":{"line":404,"column":42},"end":{"line":404,"column":64}},"101":{"start":{"line":411,"column":4},"end":{"line":411,"column":33}},"102":{"start":{"line":418,"column":4},"end":{"line":418,"column":35}},"103":{"start":{"line":425,"column":4},"end":{"line":425,"column":41}},"104":{"start":{"line":433,"column":18},"end":{"line":445,"column":6}},"105":{"start":{"line":448,"column":24},"end":{"line":459,"column":22}},"106":{"start":{"line":449,"column":22},"end":{"line":456,"column":8}},"107":{"start":{"line":452,"column":22},"end":{"line":452,"column":44}},"108":{"start":{"line":457,"column":21},"end":{"line":457,"column":57}},"109":{"start":{"line":458,"column":22},"end":{"line":458,"column":51}},"110":{"start":{"line":461,"column":4},"end":{"line":464,"column":6}},"111":{"start":{"line":18,"column":13},"end":{"line":18,"column":29}},"112":{"start":{"line":18,"column":13},"end":{"line":466,"column":null}}},"fnMap":{"0":{"name":"(anonymous_2)","decl":{"start":{"line":19,"column":2},"end":{"line":19,"column":22}},"loc":{"start":{"line":19,"column":43},"end":{"line":19,"column":47}}},"1":{"name":"(anonymous_3)","decl":{"start":{"line":24,"column":2},"end":{"line":24,"column":7}},"loc":{"start":{"line":24,"column":31},"end":{"line":99,"column":3}}},"2":{"name":"(anonymous_4)","decl":{"start":{"line":58,"column":6},"end":{"line":58,"column":7}},"loc":{"start":{"line":58,"column":18},"end":{"line":58,"column":40}}},"3":{"name":"(anonymous_5)","decl":{"start":{"line":104,"column":2},"end":{"line":104,"column":7}},"loc":{"start":{"line":104,"column":33},"end":{"line":191,"column":3}}},"4":{"name":"(anonymous_6)","decl":{"start":{"line":116,"column":36},"end":{"line":116,"column":37}},"loc":{"start":{"line":116,"column":43},"end":{"line":116,"column":47}}},"5":{"name":"(anonymous_7)","decl":{"start":{"line":132,"column":36},"end":{"line":132,"column":37}},"loc":{"start":{"line":132,"column":43},"end":{"line":132,"column":47}}},"6":{"name":"(anonymous_8)","decl":{"start":{"line":159,"column":34},"end":{"line":159,"column":35}},"loc":{"start":{"line":159,"column":42},"end":{"line":163,"column":12}}},"7":{"name":"(anonymous_9)","decl":{"start":{"line":170,"column":34},"end":{"line":170,"column":35}},"loc":{"start":{"line":170,"column":42},"end":{"line":174,"column":12}}},"8":{"name":"(anonymous_10)","decl":{"start":{"line":173,"column":40},"end":{"line":173,"column":41}},"loc":{"start":{"line":173,"column":47},"end":{"line":173,"column":66}}},"9":{"name":"(anonymous_11)","decl":{"start":{"line":181,"column":34},"end":{"line":181,"column":35}},"loc":{"start":{"line":181,"column":42},"end":{"line":185,"column":12}}},"10":{"name":"(anonymous_12)","decl":{"start":{"line":184,"column":40},"end":{"line":184,"column":41}},"loc":{"start":{"line":184,"column":47},"end":{"line":184,"column":66}}},"11":{"name":"(anonymous_13)","decl":{"start":{"line":196,"column":2},"end":{"line":196,"column":7}},"loc":{"start":{"line":196,"column":52},"end":{"line":233,"column":3}}},"12":{"name":"(anonymous_14)","decl":{"start":{"line":218,"column":24},"end":{"line":218,"column":25}},"loc":{"start":{"line":218,"column":30},"end":{"line":223,"column":5}}},"13":{"name":"(anonymous_15)","decl":{"start":{"line":225,"column":52},"end":{"line":225,"column":53}},"loc":{"start":{"line":225,"column":73},"end":{"line":228,"column":6}}},"14":{"name":"(anonymous_16)","decl":{"start":{"line":230,"column":33},"end":{"line":230,"column":34}},"loc":{"start":{"line":230,"column":45},"end":{"line":230,"column":59}}},"15":{"name":"(anonymous_17)","decl":{"start":{"line":238,"column":2},"end":{"line":238,"column":7}},"loc":{"start":{"line":238,"column":38},"end":{"line":294,"column":3}}},"16":{"name":"(anonymous_18)","decl":{"start":{"line":251,"column":6},"end":{"line":251,"column":7}},"loc":{"start":{"line":251,"column":18},"end":{"line":251,"column":40}}},"17":{"name":"(anonymous_19)","decl":{"start":{"line":298,"column":10},"end":{"line":298,"column":15}},"loc":{"start":{"line":298,"column":53},"end":{"line":338,"column":3}}},"18":{"name":"(anonymous_20)","decl":{"start":{"line":305,"column":31},"end":{"line":305,"column":32}},"loc":{"start":{"line":305,"column":38},"end":{"line":305,"column":42}}},"19":{"name":"(anonymous_21)","decl":{"start":{"line":314,"column":31},"end":{"line":314,"column":32}},"loc":{"start":{"line":314,"column":38},"end":{"line":314,"column":42}}},"20":{"name":"(anonymous_22)","decl":{"start":{"line":323,"column":63},"end":{"line":323,"column":64}},"loc":{"start":{"line":323,"column":70},"end":{"line":323,"column":74}}},"21":{"name":"(anonymous_23)","decl":{"start":{"line":340,"column":10},"end":{"line":340,"column":25}},"loc":{"start":{"line":340,"column":40},"end":{"line":348,"column":3}}},"22":{"name":"(anonymous_24)","decl":{"start":{"line":350,"column":10},"end":{"line":350,"column":21}},"loc":{"start":{"line":350,"column":50},"end":{"line":353,"column":3}}},"23":{"name":"(anonymous_25)","decl":{"start":{"line":351,"column":41},"end":{"line":351,"column":42}},"loc":{"start":{"line":351,"column":48},"end":{"line":351,"column":75}}},"24":{"name":"(anonymous_26)","decl":{"start":{"line":355,"column":10},"end":{"line":355,"column":15}},"loc":{"start":{"line":355,"column":46},"end":{"line":394,"column":3}}},"25":{"name":"(anonymous_27)","decl":{"start":{"line":365,"column":36},"end":{"line":365,"column":37}},"loc":{"start":{"line":365,"column":43},"end":{"line":365,"column":47}}},"26":{"name":"(anonymous_28)","decl":{"start":{"line":380,"column":36},"end":{"line":380,"column":37}},"loc":{"start":{"line":380,"column":43},"end":{"line":380,"column":47}}},"27":{"name":"(anonymous_29)","decl":{"start":{"line":396,"column":10},"end":{"line":396,"column":15}},"loc":{"start":{"line":396,"column":60},"end":{"line":405,"column":3}}},"28":{"name":"(anonymous_30)","decl":{"start":{"line":404,"column":30},"end":{"line":404,"column":31}},"loc":{"start":{"line":404,"column":42},"end":{"line":404,"column":64}}},"29":{"name":"(anonymous_31)","decl":{"start":{"line":410,"column":2},"end":{"line":410,"column":7}},"loc":{"start":{"line":410,"column":40},"end":{"line":412,"column":3}}},"30":{"name":"(anonymous_32)","decl":{"start":{"line":417,"column":2},"end":{"line":417,"column":7}},"loc":{"start":{"line":417,"column":40},"end":{"line":419,"column":3}}},"31":{"name":"(anonymous_33)","decl":{"start":{"line":424,"column":2},"end":{"line":424,"column":7}},"loc":{"start":{"line":424,"column":62},"end":{"line":426,"column":3}}},"32":{"name":"(anonymous_34)","decl":{"start":{"line":431,"column":2},"end":{"line":431,"column":7}},"loc":{"start":{"line":431,"column":41},"end":{"line":465,"column":3}}},"33":{"name":"(anonymous_35)","decl":{"start":{"line":449,"column":11},"end":{"line":449,"column":12}},"loc":{"start":{"line":449,"column":22},"end":{"line":456,"column":8}}},"34":{"name":"(anonymous_36)","decl":{"start":{"line":452,"column":10},"end":{"line":452,"column":11}},"loc":{"start":{"line":452,"column":22},"end":{"line":452,"column":44}}},"35":{"name":"(anonymous_37)","decl":{"start":{"line":457,"column":14},"end":{"line":457,"column":15}},"loc":{"start":{"line":457,"column":21},"end":{"line":457,"column":57}}},"36":{"name":"(anonymous_38)","decl":{"start":{"line":458,"column":12},"end":{"line":458,"column":13}},"loc":{"start":{"line":458,"column":22},"end":{"line":458,"column":51}}}},"branchMap":{"0":{"loc":{"start":{"line":35,"column":4},"end":{"line":37,"column":5}},"type":"if","locations":[{"start":{"line":35,"column":4},"end":{"line":37,"column":5}}]},"1":{"loc":{"start":{"line":68,"column":14},"end":{"line":68,"column":67}},"type":"cond-expr","locations":[{"start":{"line":68,"column":25},"end":{"line":68,"column":43}},{"start":{"line":68,"column":46},"end":{"line":68,"column":67}}]},"2":{"loc":{"start":{"line":69,"column":18},"end":{"line":71,"column":13}},"type":"cond-expr","locations":[{"start":{"line":70,"column":10},"end":{"line":70,"column":72}},{"start":{"line":71,"column":10},"end":{"line":71,"column":13}}]},"3":{"loc":{"start":{"line":85,"column":16},"end":{"line":92,"column":14}},"type":"cond-expr","locations":[{"start":{"line":86,"column":10},"end":{"line":91,"column":null}},{"start":{"line":92,"column":10},"end":{"line":92,"column":14}}]},"4":{"loc":{"start":{"line":119,"column":23},"end":{"line":130,"column":10}},"type":"cond-expr","locations":[{"start":{"line":120,"column":8},"end":{"line":129,"column":10}},{"start":{"line":130,"column":8},"end":{"line":130,"column":10}}]},"5":{"loc":{"start":{"line":135,"column":23},"end":{"line":145,"column":10}},"type":"cond-expr","locations":[{"start":{"line":136,"column":8},"end":{"line":144,"column":10}},{"start":{"line":145,"column":8},"end":{"line":145,"column":10}}]},"6":{"loc":{"start":{"line":196,"column":35},"end":{"line":196,"column":52}},"type":"default-arg","locations":[{"start":{"line":196,"column":50},"end":{"line":196,"column":52}}]},"7":{"loc":{"start":{"line":220,"column":6},"end":{"line":222,"column":7}},"type":"if","locations":[{"start":{"line":220,"column":6},"end":{"line":222,"column":7}}]},"8":{"loc":{"start":{"line":246,"column":4},"end":{"line":248,"column":5}},"type":"if","locations":[{"start":{"line":246,"column":4},"end":{"line":248,"column":5}}]},"9":{"loc":{"start":{"line":258,"column":4},"end":{"line":260,"column":5}},"type":"if","locations":[{"start":{"line":258,"column":4},"end":{"line":260,"column":5}}]},"10":{"loc":{"start":{"line":270,"column":4},"end":{"line":279,"column":5}},"type":"if","locations":[{"start":{"line":270,"column":4},"end":{"line":279,"column":5}}]},"11":{"loc":{"start":{"line":307,"column":18},"end":{"line":312,"column":10}},"type":"cond-expr","locations":[{"start":{"line":308,"column":8},"end":{"line":311,"column":10}},{"start":{"line":312,"column":8},"end":{"line":312,"column":10}}]},"12":{"loc":{"start":{"line":316,"column":18},"end":{"line":321,"column":10}},"type":"cond-expr","locations":[{"start":{"line":317,"column":8},"end":{"line":320,"column":10}},{"start":{"line":321,"column":8},"end":{"line":321,"column":10}}]},"13":{"loc":{"start":{"line":325,"column":4},"end":{"line":325,"column":42}},"type":"if","locations":[{"start":{"line":325,"column":4},"end":{"line":325,"column":42}}]},"14":{"loc":{"start":{"line":337,"column":18},"end":{"line":337,"column":42}},"type":"binary-expr","locations":[{"start":{"line":337,"column":18},"end":{"line":337,"column":37}},{"start":{"line":337,"column":41},"end":{"line":337,"column":42}}]},"15":{"loc":{"start":{"line":343,"column":6},"end":{"line":345,"column":7}},"type":"if","locations":[{"start":{"line":343,"column":6},"end":{"line":345,"column":7}}]},"16":{"loc":{"start":{"line":352,"column":11},"end":{"line":352,"column":75}},"type":"cond-expr","locations":[{"start":{"line":352,"column":45},"end":{"line":352,"column":68}},{"start":{"line":352,"column":71},"end":{"line":352,"column":75}}]},"17":{"loc":{"start":{"line":367,"column":23},"end":{"line":371,"column":9}},"type":"cond-expr","locations":[{"start":{"line":368,"column":8},"end":{"line":370,"column":10}},{"start":{"line":371,"column":8},"end":{"line":371,"column":9}}]},"18":{"loc":{"start":{"line":373,"column":23},"end":{"line":378,"column":10}},"type":"cond-expr","locations":[{"start":{"line":374,"column":8},"end":{"line":377,"column":10}},{"start":{"line":378,"column":8},"end":{"line":378,"column":10}}]},"19":{"loc":{"start":{"line":382,"column":23},"end":{"line":386,"column":9}},"type":"cond-expr","locations":[{"start":{"line":383,"column":8},"end":{"line":385,"column":10}},{"start":{"line":386,"column":8},"end":{"line":386,"column":9}}]},"20":{"loc":{"start":{"line":424,"column":45},"end":{"line":424,"column":62}},"type":"default-arg","locations":[{"start":{"line":424,"column":60},"end":{"line":424,"column":62}}]},"21":{"loc":{"start":{"line":431,"column":23},"end":{"line":431,"column":41}},"type":"default-arg","locations":[{"start":{"line":431,"column":39},"end":{"line":431,"column":41}}]},"22":{"loc":{"start":{"line":457,"column":21},"end":{"line":457,"column":57}},"type":"binary-expr","locations":[{"start":{"line":457,"column":21},"end":{"line":457,"column":38}},{"start":{"line":457,"column":42},"end":{"line":457,"column":57}}]}},"s":{"0":1,"1":1,"2":1,"3":1,"4":1,"5":1,"6":0,"7":0,"8":0,"9":0,"10":0,"11":0,"12":0,"13":0,"14":0,"15":0,"16":0,"17":0,"18":0,"19":0,"20":0,"21":0,"22":0,"23":0,"24":0,"25":0,"26":0,"27":0,"28":0,"29":0,"30":0,"31":0,"32":0,"33":0,"34":0,"35":0,"36":0,"37":0,"38":0,"39":0,"40":0,"41":0,"42":0,"43":0,"44":0,"45":0,"46":0,"47":0,"48":0,"49":0,"50":0,"51":0,"52":0,"53":0,"54":0,"55":0,"56":0,"57":0,"58":0,"59":0,"60":0,"61":0,"62":0,"63":0,"64":0,"65":0,"66":0,"67":0,"68":0,"69":0,"70":0,"71":0,"72":0,"73":0,"74":0,"75":0,"76":0,"77":0,"78":0,"79":0,"80":0,"81":0,"82":0,"83":0,"84":0,"85":0,"86":0,"87":0,"88":0,"89":0,"90":0,"91":0,"92":0,"93":0,"94":0,"95":0,"96":0,"97":0,"98":0,"99":0,"100":0,"101":0,"102":0,"103":0,"104":0,"105":0,"106":0,"107":0,"108":0,"109":0,"110":0,"111":1,"112":1},"f":{"0":1,"1":0,"2":0,"3":0,"4":0,"5":0,"6":0,"7":0,"8":0,"9":0,"10":0,"11":0,"12":0,"13":0,"14":0,"15":0,"16":0,"17":0,"18":0,"19":0,"20":0,"21":0,"22":0,"23":0,"24":0,"25":0,"26":0,"27":0,"28":0,"29":0,"30":0,"31":0,"32":0,"33":0,"34":0,"35":0,"36":0},"b":{"0":[0],"1":[0,0],"2":[0,0],"3":[0,0],"4":[0,0],"5":[0,0],"6":[0],"7":[0],"8":[0],"9":[0],"10":[0],"11":[0,0],"12":[0,0],"13":[0],"14":[0,0],"15":[0],"16":[0,0],"17":[0,0],"18":[0,0],"19":[0,0],"20":[0],"21":[0],"22":[0,0]}}
,"/var/www/stek/backend/src/modules/auth/auth.controller.ts": {"path":"/var/www/stek/backend/src/modules/auth/auth.controller.ts","statementMap":{"0":{"start":{"line":1,"column":0},"end":{"line":1,"column":null}},"1":{"start":{"line":11,"column":0},"end":{"line":11,"column":99}},"2":{"start":{"line":12,"column":0},"end":{"line":12,"column":48}},"3":{"start":{"line":15,"column":7},"end":{"line":75,"column":null}},"4":{"start":{"line":16,"column":31},"end":{"line":16,"column":44}},"5":{"start":{"line":25,"column":4},"end":{"line":25,"column":42}},"6":{"start":{"line":35,"column":4},"end":{"line":35,"column":39}},"7":{"start":{"line":46,"column":4},"end":{"line":46,"column":47}},"8":{"start":{"line":59,"column":4},"end":{"line":59,"column":50}},"9":{"start":{"line":70,"column":4},"end":{"line":73,"column":6}},"10":{"start":{"line":15,"column":13},"end":{"line":15,"column":27}},"11":{"start":{"line":24,"column":8},"end":{"line":26,"column":null}},"12":{"start":{"line":34,"column":8},"end":{"line":36,"column":null}},"13":{"start":{"line":45,"column":8},"end":{"line":47,"column":null}},"14":{"start":{"line":56,"column":8},"end":{"line":60,"column":null}},"15":{"start":{"line":69,"column":8},"end":{"line":74,"column":null}},"16":{"start":{"line":15,"column":13},"end":{"line":75,"column":null}}},"fnMap":{"0":{"name":"(anonymous_4)","decl":{"start":{"line":16,"column":2},"end":{"line":16,"column":31}},"loc":{"start":{"line":16,"column":55},"end":{"line":16,"column":59}}},"1":{"name":"(anonymous_5)","decl":{"start":{"line":24,"column":2},"end":{"line":24,"column":7}},"loc":{"start":{"line":24,"column":41},"end":{"line":26,"column":3}}},"2":{"name":"(anonymous_6)","decl":{"start":{"line":34,"column":2},"end":{"line":34,"column":7}},"loc":{"start":{"line":34,"column":35},"end":{"line":36,"column":3}}},"3":{"name":"(anonymous_7)","decl":{"start":{"line":45,"column":2},"end":{"line":45,"column":7}},"loc":{"start":{"line":45,"column":28},"end":{"line":47,"column":3}}},"4":{"name":"(anonymous_8)","decl":{"start":{"line":56,"column":2},"end":{"line":56,"column":7}},"loc":{"start":{"line":56,"column":14},"end":{"line":60,"column":3}}},"5":{"name":"(anonymous_9)","decl":{"start":{"line":69,"column":2},"end":{"line":69,"column":7}},"loc":{"start":{"line":69,"column":29},"end":{"line":74,"column":3}}}},"branchMap":{},"s":{"0":1,"1":1,"2":1,"3":1,"4":1,"5":0,"6":0,"7":0,"8":0,"9":0,"10":1,"11":1,"12":1,"13":1,"14":1,"15":1,"16":1},"f":{"0":1,"1":0,"2":0,"3":0,"4":0,"5":0},"b":{}}
[...]
},"17":{"start":{"line":64,"column":21},"end":{"line":64,"column":35}},"18":{"start":{"line":65,"column":13},"end":{"line":68,"column":4}},"19":{"start":{"line":70,"column":19},"end":{"line":70,"column":37}},"20":{"start":{"line":71,"column":2},"end":{"line":71,"column":33}},"21":{"start":{"line":73,"column":18},"end":{"line":73,"column":46}},"22":{"start":{"line":75,"column":2},"end":{"line":80,"column":5}},"23":{"start":{"line":76,"column":4},"end":{"line":79,"column":7}},"24":{"start":{"line":77,"column":6},"end":{"line":77,"column":56}},"25":{"start":{"line":78,"column":6},"end":{"line":78,"column":16}},"26":{"start":{"line":85,"column":2},"end":{"line":85,"column":16}},"27":{"start":{"line":86,"column":2},"end":{"line":86,"column":81}},"28":{"start":{"line":87,"column":2},"end":{"line":87,"column":53}},"29":{"start":{"line":88,"column":2},"end":{"line":88,"column":81}},"30":{"start":{"line":90,"column":28},"end":{"line":90,"column":30}},"31":{"start":{"line":91,"column":37},"end":{"line":91,"column":39}},"32":{"start":{"line":92,"column":23},"end":{"line":92,"column":33}},"33":{"start":{"line":95,"column":21},"end":{"line":95,"column":23}},"34":{"start":{"line":97,"column":2},"end":{"line":149,"column":3}},"35":{"start":{"line":97,"column":19},"end":{"line":97,"column":20}},"36":{"start":{"line":98,"column":43},"end":{"line":98,"column":45}},"37":{"start":{"line":100,"column":4},"end":{"line":144,"column":5}},"38":{"start":{"line":100,"column":17},"end":{"line":100,"column":18}},"39":{"start":{"line":101,"column":23},"end":{"line":101,"column":45}},"40":{"start":{"line":103,"column":22},"end":{"line":141,"column":8}},"41":{"start":{"line":104,"column":26},"end":{"line":104,"column":36}},"42":{"start":{"line":105,"column":23},"end":{"line":108,"column":10}},"43":{"start":{"line":110,"column":35},"end":{"line":116,"column":10}},"44":{"start":{"line":118,"column":8},"end":{"line":123,"column":11}},"45":{"start":{"line":119,"column":10},"end":{"line":119,"column":33}},"46":{"start":{"line":120,"column":10},"end":{"line":120,"column":53}},"47":{"start":{"line":121,"column":10},"end":{"line":121,"column":36}},"48":{"start":{"line":122,"column":10},"end":{"line":122,"column":20}},"49":{"start":{"line":125,"column":8},"end":{"line":132,"column":11}},"50":{"start":{"line":126,"column":30},"end":{"line":126,"column":40}},"51":{"start":{"line":127,"column":10},"end":{"line":129,"column":11}},"52":{"start":{"line":128,"column":12},"end":{"line":128,"column":46}},"53":{"start":{"line":130,"column":10},"end":{"line":130,"column":43}},"54":{"start":{"line":131,"column":10},"end":{"line":131,"column":32}},"55":{"start":{"line":134,"column":8},"end":{"line":137,"column":11}},"56":{"start":{"line":135,"column":10},"end":{"line":135,"column":81}},"57":{"start":{"line":136,"column":10},"end":{"line":136,"column":20}},"58":{"start":{"line":139,"column":8},"end":{"line":139,"column":29}},"59":{"start":{"line":140,"column":8},"end":{"line":140,"column":32}},"60":{"start":{"line":143,"column":6},"end":{"line":143,"column":34}},"61":{"start":{"line":146,"column":4},"end":{"line":146,"column":37}},"62":{"start":{"line":147,"column":21},"end":{"line":147,"column":80}},"63":{"start":{"line":148,"column":4},"end":{"line":148,"column":106}},"64":{"start":{"line":151,"column":22},"end":{"line":151,"column":47}},"65":{"start":{"line":152,"column":2},"end":{"line":152,"column":16}},"66":{"start":{"line":153,"column":2},"end":{"line":153,"column":80}},"67":{"start":{"line":156,"column":2},"end":{"line":156,"column":57}},"68":{"start":{"line":156,"column":31},"end":{"line":156,"column":55}},"69":{"start":{"line":161,"column":2},"end":{"line":161,"column":16}},"70":{"start":{"line":162,"column":2},"end":{"line":162,"column":81}},"71":{"start":{"line":163,"column":2},"end":{"line":163,"column":54}},"72":{"start":{"line":164,"column":2},"end":{"line":164,"column":81}},"73":{"start":{"line":166,"column":35},"end":{"line":166,"column":37}},"74":{"start":{"line":167,"column":19},"end":{"line":167,"column":23}},"75":{"start":{"line":169,"column":2},"end":{"line":169,"column":114}},"76":{"start":{"line":171,"column":2},"end":{"line":188,"column":3}},"77":{"start":{"line":171,"column":18},"end":{"line":171,"column":19}},"78":{"start":{"line":172,"column":4},"end":{"line":172,"column":46}},"79":{"start":{"line":173,"column":21},"end":{"line":173,"column":31}},"80":{"start":{"line":174,"column":4},"end":{"line":174,"column":34}},"81":{"start":{"line":176,"column":4},"end":{"line":181,"column":7}},"82":{"start":{"line":183,"column":4},"end":{"line":183,"column":72}},"83":{"start":{"line":183,"column":33},"end":{"line":183,"column":70}},"84":{"start":{"line":185,"column":4},"end":{"line":187,"column":5}},"85":{"start":{"line":186,"column":6},"end":{"line":186,"column":83}},"86":{"start":{"line":190,"column":2},"end":{"line":190,"column":16}},"87":{"start":{"line":191,"column":2},"end":{"line":191,"column":59}},"88":{"start":{"line":194,"column":2},"end":{"line":194,"column":57}},"89":{"start":{"line":194,"column":31},"end":{"line":194,"column":55}},"90":{"start":{"line":199,"column":2},"end":{"line":199,"column":16}},"91":{"start":{"line":200,"column":2},"end":{"line":200,"column":81}},"92":{"start":{"line":201,"column":2},"end":{"line":201,"column":81}},"93":{"start":{"line":202,"column":2},"end":{"line":202,"column":81}},"94":{"start":{"line":203,"column":2},"end":{"line":203,"column":16}},"95":{"start":{"line":206,"column":27},"end":{"line":206,"column":70}},"96":{"start":{"line":206,"column":51},"end":{"line":206,"column":62}},"97":{"start":{"line":207,"column":25},"end":{"line":207,"column":100}},"98":{"start":{"line":207,"column":56},"end":{"line":207,"column":75}},"99":{"start":{"line":208,"column":25},"end":{"line":208,"column":73}},"100":{"start":{"line":208,"column":58},"end":{"line":208,"column":71}},"101":{"start":{"line":209,"column":25},"end":{"line":209,"column":98}},"102":{"start":{"line":209,"column":61},"end":{"line":209,"column":72}},"103":{"start":{"line":209,"column":83},"end":{"line":209,"column":96}},"104":{"start":{"line":211,"column":2},"end":{"line":211,"column":42}},"105":{"start":{"line":212,"column":2},"end":{"line":212,"column":81}},"106":{"start":{"line":213,"column":2},"end":{"line":213,"column":60}},"107":{"start":{"line":214,"column":2},"end":{"line":214,"column":63}},"108":{"start":{"line":215,"column":2},"end":{"line":215,"column":79}},"109":{"start":{"line":216,"column":2},"end":{"line":216,"column":74}},"110":{"start":{"line":217,"column":2},"end":{"line":217,"column":63}},"111":{"start":{"line":218,"column":2},"end":{"line":218,"column":63}},"112":{"start":{"line":219,"column":2},"end":{"line":219,"column":16}},"113":{"start":{"line":222,"column":27},"end":{"line":222,"column":71}},"114":{"start":{"line":222,"column":51},"end":{"line":222,"column":70}},"115":{"start":{"line":223,"column":27},"end":{"line":223,"column":114}},"116":{"start":{"line":223,"column":63},"end":{"line":223,"column":84}},"117":{"start":{"line":224,"column":27},"end":{"line":224,"column":82}},"118":{"start":{"line":224,"column":65},"end":{"line":224,"column":80}},"119":{"start":{"line":225,"column":27},"end":{"line":225,"column":82}},"120":{"start":{"line":225,"column":65},"end":{"line":225,"column":80}},"121":{"start":{"line":227,"column":2},"end":{"line":227,"column":38}},"122":{"start":{"line":228,"column":2},"end":{"line":228,"column":81}},"123":{"start":{"line":229,"column":2},"end":{"line":229,"column":90}},"124":{"start":{"line":230,"column":2},"end":{"line":230,"column":97}},"125":{"start":{"line":231,"column":2},"end":{"line":231,"column":63}},"126":{"start":{"line":232,"column":2},"end":{"line":232,"column":63}},"127":{"start":{"line":233,"column":2},"end":{"line":233,"column":16}},"128":{"start":{"line":236,"column":25},"end":{"line":239,"column":26}},"129":{"start":{"line":237,"column":17},"end":{"line":237,"column":32}},"130":{"start":{"line":238,"column":14},"end":{"line":238,"column":30}},"131":{"start":{"line":239,"column":20},"end":{"line":239,"column":25}},"132":{"start":{"line":241,"column":22},"end":{"line":241,"column":23}},"133":{"start":{"line":242,"column":24},"end":{"line":242,"column":25}},"134":{"start":{"line":243,"column":23},"end":{"line":243,"column":24}},"135":{"start":{"line":245,"column":2},"end":{"line":249,"column":3}},"136":{"start":{"line":246,"column":4},"end":{"line":246,"column":40}},"137":{"start":{"line":247,"column":4},"end":{"line":247,"column":63}},"138":{"start":{"line":248,"column":4},"end":{"line":248,"column":53}},"139":{"start":{"line":251,"column":2},"end":{"line":251,"column":39}},"140":{"start":{"line":252,"column":2},"end":{"line":252,"column":81}},"141":{"start":{"line":253,"column":2},"end":{"line":253,"column":84}},"142":{"start":{"line":254,"column":2},"end":{"line":254,"column":97}},"143":{"start":{"line":255,"column":2},"end":{"line":255,"column":62}},"144":{"start":{"line":256,"column":2},"end":{"line":256,"column":50}},"145":{"start":{"line":257,"column":2},"end":{"line":257,"column":16}},"146":{"start":{"line":262,"column":2},"end":{"line":262,"column":34}},"147":{"start":{"line":263,"column":2},"end":{"line":263,"column":81}},"148":{"start":{"line":265,"column":23},"end":{"line":265,"column":57}},"149":{"start":{"line":266,"column":27},"end":{"line":266,"column":77}},"150":{"start":{"line":267,"column":28},"end":{"line":267,"column":46}},"151":{"start":{"line":269,"column":2},"end":{"line":269,"column":110}},"152":{"start":{"line":270,"column":2},"end":{"line":270,"column":141}},"153":{"start":{"line":271,"column":2},"end":{"line":271,"column":97}},"154":{"start":{"line":272,"column":2},"end":{"line":272,"column":16}},"155":{"start":{"line":277,"column":2},"end":{"line":277,"column":81}},"156":{"start":{"line":279,"column":20},"end":{"line":279,"column":73}},"157":{"start":{"line":281,"column":2},"end":{"line":293,"column":3}},"158":{"start":{"line":282,"column":4},"end":{"line":282,"column":47}},"159":{"start":{"line":283,"column":4},"end":{"line":283,"column":87}},"160":{"start":{"line":284,"column":4},"end":{"line":284,"column":75}},"161":{"start":{"line":285,"column":4},"end":{"line":285,"column":56}},"162":{"start":{"line":286,"column":9},"end":{"line":293,"column":3}},"163":{"start":{"line":287,"column":4},"end":{"line":287,"column":60}},"164":{"start":{"line":288,"column":4},"end":{"line":288,"column":77}},"165":{"start":{"line":289,"column":4},"end":{"line":289,"column":63}},"166":{"start":{"line":291,"column":4},"end":{"line":291,"column":46}},"167":{"start":{"line":292,"column":4},"end":{"line":292,"column":68}},"168":{"start":{"line":295,"column":2},"end":{"line":295,"column":81}},"169":{"start":{"line":300,"column":2},"end":{"line":300,"column":16}},"170":{"start":{"line":301,"column":2},"end":{"line":301,"column":37}},"171":{"start":{"line":304,"column":2},"end":{"line":306,"column":3}},"172":{"start":{"line":305,"column":4},"end":{"line":305,"column":24}},"173":{"start":{"line":309,"column":2},"end":{"line":311,"column":5}},"174":{"start":{"line":310,"column":4},"end":{"line":310,"column":38}},"175":{"start":{"line":310,"column":27},"end":{"line":310,"column":36}},"176":{"start":{"line":313,"column":2},"end":{"line":313,"column":38}},"177":{"start":{"line":315,"column":2},"end":{"line":315,"column":34}},"178":{"start":{"line":319,"column":0},"end":{"line":319,"column":37}}},"fnMap":{"0":{"name":"runSocketTest","decl":{"start":{"line":50,"column":15},"end":{"line":50,"column":28}},"loc":{"start":{"line":50,"column":28},"end":{"line":316,"column":1}}},"1":{"name":"(anonymous_1)","decl":{"start":{"line":75,"column":26},"end":{"line":75,"column":27}},"loc":{"start":{"line":75,"column":38},"end":{"line":80,"column":3}}},"2":{"name":"(anonymous_2)","decl":{"start":{"line":76,"column":28},"end":{"line":76,"column":31}},"loc":{"start":{"line":76,"column":33},"end":{"line":79,"column":5}}},"3":{"name":"(anonymous_3)","decl":{"start":{"line":103,"column":40},"end":{"line":103,"column":41}},"loc":{"start":{"line":103,"column":52},"end":{"line":141,"column":7}}},"4":{"name":"(anonymous_4)","decl":{"start":{"line":118,"column":29},"end":{"line":118,"column":32}},"loc":{"start":{"line":118,"column":34},"end":{"line":123,"column":9}}},"5":{"name":"(anonymous_5)","decl":{"start":{"line":125,"column":32},"end":{"line":125,"column":33}},"loc":{"start":{"line":125,"column":65},"end":{"line":132,"column":9}}},"6":{"name":"(anonymous_6)","decl":{"start":{"line":134,"column":35},"end":{"line":134,"column":36}},"loc":{"start":{"line":134,"column":43},"end":{"line":137,"column":9}}},"7":{"name":"(anonymous_7)","decl":{"start":{"line":156,"column":20},"end":{"line":156,"column":27}},"loc":{"start":{"line":156,"column":31},"end":{"line":156,"column":55}}},"8":{"name":"(anonymous_8)","decl":{"start":{"line":183,"column":22},"end":{"line":183,"column":29}},"loc":{"start":{"line":183,"column":33},"end":{"line":183,"column":70}}},"9":{"name":"(anonymous_9)","decl":{"start":{"line":194,"column":20},"end":{"line":194,"column":27}},"loc":{"start":{"line":194,"column":31},"end":{"line":194,"column":55}}},"10":{"name":"(anonymous_10)","decl":{"start":{"line":206,"column":46},"end":{"line":206,"column":47}},"loc":{"start":{"line":206,"column":51},"end":{"line":206,"column":62}}},"11":{"name":"(anonymous_11)","decl":{"start":{"line":207,"column":44},"end":{"line":207,"column":45}},"loc":{"start":{"line":207,"column":56},"end":{"line":207,"column":75}}},"12":{"name":"(anonymous_12)","decl":{"start":{"line":208,"column":53},"end":{"line":208,"column":54}},"loc":{"start":{"line":208,"column":58},"end":{"line":208,"column":71}}},"13":{"name":"(anonymous_13)","decl":{"start":{"line":209,"column":56},"end":{"line":209,"column":57}},"loc":{"start":{"line":209,"column":61},"end":{"line":209,"column":72}}},"14":{"name":"(anonymous_14)","decl":{"start":{"line":209,"column":78},"end":{"line":209,"column":79}},"loc":{"start":{"line":209,"column":83},"end":{"line":209,"column":96}}},"15":{"name":"(anonymous_15)","decl":{"start":{"line":222,"column":46},"end":{"line":222,"column":47}},"loc":{"start":{"line":222,"column":51},"end":{"line":222,"column":70}}},"16":{"name":"(anonymous_16)","decl":{"start":{"line":223,"column":51},"end":{"line":223,"column":52}},"loc":{"start":{"line":223,"column":63},"end":{"line":223,"column":84}}},"17":{"name":"(anonymous_17)","decl":{"start":{"line":224,"column":60},"end":{"line":224,"column":61}},"loc":{"start":{"line":224,"column":65},"end":{"line":224,"column":80}}},"18":{"name":"(anonymous_18)","decl":{"start":{"line":225,"column":60},"end":{"line":225,"column":61}},"loc":{"start":{"line":225,"column":65},"end":{"line":225,"column":80}}},"19":{"name":"(anonymous_19)","decl":{"start":{"line":237,"column":12},"end":{"line":237,"column":13}},"loc":{"start":{"line":237,"column":17},"end":{"line":237,"column":32}}},"20":{"name":"(anonymous_20)","decl":{"start":{"line":238,"column":9},"end":{"line":238,"column":10}},"loc":{"start":{"line":238,"column":14},"end":{"line":238,"column":30}}},"21":{"name":"(anonymous_21)","decl":{"start":{"line":239,"column":10},"end":{"line":239,"column":11}},"loc":{"start":{"line":239,"column":20},"end":{"line":239,"column":25}}},"22":{"name":"(anonymous_22)","decl":{"start":{"line":309,"column":26},"end":{"line":309,"column":27}},"loc":{"start":{"line":309,"column":38},"end":{"line":311,"column":3}}},"23":{"name":"(anonymous_23)","decl":{"start":{"line":310,"column":21},"end":{"line":310,"column":24}},"loc":{"start":{"line":310,"column":27},"end":{"line":310,"column":36}}}},"branchMap":{"0":{"loc":{"start":{"line":127,"column":10},"end":{"line":129,"column":11}},"type":"if","locations":[{"start":{"line":127,"column":10},"end":{"line":129,"column":11}}]},"1":{"loc":{"start":{"line":185,"column":4},"end":{"line":187,"column":5}},"type":"if","locations":[{"start":{"line":185,"column":4},"end":{"line":187,"column":5}}]},"2":{"loc":{"start":{"line":245,"column":2},"end":{"line":249,"column":3}},"type":"if","locations":[{"start":{"line":245,"column":2},"end":{"line":249,"column":3}}]},"3":{"loc":{"start":{"line":253,"column":43},"end":{"line":253,"column":80}},"type":"cond-expr","locations":[{"start":{"line":253,"column":65},"end":{"line":253,"column":72}},{"start":{"line":253,"column":75},"end":{"line":253,"column":80}}]},"4":{"loc":{"start":{"line":254,"column":43},"end":{"line":254,"column":93}},"type":"cond-expr","locations":[{"start":{"line":254,"column":63},"end":{"line":254,"column":85}},{"start":{"line":254,"column":88},"end":{"line":254,"column":93}}]},"5":{"loc":{"start":{"line":269,"column":21},"end":{"line":269,"column":46}},"type":"cond-expr","locations":[{"start":{"line":269,"column":36},"end":{"line":269,"column":39}},{"start":{"line":269,"column":42},"end":{"line":269,"column":46}}]},"6":{"loc":{"start":{"line":270,"column":21},"end":{"line":270,"column":50}},"type":"cond-expr","locations":[{"start":{"line":270,"column":40},"end":{"line":270,"column":43}},{"start":{"line":270,"column":46},"end":{"line":270,"column":50}}]},"7":{"loc":{"start":{"line":271,"column":21},"end":{"line":271,"column":51}},"type":"cond-expr","locations":[{"start":{"line":271,"column":41},"end":{"line":271,"column":44}},{"start":{"line":271,"column":47},"end":{"line":271,"column":51}}]},"8":{"loc":{"start":{"line":279,"column":20},"end":{"line":279,"column":73}},"type":"binary-expr","locations":[{"start":{"line":279,"column":20},"end":{"line":279,"column":32}},{"start":{"line":279,"column":36},"end":{"line":279,"column":52}},{"start":{"line":279,"column":56},"end":{"line":279,"column":73}}]},"9":{"loc":{"start":{"line":281,"column":2},"end":{"line":293,"column":3}},"type":"if","locations":[{"start":{"line":281,"column":2},"end":{"line":293,"column":3}},{"start":{"line":286,"column":9},"end":{"line":293,"column":3}}]},"10":{"loc":{"start":{"line":286,"column":9},"end":{"line":293,"column":3}},"type":"if","locations":[{"start":{"line":286,"column":9},"end":{"line":293,"column":3}},{"start":{"line":290,"column":9},"end":{"line":293,"column":3}}]},"11":{"loc":{"start":{"line":315,"column":15},"end":{"line":315,"column":32}},"type":"cond-expr","locations":[{"start":{"line":315,"column":27},"end":{"line":315,"column":28}},{"start":{"line":315,"column":31},"end":{"line":315,"column":32}}]}},"s":{"0":0,"1":0,"2":0,"3":0,"4":0,"5":0,"6":0,"7":0,"8":0,"9":0,"10":0,"11":0,"12":0,"13":0,"14":0,"15":0,"16":0,"17":0,"18":0,"19":0,"20":0,"21":0,"22":0,"23":0,"24":0,"25":0,"26":0,"27":0,"28":0,"29":0,"30":0,"31":0,"32":0,"33":0,"34":0,"35":0,"36":0,"37":0,"38":0,"39":0,"40":0,"41":0,"42":0,"43":0,"44":0,"45":0,"46":0,"47":0,"48":0,"49":0,"50":0,"51":0,"52":0,"53":0,"54":0,"55":0,"56":0,"57":0,"58":0,"59":0,"60":0,"61":0,"62":0,"63":0,"64":0,"65":0,"66":0,"67":0,"68":0,"69":0,"70":0,"71":0,"72":0,"73":0,"74":0,"75":0,"76":0,"77":0,"78":0,"79":0,"80":0,"81":0,"82":0,"83":0,"84":0,"85":0,"86":0,"87":0,"88":0,"89":0,"90":0,"91":0,"92":0,"93":0,"94":0,"95":0,"96":0,"97":0,"98":0,"99":0,"100":0,"101":0,"102":0,"103":0,"104":0,"105":0,"106":0,"107":0,"108":0,"109":0,"110":0,"111":0,"112":0,"113":0,"114":0,"115":0,"116":0,"117":0,"118":0,"119":0,"120":0,"121":0,"122":0,"123":0,"124":0,"125":0,"126":0,"127":0,"128":0,"129":0,"130":0,"131":0,"132":0,"133":0,"134":0,"135":0,"136":0,"137":0,"138":0,"139":0,"140":0,"141":0,"142":0,"143":0,"144":0,"145":0,"146":0,"147":0,"148":0,"149":0,"150":0,"151":0,"152":0,"153":0,"154":0,"155":0,"156":0,"157":0,"158":0,"159":0,"160":0,"161":0,"162":0,"163":0,"164":0,"165":0,"166":0,"167":0,"168":0,"169":0,"170":0,"171":0,"172":0,"173":0,"174":0,"175":0,"176":0,"177":0,"178":0},"f":{"0":0,"1":0,"2":0,"3":0,"4":0,"5":0,"6":0,"7":0,"8":0,"9":0,"10":0,"11":0,"12":0,"13":0,"14":0,"15":0,"16":0,"17":0,"18":0,"19":0,"20":0,"21":0,"22":0,"23":0},"b":{"0":[0],"1":[0],"2":[0],"3":[0,0],"4":[0,0],"5":[0,0],"6":[0,0],"7":[0,0],"8":[0,0,0],"9":[0,0],"10":[0,0],"11":[0,0]}}
}
