TN:
SF:src/gateway/app.gateway.ts
FN:42,(anonymous_0)
FN:47,(anonymous_1)
FN:50,(anonymous_2)
FN:62,(anonymous_3)
FN:77,(anonymous_4)
FN:81,(anonymous_5)
FN:86,(anonymous_6)
FN:95,(anonymous_7)
FN:99,(anonymous_8)
FN:108,(anonymous_9)
FN:180,(anonymous_10)
FN:191,(anonymous_11)
FN:195,(anonymous_12)
FN:200,(anonymous_13)
FN:209,(anonymous_14)
FN:235,(anonymous_15)
FN:266,(anonymous_16)
FN:271,(anonymous_17)
FN:291,(anonymous_18)
FN:293,(anonymous_19)
FN:299,(anonymous_20)
FN:305,(anonymous_21)
FN:311,(anonymous_22)
FN:317,(anonymous_23)
FN:322,(anonymous_24)
FN:335,(anonymous_25)
FN:347,(anonymous_26)
FN:356,(anonymous_27)
FN:408,(anonymous_28)
FN:415,(anonymous_29)
FN:422,(anonymous_30)
FN:429,(anonymous_31)
FN:440,(anonymous_32)
FN:447,(anonymous_33)
FN:454,(anonymous_34)
FN:462,(anonymous_35)
FN:464,(anonymous_36)
FN:469,(anonymous_37)
FN:474,(anonymous_38)
FN:479,(anonymous_39)
FN:484,(anonymous_40)
FN:496,(anonymous_41)
FN:506,(anonymous_42)
FN:513,(anonymous_43)
FN:521,(anonymous_44)
FN:532,(anonymous_45)
FN:539,(anonymous_46)
FN:548,createGateway
FNF:48
FNH:0
FNDA:0,(anonymous_0)
FNDA:0,(anonymous_1)
FNDA:0,(anonymous_2)
FNDA:0,(anonymous_3)
FNDA:0,(anonymous_4)
FNDA:0,(anonymous_5)
FNDA:0,(anonymous_6)
FNDA:0,(anonymous_7)
FNDA:0,(anonymous_8)
FNDA:0,(anonymous_9)
FNDA:0,(anonymous_10)
FNDA:0,(anonymous_11)
FNDA:0,(anonymous_12)
FNDA:0,(anonymous_13)
FNDA:0,(anonymous_14)
FNDA:0,(anonymous_15)
FNDA:0,(anonymous_16)
FNDA:0,(anonymous_17)
FNDA:0,(anonymous_18)
FNDA:0,(anonymous_19)
FNDA:0,(anonymous_20)
FNDA:0,(anonymous_21)
FNDA:0,(anonymous_22)
FNDA:0,(anonymous_23)
FNDA:0,(anonymous_24)
FNDA:0,(anonymous_25)
FNDA:0,(anonymous_26)
FNDA:0,(anonymous_27)
FNDA:0,(anonymous_28)
FNDA:0,(anonymous_29)
FNDA:0,(anonymous_30)
FNDA:0,(anonymous_31)
FNDA:0,(anonymous_32)
FNDA:0,(anonymous_33)
FNDA:0,(anonymous_34)
FNDA:0,(anonymous_35)
FNDA:0,(anonymous_36)
FNDA:0,(anonymous_37)
FNDA:0,(anonymous_38)
FNDA:0,(anonymous_39)
FNDA:0,(anonymous_40)
FNDA:0,(anonymous_41)
FNDA:0,(anonymous_42)
FNDA:0,(anonymous_43)
FNDA:0,(anonymous_44)
FNDA:0,(anonymous_45)
FNDA:0,(anonymous_46)
FNDA:0,createGateway
DA:20,0
DA:21,0
DA:36,0
DA:39,0
DA:40,0
DA:43,0
DA:44,0
DA:47,0
DA:51,0
DA:52,0
DA:55,0
DA:56,0
DA:57,0
DA:58,0
DA:62,0
DA:63,0
DA:66,0
DA:67,0
DA:68,0
DA:72,0
DA:73,0
DA:74,0
DA:78,0
DA:82,0
DA:83,0
DA:85,0
DA:86,0
DA:87,0
DA:88,0
DA:90,0
DA:96,0
DA:100,0
DA:101,0
DA:109,0
DA:110,0
DA:157,0
DA:158,0
DA:159,0
DA:165,0
DA:168,0
DA:169,0
DA:170,0
DA:173,0
DA:181,0
DA:182,0
DA:183,0
DA:184,0
DA:192,0
DA:195,0
DA:196,0
DA:200,0
DA:201,0
DA:210,0
DA:212,0
DA:214,0
DA:215,0
DA:216,0
DA:217,0
DA:220,0
DA:221,0
DA:222,0
DA:223,0
DA:224,0
DA:225,0
DA:227,0
DA:237,0
DA:238,0
DA:239,0
DA:240,0
DA:243,0
DA:244,0
DA:245,0
DA:247,0
DA:250,0
DA:254,0
DA:257,0
DA:266,0
DA:267,0
DA:272,0
DA:273,0
DA:276,0
DA:279,0
DA:280,0
DA:281,0
DA:282,0
DA:293,0
DA:294,0
DA:295,0
DA:299,0
DA:300,0
DA:301,0
DA:305,0
DA:306,0
DA:307,0
DA:311,0
DA:312,0
DA:313,0
DA:317,0
DA:318,0
DA:322,0
DA:323,0
DA:324,0
DA:325,0
DA:327,0
DA:335,0
DA:336,0
DA:337,0
DA:338,0
DA:340,0
DA:347,0
DA:348,0
DA:358,0
DA:359,0
DA:360,0
DA:364,0
DA:365,0
DA:370,0
DA:374,0
DA:375,0
DA:376,0
DA:379,0
DA:380,0
DA:381,0
DA:385,0
DA:389,0
DA:397,0
DA:409,0
DA:416,0
DA:423,0
DA:430,0
DA:441,0
DA:448,0
DA:455,0
DA:464,0
DA:465,0
DA:469,0
DA:470,0
DA:474,0
DA:475,0
DA:479,0
DA:480,0
DA:484,0
DA:485,0
DA:497,0
DA:507,0
DA:514,0
DA:515,0
DA:522,0
DA:533,0
DA:540,0
DA:548,0
DA:549,0
DA:552,0
LF:153
LH:0
BRDA:42,0,0,0
BRDA:42,1,0,0
BRDA:56,2,0,0
BRDA:66,3,0,0
BRDA:87,4,0,0
BRDA:87,4,1,0
BRDA:104,5,0,0
BRDA:104,5,1,0
BRDA:157,6,0,0
BRDA:157,6,1,0
BRDA:182,7,0,0
BRDA:182,7,1,0
BRDA:210,8,0,0
BRDA:210,8,1,0
BRDA:212,9,0,0
BRDA:243,10,0,0
BRDA:243,11,0,0
BRDA:243,11,1,0
BRDA:244,12,0,0
BRDA:279,13,0,0
BRDA:279,14,0,0
BRDA:279,14,1,0
BRDA:281,15,0,0
BRDA:323,16,0,0
BRDA:336,17,0,0
BRDA:358,18,0,0
BRDA:364,19,0,0
BRDA:374,20,0,0
BRDA:374,21,0,0
BRDA:374,21,1,0
BRDA:380,22,0,0
BRDA:380,23,0,0
BRDA:380,23,1,0
BRDA:394,24,0,0
BRDA:394,24,1,0
BRF:35
BRH:0
end_of_record
TN:
SF:src/gateway/socket.integration.ts
FN:53,(anonymous_0)
FN:58,(anonymous_1)
FN:72,(anonymous_2)
FN:79,(anonymous_3)
FN:86,(anonymous_4)
FN:93,(anonymous_5)
FN:104,(anonymous_6)
FN:115,(anonymous_7)
FN:122,(anonymous_8)
FN:135,(anonymous_9)
FN:142,(anonymous_10)
FN:155,(anonymous_11)
FN:167,(anonymous_12)
FN:180,(anonymous_13)
FN:192,(anonymous_14)
FN:204,(anonymous_15)
FN:211,(anonymous_16)
FN:223,(anonymous_17)
FN:230,(anonymous_18)
FNF:19
FNH:0
FNDA:0,(anonymous_0)
FNDA:0,(anonymous_1)
FNDA:0,(anonymous_2)
FNDA:0,(anonymous_3)
FNDA:0,(anonymous_4)
FNDA:0,(anonymous_5)
FNDA:0,(anonymous_6)
FNDA:0,(anonymous_7)
FNDA:0,(anonymous_8)
FNDA:0,(anonymous_9)
FNDA:0,(anonymous_10)
FNDA:0,(anonymous_11)
FNDA:0,(anonymous_12)
FNDA:0,(anonymous_13)
FNDA:0,(anonymous_14)
FNDA:0,(anonymous_15)
FNDA:0,(anonymous_16)
FNDA:0,(anonymous_17)
FNDA:0,(anonymous_18)
DA:9,0
DA:54,0
DA:55,0
DA:59,0
DA:60,0
DA:62,0
DA:73,0
DA:80,0
DA:87,0
DA:94,0
DA:105,0
DA:116,0
DA:123,0
DA:131,0
DA:133,0
DA:136,0
DA:143,0
DA:144,0
DA:156,0
DA:168,0
DA:181,0
DA:193,0
DA:205,0
DA:212,0
DA:220,0
DA:224,0
DA:238,0
DA:253,0
DA:254,0
DA:255,0
DA:257,0
LF:31
LH:0
BRDA:59,0,0,0
BRF:1
BRH:0
end_of_record
TN:
SF:src/integration/api-key.guard.ts
FN:11,(anonymous_1)
FNF:1
FNH:1
FNDA:37,(anonymous_1)
DA:1,1
DA:10,1
DA:12,37
DA:13,37
DA:15,37
DA:16,1
DA:19,36
DA:21,36
DA:22,0
DA:25,36
DA:26,1
DA:29,35
LF:12
LH:11
BRDA:15,0,0,1
BRDA:21,1,0,0
BRDA:25,2,0,1
BRF:3
BRH:2
end_of_record
TN:
SF:src/integration/integration.controller.ts
FN:24,(anonymous_4)
FN:32,(anonymous_5)
FN:43,(anonymous_6)
FN:59,(anonymous_7)
FN:72,(anonymous_8)
FNF:5
FNH:5
FNDA:1,(anonymous_4)
FNDA:21,(anonymous_5)
FNDA:11,(anonymous_6)
FNDA:2,(anonymous_7)
FNDA:1,(anonymous_8)
DA:1,1
DA:10,1
DA:11,1
DA:12,1
DA:21,1
DA:22,1
DA:24,1
DA:32,1
DA:33,21
DA:34,21
DA:43,1
DA:46,11
DA:50,11
DA:59,1
DA:62,2
DA:63,2
DA:72,1
DA:73,1
LF:18
LH:18
BRF:0
BRH:0
end_of_record
TN:
SF:src/integration/integration.dto.ts
FN:3,(anonymous_2)
FN:19,(anonymous_3)
FN:25,(anonymous_4)
FN:60,(anonymous_5)
FNF:4
FNH:4
FNDA:21,(anonymous_2)
FNDA:1,(anonymous_3)
FNDA:11,(anonymous_4)
FNDA:1,(anonymous_5)
DA:1,1
DA:3,1
DA:5,1
DA:9,21
DA:12,1
DA:19,1
DA:20,1
DA:21,1
DA:22,1
DA:25,1
DA:27,1
DA:31,1
DA:34,1
DA:37,1
DA:40,1
DA:44,1
DA:48,11
DA:51,1
DA:60,1
DA:61,1
DA:62,1
DA:63,1
DA:64,1
DA:65,1
DA:66,1
DA:67,1
LF:26
LH:26
BRDA:19,0,0,1
BRDA:19,0,1,1
BRDA:60,1,0,1
BRDA:60,1,1,1
BRF:4
BRH:4
end_of_record
TN:
SF:src/integration/integration.service.ts
FN:18,(anonymous_2)
FN:23,(anonymous_3)
FN:74,(anonymous_4)
FN:178,(anonymous_5)
FN:231,(anonymous_6)
FN:254,(anonymous_7)
FN:296,(anonymous_8)
FNF:7
FNH:7
FNDA:1,(anonymous_2)
FNDA:21,(anonymous_3)
FNDA:11,(anonymous_4)
FNDA:8,(anonymous_5)
FNDA:2,(anonymous_6)
FNDA:1,(anonymous_7)
FNDA:31,(anonymous_8)
DA:1,1
DA:2,1
DA:3,1
DA:4,1
DA:5,1
DA:15,1
DA:16,1
DA:18,1
DA:24,21
DA:26,21
DA:28,21
DA:37,21
DA:38,1
DA:45,20
DA:46,0
DA:52,20
DA:53,20
DA:55,20
DA:57,20
DA:63,0
DA:64,0
DA:75,11
DA:77,11
DA:81,11
DA:82,1
DA:85,1
DA:93,10
DA:96,10
DA:105,10
DA:106,1
DA:114,9
DA:115,0
DA:122,9
DA:125,9
DA:126,0
DA:136,9
DA:141,9
DA:144,8
DA:145,1
DA:148,1
DA:154,7
DA:155,7
DA:156,7
DA:159,1
DA:160,1
DA:161,1
DA:164,0
DA:166,0
DA:167,0
DA:170,0
DA:178,8
DA:180,8
DA:186,8
DA:205,8
DA:208,8
DA:213,8
DA:219,0
DA:220,0
DA:232,2
DA:233,2
DA:238,2
DA:239,1
DA:245,1
DA:246,0
DA:254,1
DA:256,1
DA:262,1
DA:273,1
DA:276,1
DA:278,1
DA:284,0
DA:285,0
DA:297,31
DA:303,31
LF:74
LH:60
BRDA:26,0,0,21
BRDA:26,0,1,0
BRDA:37,1,0,1
BRDA:45,2,0,0
BRDA:45,3,0,20
BRDA:45,3,1,20
BRDA:53,4,0,20
BRDA:53,4,1,0
BRDA:60,5,0,20
BRDA:60,5,1,0
BRDA:81,6,0,1
BRDA:93,7,0,10
BRDA:93,7,1,0
BRDA:105,8,0,1
BRDA:114,9,0,0
BRDA:114,10,0,9
BRDA:114,10,1,9
BRDA:125,11,0,0
BRDA:141,12,0,8
BRDA:141,12,1,1
BRDA:141,12,2,0
BRDA:141,12,3,0
BRDA:144,13,0,1
BRDA:238,14,0,1
BRDA:245,15,0,0
BRDA:303,16,0,31
BRDA:303,16,1,0
BRF:27
BRH:16
end_of_record
TN:
SF:src/modules/affiliate/affiliate.controller.ts
FN:18,(anonymous_4)
FN:25,(anonymous_5)
FN:42,(anonymous_6)
FN:59,(anonymous_7)
FN:76,(anonymous_8)
FN:93,(anonymous_9)
FNF:6
FNH:1
FNDA:1,(anonymous_4)
FNDA:0,(anonymous_5)
FNDA:0,(anonymous_6)
FNDA:0,(anonymous_7)
FNDA:0,(anonymous_8)
FNDA:0,(anonymous_9)
DA:3,1
DA:12,1
DA:13,1
DA:17,1
DA:18,1
DA:25,1
DA:26,0
DA:27,0
DA:28,0
DA:30,0
DA:42,1
DA:43,0
DA:44,0
DA:45,0
DA:47,0
DA:59,1
DA:60,0
DA:61,0
DA:62,0
DA:64,0
DA:76,1
DA:77,0
DA:78,0
DA:79,0
DA:81,0
DA:93,1
DA:94,0
DA:95,0
DA:97,0
LF:29
LH:10
BRDA:31,0,0,0
BRDA:31,0,1,0
BRDA:48,1,0,0
BRDA:48,1,1,0
BRDA:65,2,0,0
BRDA:65,2,1,0
BRDA:82,3,0,0
BRDA:82,3,1,0
BRDA:83,4,0,0
BRDA:83,4,1,0
BRDA:98,5,0,0
BRDA:98,5,1,0
BRF:12
BRH:0
end_of_record
TN:
SF:src/modules/affiliate/affiliate.service.ts
FN:19,(anonymous_2)
FN:24,(anonymous_3)
FN:58,(anonymous_4)
FN:104,(anonymous_5)
FN:116,(anonymous_6)
FN:132,(anonymous_7)
FN:159,(anonymous_8)
FN:170,(anonymous_9)
FN:173,(anonymous_10)
FN:181,(anonymous_11)
FN:184,(anonymous_12)
FN:196,(anonymous_13)
FN:218,(anonymous_14)
FN:225,(anonymous_15)
FN:230,(anonymous_16)
FN:238,(anonymous_17)
FN:251,(anonymous_18)
FN:298,(anonymous_19)
FN:305,(anonymous_20)
FN:314,(anonymous_21)
FN:323,(anonymous_22)
FN:340,(anonymous_23)
FN:350,(anonymous_24)
FN:351,(anonymous_25)
FN:355,(anonymous_26)
FN:365,(anonymous_27)
FN:380,(anonymous_28)
FN:396,(anonymous_29)
FN:404,(anonymous_30)
FN:410,(anonymous_31)
FN:417,(anonymous_32)
FN:424,(anonymous_33)
FN:431,(anonymous_34)
FN:449,(anonymous_35)
FN:452,(anonymous_36)
FN:457,(anonymous_37)
FN:458,(anonymous_38)
FNF:37
FNH:1
FNDA:1,(anonymous_2)
FNDA:0,(anonymous_3)
FNDA:0,(anonymous_4)
FNDA:0,(anonymous_5)
FNDA:0,(anonymous_6)
FNDA:0,(anonymous_7)
FNDA:0,(anonymous_8)
FNDA:0,(anonymous_9)
FNDA:0,(anonymous_10)
FNDA:0,(anonymous_11)
FNDA:0,(anonymous_12)
FNDA:0,(anonymous_13)
FNDA:0,(anonymous_14)
FNDA:0,(anonymous_15)
FNDA:0,(anonymous_16)
FNDA:0,(anonymous_17)
FNDA:0,(anonymous_18)
FNDA:0,(anonymous_19)
FNDA:0,(anonymous_20)
FNDA:0,(anonymous_21)
FNDA:0,(anonymous_22)
FNDA:0,(anonymous_23)
FNDA:0,(anonymous_24)
FNDA:0,(anonymous_25)
FNDA:0,(anonymous_26)
FNDA:0,(anonymous_27)
FNDA:0,(anonymous_28)
FNDA:0,(anonymous_29)
FNDA:0,(anonymous_30)
FNDA:0,(anonymous_31)
FNDA:0,(anonymous_32)
FNDA:0,(anonymous_33)
FNDA:0,(anonymous_34)
FNDA:0,(anonymous_35)
FNDA:0,(anonymous_36)
FNDA:0,(anonymous_37)
FNDA:0,(anonymous_38)
DA:3,1
DA:4,1
DA:5,1
DA:8,1
DA:18,1
DA:19,1
DA:25,0
DA:35,0
DA:36,0
DA:40,0
DA:43,0
DA:44,0
DA:47,0
DA:50,0
DA:57,0
DA:58,0
DA:63,0
DA:66,0
DA:74,0
DA:106,0
DA:116,0
DA:119,0
DA:132,0
DA:135,0
DA:148,0
DA:149,0
DA:150,0
DA:152,0
DA:159,0
DA:170,0
DA:173,0
DA:181,0
DA:184,0
DA:197,0
DA:198,0
DA:200,0
DA:209,0
DA:211,0
DA:212,0
DA:213,0
DA:214,0
DA:215,0
DA:218,0
DA:219,0
DA:220,0
DA:221,0
DA:225,0
DA:230,0
DA:232,0
DA:240,0
DA:246,0
DA:247,0
DA:250,0
DA:251,0
DA:256,0
DA:258,0
DA:259,0
DA:263,0
DA:270,0
DA:271,0
DA:282,0
DA:289,0
DA:300,0
DA:305,0
DA:307,0
DA:314,0
DA:316,0
DA:323,0
DA:325,0
DA:328,0
DA:337,0
DA:341,0
DA:342,0
DA:343,0
DA:344,0
DA:347,0
DA:351,0
DA:352,0
DA:356,0
DA:360,0
DA:365,0
DA:367,0
DA:373,0
DA:380,0
DA:382,0
DA:388,0
DA:397,0
DA:404,0
DA:411,0
DA:418,0
DA:425,0
DA:433,0
DA:448,0
DA:449,0
DA:452,0
DA:457,0
DA:458,0
DA:461,0
LF:98
LH:6
BRDA:35,0,0,0
BRDA:68,1,0,0
BRDA:68,1,1,0
BRDA:69,2,0,0
BRDA:69,2,1,0
BRDA:85,3,0,0
BRDA:85,3,1,0
BRDA:119,4,0,0
BRDA:119,4,1,0
BRDA:135,5,0,0
BRDA:135,5,1,0
BRDA:196,6,0,0
BRDA:220,7,0,0
BRDA:246,8,0,0
BRDA:258,9,0,0
BRDA:270,10,0,0
BRDA:307,11,0,0
BRDA:307,11,1,0
BRDA:316,12,0,0
BRDA:316,12,1,0
BRDA:325,13,0,0
BRDA:337,14,0,0
BRDA:337,14,1,0
BRDA:343,15,0,0
BRDA:352,16,0,0
BRDA:352,16,1,0
BRDA:367,17,0,0
BRDA:367,17,1,0
BRDA:373,18,0,0
BRDA:373,18,1,0
BRDA:382,19,0,0
BRDA:382,19,1,0
BRDA:424,20,0,0
BRDA:431,21,0,0
BRDA:457,22,0,0
BRDA:457,22,1,0
BRF:36
BRH:0
end_of_record
TN:
SF:src/modules/auth/auth.controller.ts
FN:16,(anonymous_4)
FN:24,(anonymous_5)
FN:34,(anonymous_6)
FN:45,(anonymous_7)
FN:56,(anonymous_8)
FN:69,(anonymous_9)
FNF:6
FNH:1
FNDA:1,(anonymous_4)
FNDA:0,(anonymous_5)
FNDA:0,(anonymous_6)
FNDA:0,(anonymous_7)
FNDA:0,(anonymous_8)
FNDA:0,(anonymous_9)
DA:1,1
DA:11,1
DA:12,1
DA:15,1
DA:16,1
DA:24,1
DA:25,0
DA:34,1
DA:35,0
DA:45,1
DA:46,0
DA:56,1
DA:59,0
DA:69,1
DA:70,0
LF:15
LH:10
BRF:0
BRH:0
end_of_record
TN:
SF:src/modules/auth/auth.service.ts
FN:49,(anonymous_2)
FN:58,(anonymous_3)
FN:109,(anonymous_4)
FN:150,(anonymous_5)
FN:206,(anonymous_6)
FN:220,(anonymous_7)
FN:231,(anonymous_8)
FN:251,(anonymous_9)
FN:265,(anonymous_10)
FN:281,(anonymous_11)
FNF:10
FNH:1
FNDA:1,(anonymous_2)
FNDA:0,(anonymous_3)
FNDA:0,(anonymous_4)
FNDA:0,(anonymous_5)
FNDA:0,(anonymous_6)
FNDA:0,(anonymous_7)
FNDA:0,(anonymous_8)
FNDA:0,(anonymous_9)
FNDA:0,(anonymous_10)
FNDA:0,(anonymous_11)
DA:1,1
DA:2,1
DA:3,1
DA:4,1
DA:5,1
DA:6,1
DA:46,1
DA:47,1
DA:50,1
DA:51,1
DA:59,0
DA:62,0
DA:63,0
DA:65,0
DA:66,0
DA:68,0
DA:69,0
DA:73,0
DA:82,0
DA:83,0
DA:84,0
DA:86,0
DA:90,0
DA:91,0
DA:92,0
DA:94,0
DA:95,0
DA:98,0
DA:99,0
DA:100,0
DA:101,0
DA:106,0
DA:109,0
DA:111,0
DA:126,0
DA:135,0
DA:139,0
DA:141,0
DA:151,0
DA:153,0
DA:154,0
DA:158,0
DA:162,0
DA:163,0
DA:167,0
DA:168,0
DA:172,0
DA:174,0
DA:176,0
DA:179,0
DA:182,0
DA:183,0
DA:187,0
DA:195,0
DA:197,0
DA:207,0
DA:214,0
DA:215,0
DA:218,0
DA:220,0
DA:232,0
DA:233,0
DA:234,0
DA:238,0
DA:239,0
DA:242,0
DA:244,0
DA:252,0
DA:259,0
DA:266,0
DA:282,0
DA:283,0
LF:72
LH:10
BRDA:62,0,0,0
BRDA:62,1,0,0
BRDA:62,1,1,0
BRDA:62,1,2,0
BRDA:65,2,0,0
BRDA:65,3,0,0
BRDA:65,3,1,0
BRDA:68,4,0,0
BRDA:68,5,0,0
BRDA:68,5,1,0
BRDA:82,6,0,0
BRDA:83,7,0,0
BRDA:94,8,0,0
BRDA:98,9,0,0
BRDA:153,10,0,0
BRDA:153,11,0,0
BRDA:153,11,1,0
BRDA:162,12,0,0
BRDA:167,13,0,0
BRDA:174,14,0,0
BRDA:174,14,1,0
BRDA:182,15,0,0
BRDA:214,16,0,0
BRDA:238,17,0,0
BRDA:238,18,0,0
BRDA:238,18,1,0
BRF:26
BRH:0
end_of_record
TN:
SF:src/modules/auth/index.ts
FNF:0
FNH:0
DA:1,0
DA:2,0
DA:3,0
DA:4,0
DA:5,0
DA:6,0
LF:6
LH:0
BRF:0
BRH:0
end_of_record
TN:
SF:src/modules/auth/jwt-auth.guard.ts
FN:7,(anonymous_1)
FN:14,(anonymous_2)
FNF:2
FNH:0
FNDA:0,(anonymous_1)
FNDA:0,(anonymous_2)
DA:1,1
DA:2,1
DA:6,1
DA:11,0
DA:16,0
DA:17,0
DA:18,0
DA:20,0
DA:21,0
DA:23,0
DA:25,0
LF:11
LH:3
BRDA:16,0,0,0
BRDA:16,1,0,0
BRDA:16,1,1,0
BRDA:17,2,0,0
BRDA:20,3,0,0
BRDA:23,4,0,0
BRDA:23,4,1,0
BRF:7
BRH:0
end_of_record
TN:
SF:src/modules/auth/jwt.strategy.ts
FN:19,(anonymous_2)
FN:30,(anonymous_3)
FNF:2
FNH:1
FNDA:1,(anonymous_2)
FNDA:0,(anonymous_3)
DA:1,1
DA:2,1
DA:3,1
DA:4,1
DA:5,1
DA:6,1
DA:18,1
DA:20,1
DA:21,1
DA:23,1
DA:31,0
DA:44,0
DA:45,0
DA:48,0
DA:49,0
DA:52,0
LF:16
LH:10
BRDA:26,0,0,1
BRDA:26,0,1,0
BRDA:44,1,0,0
BRDA:48,2,0,0
BRF:4
BRH:1
end_of_record
TN:
SF:src/modules/auth/ws-jwt.guard.ts
FN:10,(anonymous_2)
FN:15,(anonymous_3)
FN:64,(anonymous_4)
FN:91,getSocketUser
FNF:4
FNH:0
FNDA:0,(anonymous_2)
FNDA:0,(anonymous_3)
FNDA:0,(anonymous_4)
FNDA:0,getSocketUser
DA:1,0
DA:2,0
DA:3,0
DA:5,0
DA:6,0
DA:9,0
DA:11,0
DA:12,0
DA:16,0
DA:17,0
DA:19,0
DA:20,0
DA:23,0
DA:24,0
DA:29,0
DA:40,0
DA:41,0
DA:44,0
DA:45,0
DA:49,0
DA:51,0
DA:53,0
DA:54,0
DA:56,0
DA:66,0
DA:67,0
DA:71,0
DA:72,0
DA:76,0
DA:77,0
DA:78,0
DA:79,0
DA:80,0
DA:84,0
DA:91,0
DA:92,0
LF:36
LH:0
BRDA:19,0,0,0
BRDA:25,1,0,0
BRDA:25,1,1,0
BRDA:40,2,0,0
BRDA:44,3,0,0
BRDA:53,4,0,0
BRDA:66,5,0,0
BRDA:71,6,0,0
BRDA:77,7,0,0
BRDA:79,8,0,0
BRDA:79,9,0,0
BRDA:79,9,1,0
BRF:12
BRH:0
end_of_record
TN:
SF:src/modules/bot/bot.controller.ts
FN:19,(anonymous_4)
FN:28,(anonymous_5)
FN:38,(anonymous_6)
FN:49,(anonymous_7)
FN:60,(anonymous_8)
FNF:5
FNH:1
FNDA:1,(anonymous_4)
FNDA:0,(anonymous_5)
FNDA:0,(anonymous_6)
FNDA:0,(anonymous_7)
FNDA:0,(anonymous_8)
DA:8,1
DA:9,1
DA:18,1
DA:19,1
DA:28,1
DA:29,0
DA:38,1
DA:39,0
DA:49,1
DA:50,0
DA:60,1
DA:61,0
LF:12
LH:8
BRF:0
BRH:0
end_of_record
TN:
SF:src/modules/bot/bot.service.ts
FN:93,(anonymous_2)
FN:98,(anonymous_3)
FN:108,(anonymous_4)
FN:166,(anonymous_5)
FN:178,(anonymous_6)
FN:188,(anonymous_7)
FN:204,(anonymous_8)
FN:221,(anonymous_9)
FN:244,(anonymous_10)
FN:254,(anonymous_11)
FN:259,(anonymous_12)
FN:268,(anonymous_13)
FN:300,(anonymous_14)
FN:307,(anonymous_15)
FN:336,(anonymous_16)
FN:340,(anonymous_17)
FN:356,(anonymous_18)
FN:361,(anonymous_19)
FN:381,(anonymous_20)
FN:383,(anonymous_21)
FN:395,(anonymous_22)
FN:419,(anonymous_23)
FN:426,(anonymous_24)
FN:427,(anonymous_25)
FN:428,(anonymous_26)
FN:436,(anonymous_27)
FN:444,(anonymous_28)
FNF:27
FNH:7
FNDA:1,(anonymous_2)
FNDA:1,(anonymous_3)
FNDA:1,(anonymous_4)
FNDA:50,(anonymous_5)
FNDA:50,(anonymous_6)
FNDA:0,(anonymous_7)
FNDA:0,(anonymous_8)
FNDA:0,(anonymous_9)
FNDA:0,(anonymous_10)
FNDA:0,(anonymous_11)
FNDA:0,(anonymous_12)
FNDA:0,(anonymous_13)
FNDA:0,(anonymous_14)
FNDA:0,(anonymous_15)
FNDA:0,(anonymous_16)
FNDA:0,(anonymous_17)
FNDA:1,(anonymous_18)
FNDA:0,(anonymous_19)
FNDA:1,(anonymous_20)
FNDA:0,(anonymous_21)
FNDA:0,(anonymous_22)
FNDA:0,(anonymous_23)
FNDA:0,(anonymous_24)
FNDA:0,(anonymous_25)
FNDA:0,(anonymous_26)
FNDA:0,(anonymous_27)
FNDA:0,(anonymous_28)
DA:14,1
DA:15,1
DA:16,1
DA:17,1
DA:31,1
DA:45,1
DA:84,1
DA:85,1
DA:86,1
DA:87,1
DA:88,1
DA:89,1
DA:90,1
DA:91,1
DA:94,1
DA:95,1
DA:99,1
DA:100,1
DA:101,1
DA:102,1
DA:109,1
DA:112,1
DA:124,1
DA:127,1
DA:128,1
DA:129,0
DA:130,0
DA:132,0
DA:134,0
DA:135,0
DA:136,0
DA:138,0
DA:139,0
DA:157,0
DA:160,0
DA:166,50
DA:179,50
DA:180,50
DA:181,32
DA:182,12
DA:189,0
DA:191,0
DA:193,0
DA:195,0
DA:197,0
DA:205,0
DA:207,0
DA:209,0
DA:211,0
DA:213,0
DA:221,1
DA:222,0
DA:224,0
DA:226,0
DA:229,0
DA:230,0
DA:233,0
DA:235,0
DA:236,0
DA:244,1
DA:245,0
DA:247,0
DA:248,0
DA:255,0
DA:258,0
DA:259,0
DA:260,0
DA:262,0
DA:265,0
DA:266,0
DA:268,0
DA:269,0
DA:270,0
DA:273,0
DA:274,0
DA:277,0
DA:280,0
DA:292,0
DA:301,0
DA:303,0
DA:304,0
DA:306,0
DA:307,0
DA:308,0
DA:310,0
DA:313,0
DA:325,0
DA:328,0
DA:337,0
DA:339,0
DA:340,0
DA:341,0
DA:342,0
DA:346,0
DA:347,0
DA:350,0
DA:357,1
DA:358,0
DA:361,1
DA:362,0
DA:364,0
DA:365,0
DA:367,0
DA:377,0
DA:381,1
DA:382,1
DA:383,1
DA:384,0
DA:385,0
DA:389,1
DA:396,0
DA:398,0
DA:399,0
DA:400,0
DA:402,0
DA:403,0
DA:404,0
DA:406,0
DA:407,0
DA:410,0
DA:420,0
DA:426,0
DA:427,0
DA:428,0
DA:437,0
DA:438,0
DA:445,0
DA:447,0
DA:448,0
DA:450,0
DA:458,0
LF:131
LH:38
BRDA:128,0,0,0
BRDA:135,1,0,0
BRDA:135,1,1,0
BRDA:180,2,0,18
BRDA:181,3,0,20
BRDA:189,4,0,0
BRDA:189,4,1,0
BRDA:189,4,2,0
BRDA:189,4,3,0
BRDA:205,5,0,0
BRDA:205,5,1,0
BRDA:205,5,2,0
BRDA:205,5,3,0
BRDA:222,6,0,0
BRDA:226,7,0,0
BRDA:226,7,1,0
BRDA:226,7,2,0
BRDA:226,7,3,0
BRDA:245,8,0,0
BRDA:255,9,0,0
BRDA:255,10,0,0
BRDA:255,10,1,0
BRDA:269,11,0,0
BRDA:269,12,0,0
BRDA:269,12,1,0
BRDA:306,13,0,0
BRDA:308,14,0,0
BRDA:341,15,0,0
BRDA:346,16,0,0
BRDA:357,17,0,0
BRDA:362,18,0,0
BRDA:362,19,0,0
BRDA:362,19,1,0
BRDA:398,20,0,0
BRDA:398,20,1,0
BRDA:402,21,0,0
BRDA:445,22,0,0
BRF:37
BRH:2
end_of_record
TN:
SF:src/modules/bot/index.ts
FNF:0
FNH:0
DA:1,0
DA:2,0
DA:3,0
LF:3
LH:0
BRF:0
BRH:0
end_of_record
TN:
SF:src/modules/crash/crash.gateway.ts
FN:98,(anonymous_4)
FN:107,(anonymous_5)
FN:117,(anonymous_6)
FN:179,(anonymous_7)
FN:199,(anonymous_8)
FN:213,(anonymous_9)
FN:226,(anonymous_10)
FN:281,(anonymous_11)
FN:313,(anonymous_12)
FN:341,(anonymous_13)
FN:355,(anonymous_14)
FN:399,(anonymous_15)
FN:441,(anonymous_16)
FN:470,(anonymous_17)
FN:478,(anonymous_18)
FN:502,(anonymous_19)
FN:513,(anonymous_20)
FN:525,(anonymous_21)
FNF:18
FNH:2
FNDA:1,(anonymous_4)
FNDA:1,(anonymous_5)
FNDA:0,(anonymous_6)
FNDA:0,(anonymous_7)
FNDA:0,(anonymous_8)
FNDA:0,(anonymous_9)
FNDA:0,(anonymous_10)
FNDA:0,(anonymous_11)
FNDA:0,(anonymous_12)
FNDA:0,(anonymous_13)
FNDA:0,(anonymous_14)
FNDA:0,(anonymous_15)
FNDA:0,(anonymous_16)
FNDA:0,(anonymous_17)
FNDA:0,(anonymous_18)
FNDA:0,(anonymous_19)
FNDA:0,(anonymous_20)
FNDA:0,(anonymous_21)
DA:1,1
DA:11,1
DA:12,1
DA:13,1
DA:14,1
DA:15,1
DA:16,1
DA:76,1
DA:80,1
DA:82,1
DA:85,1
DA:86,1
DA:89,1
DA:92,1
DA:93,1
DA:96,1
DA:99,1
DA:100,1
DA:101,1
DA:108,1
DA:111,1
DA:118,0
DA:121,0
DA:123,0
DA:124,0
DA:125,0
DA:126,0
DA:130,0
DA:131,0
DA:132,0
DA:134,0
DA:135,0
DA:136,0
DA:137,0
DA:139,0
DA:141,0
DA:147,0
DA:149,0
DA:150,0
DA:157,0
DA:158,0
DA:164,0
DA:165,0
DA:166,0
DA:180,0
DA:182,0
DA:183,0
DA:184,0
DA:185,0
DA:188,0
DA:199,1
DA:203,0
DA:204,0
DA:205,0
DA:206,0
DA:213,1
DA:217,0
DA:218,0
DA:219,0
DA:226,1
DA:230,0
DA:232,0
DA:233,0
DA:234,0
DA:237,0
DA:240,0
DA:241,0
DA:242,0
DA:245,0
DA:246,0
DA:247,0
DA:251,0
DA:253,0
DA:263,0
DA:264,0
DA:265,0
DA:269,0
DA:272,0
DA:274,0
DA:281,1
DA:285,0
DA:286,0
DA:288,0
DA:289,0
DA:290,0
DA:293,0
DA:302,0
DA:313,1
DA:314,0
DA:324,0
DA:325,0
DA:326,0
DA:330,0
DA:341,1
DA:345,0
DA:346,0
DA:347,0
DA:348,0
DA:355,1
DA:359,0
DA:361,0
DA:362,0
DA:363,0
DA:366,0
DA:367,0
DA:368,0
DA:372,0
DA:373,0
DA:374,0
DA:376,0
DA:378,0
DA:381,0
DA:382,0
DA:383,0
DA:385,0
DA:387,0
DA:390,0
DA:391,0
DA:399,1
DA:403,0
DA:406,0
DA:407,0
DA:410,0
DA:413,0
DA:416,0
DA:417,0
DA:418,0
DA:421,0
DA:427,0
DA:428,0
DA:433,0
DA:441,1
DA:442,0
DA:444,0
DA:445,0
DA:448,0
DA:451,0
DA:453,0
DA:454,0
DA:458,0
DA:470,1
DA:471,0
DA:478,1
DA:479,0
DA:481,0
DA:490,0
DA:491,0
DA:492,0
DA:495,0
DA:502,1
DA:503,0
DA:513,1
DA:518,0
DA:525,1
DA:526,0
LF:155
LH:35
BRDA:121,0,0,0
BRDA:121,0,1,0
BRDA:123,1,0,0
BRDA:123,1,1,0
BRDA:127,2,0,0
BRDA:127,2,1,0
BRDA:130,3,0,0
BRDA:130,3,1,0
BRDA:130,3,2,0
BRDA:131,4,0,0
BRDA:131,4,1,0
BRDA:132,5,0,0
BRDA:132,5,1,0
BRDA:134,6,0,0
BRDA:165,7,0,0
BRDA:171,8,0,0
BRDA:171,8,1,0
BRDA:183,9,0,0
BRDA:217,10,0,0
BRDA:232,11,0,0
BRDA:240,12,0,0
BRDA:240,13,0,0
BRDA:240,13,1,0
BRDA:245,14,0,0
BRDA:251,15,0,0
BRDA:251,15,1,0
BRDA:264,16,0,0
BRDA:286,17,0,0
BRDA:286,17,1,0
BRDA:288,18,0,0
BRDA:288,19,0,0
BRDA:288,19,1,0
BRDA:325,20,0,0
BRDA:361,21,0,0
BRDA:369,22,0,0
BRDA:369,22,1,0
BRDA:372,23,0,0
BRDA:372,23,1,0
BRDA:372,23,2,0
BRDA:373,24,0,0
BRDA:373,24,1,0
BRDA:374,25,0,0
BRDA:374,25,1,0
BRDA:376,26,0,0
BRDA:406,27,0,0
BRDA:416,28,0,0
BRDA:416,29,0,0
BRDA:416,29,1,0
BRDA:424,30,0,0
BRDA:424,30,1,0
BRDA:427,31,0,0
BRDA:427,31,1,0
BRDA:433,32,0,0
BRDA:433,32,1,0
BRDA:444,33,0,0
BRDA:453,34,0,0
BRDA:453,34,1,0
BRDA:458,35,0,0
BRDA:458,35,1,0
BRDA:486,36,0,0
BRDA:486,36,1,0
BRDA:490,37,0,0
BRF:62
BRH:0
end_of_record
TN:
SF:src/modules/crash/crash.service.ts
FN:10,(anonymous_2)
FN:97,(anonymous_3)
FN:105,(anonymous_4)
FN:112,(anonymous_5)
FN:120,(anonymous_6)
FN:127,(anonymous_7)
FN:140,(anonymous_8)
FN:155,(anonymous_9)
FN:182,(anonymous_10)
FN:214,(anonymous_11)
FN:221,(anonymous_12)
FN:235,(anonymous_13)
FN:274,(anonymous_14)
FN:282,(anonymous_15)
FN:297,(anonymous_16)
FN:305,(anonymous_17)
FN:339,(anonymous_18)
FN:355,(anonymous_19)
FN:389,(anonymous_20)
FN:401,(anonymous_21)
FN:448,(anonymous_22)
FN:502,(anonymous_23)
FN:518,(anonymous_24)
FN:525,(anonymous_25)
FN:537,(anonymous_26)
FNF:25
FNH:13
FNDA:1,(anonymous_2)
FNDA:1,(anonymous_3)
FNDA:1,(anonymous_4)
FNDA:1,(anonymous_5)
FNDA:1,(anonymous_6)
FNDA:1,(anonymous_7)
FNDA:1,(anonymous_8)
FNDA:0,(anonymous_9)
FNDA:1,(anonymous_10)
FNDA:1,(anonymous_11)
FNDA:1,(anonymous_12)
FNDA:1,(anonymous_13)
FNDA:0,(anonymous_14)
FNDA:0,(anonymous_15)
FNDA:0,(anonymous_16)
FNDA:0,(anonymous_17)
FNDA:0,(anonymous_18)
FNDA:0,(anonymous_19)
FNDA:0,(anonymous_20)
FNDA:0,(anonymous_21)
FNDA:0,(anonymous_22)
FNDA:1,(anonymous_23)
FNDA:0,(anonymous_24)
FNDA:1,(anonymous_25)
FNDA:0,(anonymous_26)
DA:1,1
DA:3,1
DA:4,1
DA:10,1
DA:11,1
DA:12,1
DA:13,1
DA:71,1
DA:72,1
DA:75,1
DA:76,1
DA:77,1
DA:78,1
DA:81,1
DA:84,1
DA:85,1
DA:87,1
DA:90,1
DA:91,1
DA:92,1
DA:95,1
DA:99,1
DA:106,1
DA:113,1
DA:114,1
DA:121,1
DA:128,1
DA:129,0
DA:130,0
DA:133,1
DA:134,1
DA:141,1
DA:142,1
DA:143,1
DA:145,1
DA:146,0
DA:147,0
DA:149,1
DA:156,0
DA:158,0
DA:184,1
DA:187,1
DA:188,1
DA:189,1
DA:192,1
DA:196,1
DA:200,1
DA:201,0
DA:205,1
DA:208,1
DA:215,1
DA:223,1
DA:224,1
DA:225,1
DA:236,1
DA:239,1
DA:240,1
DA:243,1
DA:250,1
DA:265,1
DA:266,1
DA:268,1
DA:274,1
DA:275,0
DA:283,0
DA:285,0
DA:286,0
DA:287,0
DA:289,0
DA:291,0
DA:297,0
DA:298,0
DA:306,0
DA:307,0
DA:310,0
DA:315,0
DA:316,0
DA:318,0
DA:321,0
DA:322,0
DA:323,0
DA:327,0
DA:330,0
DA:340,0
DA:342,0
DA:343,0
DA:344,0
DA:346,0
DA:347,0
DA:356,0
DA:359,0
DA:360,0
DA:361,0
DA:364,0
DA:365,0
DA:366,0
DA:369,0
DA:370,0
DA:371,0
DA:372,0
DA:376,0
DA:378,0
DA:383,0
DA:389,0
DA:390,0
DA:406,0
DA:407,0
DA:410,0
DA:411,0
DA:414,0
DA:415,0
DA:418,0
DA:419,0
DA:420,0
DA:423,0
DA:433,0
DA:435,0
DA:437,0
DA:442,0
DA:452,0
DA:453,0
DA:456,0
DA:457,0
DA:460,0
DA:461,0
DA:462,0
DA:465,0
DA:466,0
DA:469,0
DA:472,0
DA:473,0
DA:477,0
DA:478,0
DA:480,0
DA:481,0
DA:482,0
DA:484,0
DA:486,0
DA:492,0
DA:503,1
DA:505,1
DA:519,0
DA:529,1
DA:530,1
DA:542,0
LF:145
LH:60
BRDA:10,0,0,1
BRDA:10,0,1,1
BRDA:128,1,0,0
BRDA:141,2,0,1
BRDA:145,3,0,0
BRDA:156,4,0,0
BRDA:200,5,0,0
BRDA:283,6,0,0
BRDA:306,7,0,0
BRDA:306,8,0,0
BRDA:306,8,1,0
BRDA:321,9,0,0
BRDA:340,10,0,0
BRDA:343,11,0,0
BRDA:344,12,0,0
BRDA:346,13,0,0
BRDA:356,14,0,0
BRDA:359,15,0,0
BRDA:370,16,0,0
BRDA:406,17,0,0
BRDA:410,18,0,0
BRDA:414,19,0,0
BRDA:419,20,0,0
BRDA:427,21,0,0
BRDA:427,21,1,0
BRDA:452,22,0,0
BRDA:456,23,0,0
BRDA:461,24,0,0
BRDA:465,25,0,0
BRDA:469,26,0,0
BRDA:469,26,1,0
BRDA:472,27,0,0
BRDA:503,28,0,0
BRDA:529,29,0,1
BRF:34
BRH:4
end_of_record
TN:
SF:src/modules/wallet/cashier.controller.ts
FN:37,(anonymous_4)
FN:44,(anonymous_5)
FN:53,(anonymous_6)
FN:62,(anonymous_7)
FN:88,(anonymous_8)
FN:114,(anonymous_9)
FN:161,(anonymous_10)
FN:168,(anonymous_11)
FN:180,(anonymous_12)
FN:192,(anonymous_13)
FNF:10
FNH:2
FNDA:1,(anonymous_4)
FNDA:0,(anonymous_5)
FNDA:0,(anonymous_6)
FNDA:0,(anonymous_7)
FNDA:0,(anonymous_8)
FNDA:0,(anonymous_9)
FNDA:1,(anonymous_10)
FNDA:0,(anonymous_11)
FNDA:0,(anonymous_12)
FNDA:0,(anonymous_13)
DA:2,1
DA:13,1
DA:14,1
DA:36,1
DA:37,1
DA:44,1
DA:45,0
DA:53,1
DA:54,0
DA:62,1
DA:63,0
DA:65,0
DA:66,0
DA:68,0
DA:69,0
DA:71,0
DA:72,0
DA:75,0
DA:88,1
DA:89,0
DA:91,0
DA:92,0
DA:94,0
DA:95,0
DA:97,0
DA:98,0
DA:101,0
DA:114,1
DA:116,0
DA:135,0
DA:136,0
DA:137,0
DA:140,0
DA:147,0
DA:160,1
DA:161,1
DA:168,1
DA:169,0
DA:170,0
DA:172,0
DA:180,1
DA:181,0
DA:182,0
DA:184,0
DA:192,1
DA:193,0
DA:194,0
DA:197,0
DA:199,0
DA:200,0
DA:202,0
DA:203,0
DA:206,0
LF:53
LH:15
BRDA:65,0,0,0
BRDA:65,1,0,0
BRDA:65,1,1,0
BRDA:68,2,0,0
BRDA:68,3,0,0
BRDA:68,3,1,0
BRDA:71,4,0,0
BRDA:91,5,0,0
BRDA:91,6,0,0
BRDA:91,6,1,0
BRDA:94,7,0,0
BRDA:94,8,0,0
BRDA:94,8,1,0
BRDA:97,9,0,0
BRDA:136,10,0,0
BRDA:169,11,0,0
BRDA:181,12,0,0
BRDA:193,13,0,0
BRDA:199,14,0,0
BRDA:202,15,0,0
BRF:20
BRH:0
end_of_record
TN:
SF:src/modules/wallet/cashier.service.ts
FN:12,(anonymous_2)
FN:17,(anonymous_3)
FN:29,(anonymous_4)
FN:40,(anonymous_5)
FN:61,(anonymous_6)
FN:71,(anonymous_7)
FN:132,(anonymous_8)
FN:168,(anonymous_9)
FN:212,(anonymous_10)
FN:235,(anonymous_11)
FN:251,(anonymous_12)
FN:274,(anonymous_13)
FN:290,(anonymous_14)
FN:312,(anonymous_15)
FN:338,(anonymous_16)
FN:372,(anonymous_17)
FNF:16
FNH:1
FNDA:1,(anonymous_2)
FNDA:0,(anonymous_3)
FNDA:0,(anonymous_4)
FNDA:0,(anonymous_5)
FNDA:0,(anonymous_6)
FNDA:0,(anonymous_7)
FNDA:0,(anonymous_8)
FNDA:0,(anonymous_9)
FNDA:0,(anonymous_10)
FNDA:0,(anonymous_11)
FNDA:0,(anonymous_12)
FNDA:0,(anonymous_13)
FNDA:0,(anonymous_14)
FNDA:0,(anonymous_15)
FNDA:0,(anonymous_16)
FNDA:0,(anonymous_17)
DA:2,1
DA:7,1
DA:8,1
DA:11,1
DA:12,1
DA:18,0
DA:29,0
DA:41,0
DA:61,0
DA:78,0
DA:82,0
DA:83,0
DA:94,0
DA:98,0
DA:99,0
DA:103,0
DA:120,0
DA:139,0
DA:143,0
DA:144,0
DA:148,0
DA:149,0
DA:150,0
DA:154,0
DA:161,0
DA:162,0
DA:168,0
DA:170,0
DA:172,0
DA:181,0
DA:198,0
DA:201,0
DA:213,0
DA:235,0
DA:252,0
DA:274,0
DA:296,0
DA:301,0
DA:302,0
DA:305,0
DA:306,0
DA:309,0
DA:310,0
DA:312,0
DA:313,0
DA:317,0
DA:322,0
DA:336,0
DA:338,0
DA:339,0
DA:343,0
DA:348,0
DA:363,0
DA:370,0
DA:372,0
DA:373,0
DA:376,0
DA:380,0
DA:388,0
DA:404,0
DA:418,0
LF:61
LH:5
BRDA:40,0,0,0
BRDA:82,1,0,0
BRDA:98,2,0,0
BRDA:143,3,0,0
BRDA:149,4,0,0
BRDA:161,5,0,0
BRDA:161,6,0,0
BRDA:161,6,1,0
BRDA:251,7,0,0
BRDA:301,8,0,0
BRDA:305,9,0,0
BRDA:309,10,0,0
BRDA:309,10,1,0
BRDA:310,11,0,0
BRDA:310,11,1,0
BRDA:336,12,0,0
BRDA:345,13,0,0
BRDA:345,13,1,0
BRDA:370,14,0,0
BRDA:370,14,1,0
BRDA:384,15,0,0
BRDA:384,15,1,0
BRF:22
BRH:0
end_of_record
TN:
SF:src/prisma/prisma.service.ts
FN:6,(anonymous_2)
FN:14,(anonymous_3)
FN:19,(anonymous_4)
FNF:3
FNH:3
FNDA:2,(anonymous_2)
FNDA:2,(anonymous_3)
FNDA:2,(anonymous_4)
DA:1,1
DA:2,1
DA:5,1
DA:7,2
DA:15,2
DA:16,2
DA:20,2
LF:7
LH:7
BRDA:8,0,0,0
BRDA:8,0,1,2
BRF:2
BRH:1
end_of_record
TN:
SF:src/tests/hammer_test.ts
FN:76,placeBet
FN:110,setInitialBalance
FN:118,getBalance
FN:127,cleanup
FN:139,runHammerTest
FN:169,(anonymous_5)
FN:172,(anonymous_6)
FN:186,(anonymous_7)
FN:187,(anonymous_8)
FN:198,(anonymous_9)
FN:206,(anonymous_10)
FN:212,(anonymous_11)
FN:262,(anonymous_12)
FN:291,(anonymous_13)
FNF:14
FNH:0
FNDA:0,placeBet
FNDA:0,setInitialBalance
FNDA:0,getBalance
FNDA:0,cleanup
FNDA:0,runHammerTest
FNDA:0,(anonymous_5)
FNDA:0,(anonymous_6)
FNDA:0,(anonymous_7)
FNDA:0,(anonymous_8)
FNDA:0,(anonymous_9)
FNDA:0,(anonymous_10)
FNDA:0,(anonymous_11)
FNDA:0,(anonymous_12)
FNDA:0,(anonymous_13)
DA:20,0
DA:21,0
DA:22,0
DA:23,0
DA:24,0
DA:30,0
DA:49,0
DA:52,0
DA:53,0
DA:55,0
DA:56,0
DA:57,0
DA:64,0
DA:81,0
DA:82,0
DA:84,0
DA:85,0
DA:95,0
DA:97,0
DA:98,0
DA:100,0
DA:103,0
DA:111,0
DA:112,0
DA:119,0
DA:120,0
DA:121,0
DA:128,0
DA:129,0
DA:130,0
DA:131,0
DA:140,0
DA:141,0
DA:142,0
DA:143,0
DA:144,0
DA:145,0
DA:146,0
DA:147,0
DA:148,0
DA:149,0
DA:152,0
DA:153,0
DA:156,0
DA:157,0
DA:160,0
DA:161,0
DA:164,0
DA:166,0
DA:169,0
DA:170,0
DA:171,0
DA:172,0
DA:180,0
DA:182,0
DA:183,0
DA:186,0
DA:187,0
DA:189,0
DA:190,0
DA:191,0
DA:194,0
DA:195,0
DA:196,0
DA:198,0
DA:199,0
DA:201,0
DA:205,0
DA:206,0
DA:207,0
DA:208,0
DA:209,0
DA:212,0
DA:213,0
DA:215,0
DA:218,0
DA:219,0
DA:220,0
DA:221,0
DA:222,0
DA:223,0
DA:224,0
DA:225,0
DA:226,0
DA:227,0
DA:230,0
DA:231,0
DA:232,0
DA:234,0
DA:261,0
DA:262,0
DA:263,0
DA:264,0
DA:265,0
DA:266,0
DA:267,0
DA:268,0
DA:272,0
DA:273,0
DA:274,0
DA:276,0
DA:278,0
DA:281,0
DA:282,0
DA:284,0
DA:291,0
DA:292,0
DA:293,0
DA:294,0
LF:109
LH:0
BRDA:31,0,0,0
BRDA:31,0,1,0
BRDA:32,1,0,0
BRDA:32,1,1,0
BRDA:97,2,0,0
BRDA:97,2,1,0
BRDA:121,3,0,0
BRDA:121,3,1,0
BRDA:130,4,0,0
BRDA:195,5,0,0
BRDA:195,5,1,0
BRDA:207,6,0,0
BRDA:207,6,1,0
BRDA:208,7,0,0
BRDA:208,7,1,0
BRDA:263,8,0,0
BRDA:263,8,1,0
BRDA:268,9,0,0
BRDA:273,10,0,0
BRDA:273,10,1,0
BRDA:284,11,0,0
BRDA:284,11,1,0
BRF:22
BRH:0
end_of_record
TN:
SF:src/tests/simulate_crash.ts
FN:35,(anonymous_0)
FN:55,generateCrashPoint
FN:73,hashServerSeed
FN:81,clearLine
FN:85,printHeader
FN:94,printRoundStart
FN:102,printWaiting
FN:107,printMultiplier
FN:114,printCrash
FN:121,printBetResult
FN:134,sleep
FN:135,(anonymous_11)
FN:138,simulateRound
FN:162,(anonymous_13)
FN:202,(anonymous_14)
FN:218,(anonymous_15)
FN:235,main
FNF:17
FNH:0
FNDA:0,(anonymous_0)
FNDA:0,generateCrashPoint
FNDA:0,hashServerSeed
FNDA:0,clearLine
FNDA:0,printHeader
FNDA:0,printRoundStart
FNDA:0,printWaiting
FNDA:0,printMultiplier
FNDA:0,printCrash
FNDA:0,printBetResult
FNDA:0,sleep
FNDA:0,(anonymous_11)
FNDA:0,simulateRound
FNDA:0,(anonymous_13)
FNDA:0,(anonymous_14)
FNDA:0,(anonymous_15)
FNDA:0,main
DA:16,0
DA:17,0
DA:23,0
DA:35,0
DA:36,0
DA:37,0
DA:38,0
DA:53,0
DA:56,0
DA:58,0
DA:59,0
DA:60,0
DA:62,0
DA:65,0
DA:66,0
DA:69,0
DA:70,0
DA:74,0
DA:82,0
DA:86,0
DA:87,0
DA:88,0
DA:89,0
DA:90,0
DA:91,0
DA:95,0
DA:96,0
DA:97,0
DA:98,0
DA:99,0
DA:103,0
DA:104,0
DA:108,0
DA:109,0
DA:110,0
DA:111,0
DA:115,0
DA:116,0
DA:117,0
DA:118,0
DA:122,0
DA:123,0
DA:124,0
DA:126,0
DA:135,0
DA:144,0
DA:145,0
DA:146,0
DA:147,0
DA:150,0
DA:152,0
DA:155,0
DA:161,0
DA:162,0
DA:163,0
DA:164,0
DA:166,0
DA:169,0
DA:170,0
DA:171,0
DA:172,0
DA:174,0
DA:175,0
DA:178,0
DA:180,0
DA:181,0
DA:183,0
DA:184,0
DA:185,0
DA:188,0
DA:189,0
DA:190,0
DA:194,0
DA:195,0
DA:196,0
DA:197,0
DA:202,0
DA:203,0
DA:204,0
DA:205,0
DA:209,0
DA:210,0
DA:213,0
DA:217,0
DA:218,0
DA:219,0
DA:222,0
DA:223,0
DA:224,0
DA:225,0
DA:226,0
DA:227,0
DA:228,0
DA:231,0
DA:232,0
DA:236,0
DA:239,0
DA:240,0
DA:242,0
DA:243,0
DA:244,0
DA:246,0
DA:247,0
DA:250,0
DA:251,0
DA:252,0
DA:255,0
DA:256,0
DA:257,0
DA:258,0
DA:259,0
DA:263,0
LF:112
LH:0
BRDA:35,0,0,0
BRDA:35,0,1,0
BRDA:65,1,0,0
BRDA:110,2,0,0
BRDA:110,2,1,0
BRDA:110,3,0,0
BRDA:110,3,1,0
BRDA:122,4,0,0
BRDA:122,4,1,0
BRDA:122,5,0,0
BRDA:122,5,1,0
BRDA:163,6,0,0
BRDA:163,6,1,0
BRDA:188,7,0,0
BRDA:195,8,0,0
BRDA:195,9,0,0
BRDA:195,9,1,0
BRDA:195,9,2,0
BRDA:203,10,0,0
BRDA:203,11,0,0
BRDA:203,11,1,0
BRDA:203,11,2,0
BRDA:209,12,0,0
BRDA:209,13,0,0
BRDA:209,13,1,0
BRF:25
BRH:0
end_of_record
TN:
SF:src/tests/test_auth_flow.ts
FN:32,request
FN:64,testRegister
FN:101,testLogin
FN:136,testGetMe
FN:160,(anonymous_4)
FN:176,testUnauthorized
FN:202,testWebSocketConnection
FN:205,(anonymous_7)
FN:206,(anonymous_8)
FN:221,(anonymous_9)
FN:234,(anonymous_10)
FN:242,(anonymous_11)
FN:253,(anonymous_12)
FN:262,testWebSocketNoAuth
FN:265,(anonymous_14)
FN:271,(anonymous_15)
FN:282,(anonymous_16)
FN:295,(anonymous_17)
FN:311,printSummary
FN:316,(anonymous_19)
FN:317,(anonymous_20)
FN:319,(anonymous_21)
FN:339,runTests
FN:373,(anonymous_23)
FNF:24
FNH:0
FNDA:0,request
FNDA:0,testRegister
FNDA:0,testLogin
FNDA:0,testGetMe
FNDA:0,(anonymous_4)
FNDA:0,testUnauthorized
FNDA:0,testWebSocketConnection
FNDA:0,(anonymous_7)
FNDA:0,(anonymous_8)
FNDA:0,(anonymous_9)
FNDA:0,(anonymous_10)
FNDA:0,(anonymous_11)
FNDA:0,(anonymous_12)
FNDA:0,testWebSocketNoAuth
FNDA:0,(anonymous_14)
FNDA:0,(anonymous_15)
FNDA:0,(anonymous_16)
FNDA:0,(anonymous_17)
FNDA:0,printSummary
FNDA:0,(anonymous_19)
FNDA:0,(anonymous_20)
FNDA:0,(anonymous_21)
FNDA:0,runTests
FNDA:0,(anonymous_23)
DA:8,0
DA:10,0
DA:11,0
DA:14,0
DA:27,0
DA:38,0
DA:42,0
DA:43,0
DA:46,0
DA:52,0
DA:54,0
DA:55,0
DA:58,0
DA:65,0
DA:66,0
DA:68,0
DA:69,0
DA:75,0
DA:76,0
DA:79,0
DA:86,0
DA:87,0
DA:89,0
DA:94,0
DA:102,0
DA:103,0
DA:105,0
DA:106,0
DA:111,0
DA:112,0
DA:115,0
DA:121,0
DA:122,0
DA:124,0
DA:129,0
DA:137,0
DA:139,0
DA:140,0
DA:142,0
DA:143,0
DA:147,0
DA:148,0
DA:151,0
DA:158,0
DA:159,0
DA:160,0
DA:161,0
DA:164,0
DA:169,0
DA:177,0
DA:179,0
DA:180,0
DA:183,0
DA:188,0
DA:190,0
DA:195,0
DA:203,0
DA:205,0
DA:206,0
DA:207,0
DA:212,0
DA:213,0
DA:216,0
DA:221,0
DA:222,0
DA:223,0
DA:228,0
DA:231,0
DA:234,0
DA:235,0
DA:238,0
DA:239,0
DA:242,0
DA:243,0
DA:244,0
DA:249,0
DA:250,0
DA:253,0
DA:254,0
DA:263,0
DA:265,0
DA:266,0
DA:271,0
DA:272,0
DA:273,0
DA:278,0
DA:279,0
DA:282,0
DA:283,0
DA:285,0
DA:290,0
DA:291,0
DA:292,0
DA:295,0
DA:296,0
DA:297,0
DA:302,0
DA:303,0
DA:312,0
DA:313,0
DA:314,0
DA:316,0
DA:317,0
DA:319,0
DA:320,0
DA:321,0
DA:322,0
DA:325,0
DA:326,0
DA:328,0
DA:329,0
DA:331,0
DA:333,0
DA:340,0
DA:341,0
DA:342,0
DA:343,0
DA:344,0
DA:345,0
DA:347,0
DA:349,0
DA:352,0
DA:355,0
DA:358,0
DA:361,0
DA:364,0
DA:367,0
DA:371,0
DA:373,0
DA:377,0
LF:130
LH:0
BRDA:10,0,0,0
BRDA:10,0,1,0
BRDA:11,1,0,0
BRDA:11,1,1,0
BRDA:42,2,0,0
BRDA:49,3,0,0
BRDA:49,3,1,0
BRDA:54,4,0,0
BRDA:55,5,0,0
BRDA:55,5,1,0
BRDA:75,6,0,0
BRDA:75,7,0,0
BRDA:75,7,1,0
BRDA:111,8,0,0
BRDA:111,9,0,0
BRDA:111,9,1,0
BRDA:142,10,0,0
BRDA:142,11,0,0
BRDA:142,11,1,0
BRDA:147,12,0,0
BRDA:147,13,0,0
BRDA:147,13,1,0
BRDA:254,14,0,0
BRDA:254,14,1,0
BRDA:320,15,0,0
BRDA:320,15,1,0
BRDA:328,16,0,0
BRDA:328,16,1,0
BRDA:373,17,0,0
BRDA:373,17,1,0
BRF:30
BRH:0
end_of_record
TN:
SF:src/tests/test_commission_flood.ts
FN:67,generateHierarchy
FN:118,parseHierarchyPath
FN:124,calculateCommissions
FN:144,runFloodTest
FN:193,(anonymous_4)
FN:212,(anonymous_5)
FN:216,(anonymous_6)
FN:231,(anonymous_7)
FN:232,(anonymous_8)
FN:282,(anonymous_9)
FN:283,(anonymous_10)
FNF:11
FNH:0
FNDA:0,generateHierarchy
FNDA:0,parseHierarchyPath
FNDA:0,calculateCommissions
FNDA:0,runFloodTest
FNDA:0,(anonymous_4)
FNDA:0,(anonymous_5)
FNDA:0,(anonymous_6)
FNDA:0,(anonymous_7)
FNDA:0,(anonymous_8)
FNDA:0,(anonymous_9)
FNDA:0,(anonymous_10)
DA:17,0
DA:18,0
DA:24,0
DA:30,0
DA:31,0
DA:32,0
DA:33,0
DA:34,0
DA:63,0
DA:64,0
DA:65,0
DA:69,0
DA:78,0
DA:79,0
DA:89,0
DA:90,0
DA:91,0
DA:101,0
DA:102,0
DA:103,0
DA:104,0
DA:119,0
DA:120,0
DA:121,0
DA:125,0
DA:126,0
DA:128,0
DA:129,0
DA:130,0
DA:131,0
DA:132,0
DA:133,0
DA:137,0
DA:145,0
DA:146,0
DA:147,0
DA:148,0
DA:149,0
DA:154,0
DA:155,0
DA:156,0
DA:158,0
DA:160,0
DA:161,0
DA:162,0
DA:163,0
DA:164,0
DA:165,0
DA:170,0
DA:171,0
DA:172,0
DA:174,0
DA:177,0
DA:179,0
DA:180,0
DA:182,0
DA:183,0
DA:184,0
DA:187,0
DA:188,0
DA:191,0
DA:194,0
DA:197,0
DA:198,0
DA:201,0
DA:202,0
DA:204,0
DA:212,0
DA:213,0
DA:216,0
DA:217,0
DA:220,0
DA:221,0
DA:226,0
DA:227,0
DA:228,0
DA:230,0
DA:231,0
DA:232,0
DA:234,0
DA:236,0
DA:237,0
DA:238,0
DA:239,0
DA:240,0
DA:241,0
DA:243,0
DA:258,0
DA:259,0
DA:261,0
DA:264,0
DA:266,0
DA:267,0
DA:268,0
DA:269,0
DA:274,0
DA:275,0
DA:276,0
DA:278,0
DA:279,0
DA:282,0
DA:283,0
DA:284,0
DA:285,0
DA:286,0
DA:289,0
DA:290,0
DA:291,0
DA:292,0
DA:293,0
DA:294,0
DA:297,0
DA:298,0
DA:299,0
DA:304,0
DA:305,0
DA:310,0
DA:311,0
DA:312,0
DA:313,0
DA:314,0
DA:316,0
DA:318,0
DA:319,0
DA:320,0
DA:321,0
DA:322,0
DA:323,0
DA:324,0
DA:325,0
DA:326,0
DA:327,0
DA:328,0
DA:329,0
DA:331,0
DA:332,0
DA:334,0
DA:335,0
DA:336,0
DA:338,0
DA:339,0
DA:340,0
DA:341,0
DA:346,0
DA:348,0
DA:350,0
DA:351,0
DA:352,0
DA:353,0
DA:354,0
DA:355,0
DA:356,0
DA:357,0
DA:359,0
DA:360,0
DA:363,0
DA:366,0
DA:367,0
DA:368,0
DA:369,0
DA:371,0
DA:375,0
LF:162
LH:0
BRDA:119,0,0,0
BRDA:119,1,0,0
BRDA:119,1,1,0
BRDA:130,2,0,0
BRDA:130,3,0,0
BRDA:130,3,1,0
BRDA:132,4,0,0
BRDA:132,4,1,0
BRDA:241,5,0,0
BRDA:241,5,1,0
BRDA:290,6,0,0
BRDA:297,7,0,0
BRDA:338,8,0,0
BRDA:338,8,1,0
BRDA:339,9,0,0
BRDA:339,9,1,0
BRDA:340,10,0,0
BRDA:340,10,1,0
BRDA:348,11,0,0
BRDA:348,11,1,0
BRDA:348,11,2,0
BRDA:350,12,0,0
BRDA:350,12,1,0
BRDA:354,13,0,0
BRDA:354,13,1,0
BRDA:354,14,0,0
BRDA:354,14,1,0
BRDA:371,15,0,0
BRDA:371,15,1,0
BRF:29
BRH:0
end_of_record
TN:
SF:src/tests/test_gauntlet.ts
FN:27,sleep
FN:28,(anonymous_1)
FN:31,apiRequest
FN:42,createSocket
FN:53,testDoubleDip
FN:100,(anonymous_5)
FN:114,(anonymous_6)
FN:123,(anonymous_7)
FN:129,(anonymous_8)
FN:130,(anonymous_9)
FN:139,(anonymous_10)
FN:169,testTimeTraveler
FN:203,(anonymous_12)
FN:207,(anonymous_13)
FN:221,(anonymous_14)
FN:226,(anonymous_15)
FN:231,(anonymous_16)
FN:236,(anonymous_17)
FN:256,(anonymous_18)
FN:263,(anonymous_19)
FN:292,testToxicChat
FN:326,(anonymous_21)
FN:333,(anonymous_22)
FN:347,(anonymous_23)
FN:355,(anonymous_24)
FN:379,(anonymous_25)
FN:380,(anonymous_26)
FN:381,(anonymous_27)
FN:422,(anonymous_28)
FN:430,(anonymous_29)
FN:459,runGauntlet
FN:484,(anonymous_31)
FN:493,(anonymous_32)
FN:494,(anonymous_33)
FN:495,(anonymous_34)
FNF:35
FNH:0
FNDA:0,sleep
FNDA:0,(anonymous_1)
FNDA:0,apiRequest
FNDA:0,createSocket
FNDA:0,testDoubleDip
FNDA:0,(anonymous_5)
FNDA:0,(anonymous_6)
FNDA:0,(anonymous_7)
FNDA:0,(anonymous_8)
FNDA:0,(anonymous_9)
FNDA:0,(anonymous_10)
FNDA:0,testTimeTraveler
FNDA:0,(anonymous_12)
FNDA:0,(anonymous_13)
FNDA:0,(anonymous_14)
FNDA:0,(anonymous_15)
FNDA:0,(anonymous_16)
FNDA:0,(anonymous_17)
FNDA:0,(anonymous_18)
FNDA:0,(anonymous_19)
FNDA:0,testToxicChat
FNDA:0,(anonymous_21)
FNDA:0,(anonymous_22)
FNDA:0,(anonymous_23)
FNDA:0,(anonymous_24)
FNDA:0,(anonymous_25)
FNDA:0,(anonymous_26)
FNDA:0,(anonymous_27)
FNDA:0,(anonymous_28)
FNDA:0,(anonymous_29)
FNDA:0,runGauntlet
FNDA:0,(anonymous_31)
FNDA:0,(anonymous_32)
FNDA:0,(anonymous_33)
FNDA:0,(anonymous_34)
DA:11,0
DA:13,0
DA:14,0
DA:24,0
DA:28,0
DA:32,0
DA:39,0
DA:43,0
DA:54,0
DA:55,0
DA:56,0
DA:58,0
DA:59,0
DA:60,0
DA:63,0
DA:64,0
DA:73,0
DA:74,0
DA:83,0
DA:84,0
DA:86,0
DA:90,0
DA:96,0
DA:100,0
DA:101,0
DA:103,0
DA:106,0
DA:109,0
DA:112,0
DA:114,0
DA:115,0
DA:123,0
DA:126,0
DA:129,0
DA:130,0
DA:132,0
DA:135,0
DA:139,0
DA:140,0
DA:143,0
DA:145,0
DA:156,0
DA:170,0
DA:171,0
DA:172,0
DA:174,0
DA:175,0
DA:178,0
DA:179,0
DA:188,0
DA:189,0
DA:198,0
DA:200,0
DA:201,0
DA:203,0
DA:204,0
DA:205,0
DA:207,0
DA:208,0
DA:209,0
DA:210,0
DA:211,0
DA:221,0
DA:222,0
DA:223,0
DA:226,0
DA:227,0
DA:228,0
DA:231,0
DA:232,0
DA:234,0
DA:236,0
DA:237,0
DA:238,0
DA:239,0
DA:241,0
DA:243,0
DA:256,0
DA:258,0
DA:259,0
DA:263,0
DA:264,0
DA:265,0
DA:266,0
DA:267,0
DA:279,0
DA:293,0
DA:294,0
DA:295,0
DA:297,0
DA:298,0
DA:301,0
DA:302,0
DA:311,0
DA:312,0
DA:321,0
DA:323,0
DA:324,0
DA:326,0
DA:327,0
DA:328,0
DA:329,0
DA:330,0
DA:331,0
DA:333,0
DA:334,0
DA:335,0
DA:336,0
DA:337,0
DA:347,0
DA:348,0
DA:349,0
DA:352,0
DA:353,0
DA:355,0
DA:356,0
DA:357,0
DA:358,0
DA:359,0
DA:360,0
DA:361,0
DA:362,0
DA:363,0
DA:364,0
DA:366,0
DA:367,0
DA:369,0
DA:373,0
DA:374,0
DA:376,0
DA:377,0
DA:379,0
DA:380,0
DA:381,0
DA:382,0
DA:383,0
DA:385,0
DA:387,0
DA:392,0
DA:394,0
DA:397,0
DA:398,0
DA:399,0
DA:401,0
DA:402,0
DA:406,0
DA:407,0
DA:408,0
DA:410,0
DA:413,0
DA:422,0
DA:424,0
DA:425,0
DA:426,0
DA:430,0
DA:431,0
DA:432,0
DA:433,0
DA:434,0
DA:446,0
DA:460,0
DA:461,0
DA:462,0
DA:463,0
DA:464,0
DA:465,0
DA:466,0
DA:469,0
DA:470,0
DA:472,0
DA:473,0
DA:475,0
DA:476,0
DA:479,0
DA:480,0
DA:481,0
DA:482,0
DA:484,0
DA:485,0
DA:486,0
DA:487,0
DA:488,0
DA:491,0
DA:493,0
DA:494,0
DA:495,0
DA:497,0
DA:500,0
DA:501,0
DA:506,0
DA:508,0
LF:191
LH:0
BRDA:13,0,0,0
BRDA:13,0,1,0
BRDA:14,1,0,0
BRDA:14,1,1,0
BRDA:31,2,0,0
BRDA:44,3,0,0
BRDA:44,3,1,0
BRDA:73,4,0,0
BRDA:100,5,0,0
BRDA:100,5,1,0
BRDA:103,6,0,0
BRDA:109,7,0,0
BRDA:109,7,1,0
BRDA:129,8,0,0
BRDA:129,8,1,0
BRDA:130,9,0,0
BRDA:130,9,1,0
BRDA:139,10,0,0
BRDA:139,10,1,0
BRDA:143,11,0,0
BRDA:143,11,1,0
BRDA:148,12,0,0
BRDA:148,12,1,0
BRDA:149,13,0,0
BRDA:149,13,1,0
BRDA:188,14,0,0
BRDA:208,15,0,0
BRDA:232,16,0,0
BRDA:241,17,0,0
BRDA:241,17,1,0
BRDA:241,17,2,0
BRDA:246,18,0,0
BRDA:246,18,1,0
BRDA:247,19,0,0
BRDA:247,19,1,0
BRDA:248,20,0,0
BRDA:248,20,1,0
BRDA:248,20,2,0
BRDA:258,21,0,0
BRDA:258,22,0,0
BRDA:258,22,1,0
BRDA:264,23,0,0
BRDA:311,24,0,0
BRDA:334,25,0,0
BRDA:356,26,0,0
BRDA:356,26,1,0
BRDA:359,27,0,0
BRDA:359,27,1,0
BRDA:359,28,0,0
BRDA:359,28,1,0
BRDA:362,29,0,0
BRDA:362,29,1,0
BRDA:382,30,0,0
BRDA:382,30,1,0
BRDA:382,31,0,0
BRDA:382,31,1,0
BRDA:382,31,2,0
BRDA:397,32,0,0
BRDA:397,32,1,0
BRDA:397,33,0,0
BRDA:397,33,1,0
BRDA:410,34,0,0
BRDA:410,34,1,0
BRDA:410,35,0,0
BRDA:410,35,1,0
BRDA:411,36,0,0
BRDA:411,36,1,0
BRDA:411,37,0,0
BRDA:411,37,1,0
BRDA:424,38,0,0
BRDA:431,39,0,0
BRDA:485,40,0,0
BRDA:485,40,1,0
BRDA:485,41,0,0
BRDA:485,41,1,0
BRDA:500,42,0,0
BRF:76
BRH:0
end_of_record
TN:
SF:src/tests/test_house_edge.ts
FN:33,generateCrashPoint
FN:107,initStats
FN:125,updateStats
FN:165,printHeader
FN:174,printProgress
FN:180,printResults
FN:263,main
FNF:7
FNH:0
FNDA:0,generateCrashPoint
FNDA:0,initStats
FNDA:0,updateStats
FNDA:0,printHeader
FNDA:0,printProgress
FNDA:0,printResults
FNDA:0,main
DA:17,0
DA:24,0
DA:25,0
DA:31,0
DA:50,0
DA:52,0
DA:55,0
DA:56,0
DA:69,0
DA:72,0
DA:73,0
DA:78,0
DA:82,0
DA:108,0
DA:126,0
DA:127,0
DA:128,0
DA:130,0
DA:131,0
DA:134,0
DA:135,0
DA:137,0
DA:138,0
DA:141,0
DA:143,0
DA:144,0
DA:146,0
DA:147,0
DA:149,0
DA:151,0
DA:152,0
DA:156,0
DA:157,0
DA:166,0
DA:167,0
DA:168,0
DA:169,0
DA:170,0
DA:171,0
DA:175,0
DA:176,0
DA:177,0
DA:181,0
DA:182,0
DA:183,0
DA:184,0
DA:186,0
DA:187,0
DA:188,0
DA:189,0
DA:190,0
DA:191,0
DA:192,0
DA:193,0
DA:194,0
DA:195,0
DA:196,0
DA:197,0
DA:198,0
DA:199,0
DA:200,0
DA:201,0
DA:202,0
DA:203,0
DA:204,0
DA:205,0
DA:206,0
DA:207,0
DA:208,0
DA:209,0
DA:210,0
DA:211,0
DA:212,0
DA:213,0
DA:214,0
DA:215,0
DA:216,0
DA:217,0
DA:218,0
DA:219,0
DA:220,0
DA:221,0
DA:222,0
DA:223,0
DA:224,0
DA:225,0
DA:226,0
DA:229,0
DA:230,0
DA:232,0
DA:233,0
DA:234,0
DA:235,0
DA:237,0
DA:240,0
DA:241,0
DA:243,0
DA:246,0
DA:247,0
DA:249,0
DA:250,0
DA:252,0
DA:255,0
DA:256,0
DA:264,0
DA:267,0
DA:268,0
DA:270,0
DA:271,0
DA:272,0
DA:274,0
DA:275,0
DA:277,0
DA:279,0
DA:280,0
DA:281,0
DA:284,0
DA:287,0
DA:290,0
DA:291,0
DA:295,0
DA:296,0
DA:300,0
LF:123
LH:0
BRDA:72,0,0,0
BRDA:125,1,0,0
BRDA:130,2,0,0
BRDA:131,3,0,0
BRDA:134,4,0,0
BRDA:137,5,0,0
BRDA:137,5,1,0
BRDA:143,6,0,0
BRDA:146,7,0,0
BRDA:146,7,1,0
BRDA:151,8,0,0
BRDA:156,9,0,0
BRDA:229,10,0,0
BRDA:229,10,1,0
BRDA:230,11,0,0
BRDA:230,11,1,0
BRDA:232,12,0,0
BRDA:232,12,1,0
BRDA:234,13,0,0
BRDA:234,13,1,0
BRDA:240,14,0,0
BRDA:240,14,1,0
BRDA:249,15,0,0
BRDA:249,15,1,0
BRDA:249,16,0,0
BRDA:249,16,1,0
BRDA:290,17,0,0
BRF:27
BRH:0
end_of_record
TN:
SF:src/tests/test_mlm_flow.ts
FN:78,parseHierarchyPath
FN:84,calculateCommissionSplits
FN:118,runTest
FN:203,(anonymous_3)
FN:224,(anonymous_4)
FN:225,(anonymous_5)
FN:226,(anonymous_6)
FN:294,(anonymous_7)
FN:295,(anonymous_8)
FN:391,(anonymous_9)
FN:392,(anonymous_10)
FNF:11
FNH:0
FNDA:0,parseHierarchyPath
FNDA:0,calculateCommissionSplits
FNDA:0,runTest
FNDA:0,(anonymous_3)
FNDA:0,(anonymous_4)
FNDA:0,(anonymous_5)
FNDA:0,(anonymous_6)
FNDA:0,(anonymous_7)
FNDA:0,(anonymous_8)
FNDA:0,(anonymous_9)
FNDA:0,(anonymous_10)
DA:19,0
DA:20,0
DA:26,0
DA:32,0
DA:71,0
DA:72,0
DA:79,0
DA:80,0
DA:81,0
DA:89,0
DA:90,0
DA:92,0
DA:93,0
DA:94,0
DA:95,0
DA:96,0
DA:98,0
DA:100,0
DA:101,0
DA:111,0
DA:119,0
DA:120,0
DA:121,0
DA:122,0
DA:123,0
DA:128,0
DA:129,0
DA:130,0
DA:132,0
DA:142,0
DA:152,0
DA:162,0
DA:172,0
DA:173,0
DA:174,0
DA:175,0
DA:177,0
DA:178,0
DA:179,0
DA:180,0
DA:181,0
DA:182,0
DA:187,0
DA:188,0
DA:189,0
DA:191,0
DA:194,0
DA:195,0
DA:198,0
DA:199,0
DA:201,0
DA:204,0
DA:205,0
DA:206,0
DA:207,0
DA:209,0
DA:211,0
DA:212,0
DA:213,0
DA:214,0
DA:215,0
DA:216,0
DA:219,0
DA:220,0
DA:223,0
DA:224,0
DA:225,0
DA:226,0
DA:234,0
DA:235,0
DA:237,0
DA:238,0
DA:239,0
DA:242,0
DA:243,0
DA:244,0
DA:245,0
DA:246,0
DA:247,0
DA:251,0
DA:252,0
DA:257,0
DA:258,0
DA:263,0
DA:264,0
DA:265,0
DA:267,0
DA:268,0
DA:270,0
DA:271,0
DA:272,0
DA:273,0
DA:276,0
DA:287,0
DA:288,0
DA:289,0
DA:292,0
DA:294,0
DA:295,0
DA:296,0
DA:297,0
DA:298,0
DA:306,0
DA:307,0
DA:308,0
DA:309,0
DA:310,0
DA:312,0
DA:313,0
DA:315,0
DA:316,0
DA:317,0
DA:319,0
DA:320,0
DA:321,0
DA:322,0
DA:338,0
DA:339,0
DA:340,0
DA:342,0
DA:343,0
DA:345,0
DA:346,0
DA:347,0
DA:349,0
DA:350,0
DA:351,0
DA:352,0
DA:354,0
DA:355,0
DA:356,0
DA:357,0
DA:362,0
DA:363,0
DA:364,0
DA:367,0
DA:368,0
DA:369,0
DA:371,0
DA:373,0
DA:384,0
DA:385,0
DA:386,0
DA:387,0
DA:389,0
DA:391,0
DA:392,0
DA:393,0
DA:394,0
DA:395,0
DA:400,0
DA:401,0
DA:402,0
DA:409,0
DA:410,0
DA:411,0
DA:412,0
DA:417,0
DA:419,0
DA:420,0
DA:421,0
DA:423,0
DA:426,0
DA:429,0
DA:430,0
DA:431,0
DA:433,0
DA:437,0
LF:168
LH:0
BRDA:79,0,0,0
BRDA:79,1,0,0
BRDA:79,1,1,0
BRDA:95,2,0,0
BRDA:100,3,0,0
BRDA:225,4,0,0
BRDA:225,4,1,0
BRDA:244,5,0,0
BRDA:296,6,0,0
BRDA:349,7,0,0
BRDA:349,7,1,0
BRDA:350,8,0,0
BRDA:350,8,1,0
BRDA:351,9,0,0
BRDA:351,9,1,0
BRDA:393,10,0,0
BRDA:419,11,0,0
BRDA:419,11,1,0
BRDA:419,11,2,0
BRDA:420,12,0,0
BRDA:420,12,1,0
BRDA:433,13,0,0
BRDA:433,13,1,0
BRF:23
BRH:0
end_of_record
TN:
SF:src/tests/test_network_lag.ts
FN:26,(anonymous_0)
FN:61,(anonymous_1)
FN:64,(anonymous_2)
FN:65,(anonymous_3)
FN:71,(anonymous_4)
FN:86,(anonymous_5)
FN:103,(anonymous_6)
FN:111,(anonymous_7)
FN:132,(anonymous_8)
FN:205,(anonymous_9)
FN:221,sleep
FN:222,(anonymous_11)
FN:228,testNormalCashout
FN:261,testLatePacketAttack
FN:310,testRapidFireAttack
FN:340,(anonymous_15)
FN:341,(anonymous_16)
FN:357,testExactCrashPointCashout
FN:390,main
FN:419,(anonymous_19)
FNF:20
FNH:0
FNDA:0,(anonymous_0)
FNDA:0,(anonymous_1)
FNDA:0,(anonymous_2)
FNDA:0,(anonymous_3)
FNDA:0,(anonymous_4)
FNDA:0,(anonymous_5)
FNDA:0,(anonymous_6)
FNDA:0,(anonymous_7)
FNDA:0,(anonymous_8)
FNDA:0,(anonymous_9)
FNDA:0,sleep
FNDA:0,(anonymous_11)
FNDA:0,testNormalCashout
FNDA:0,testLatePacketAttack
FNDA:0,testRapidFireAttack
FNDA:0,(anonymous_15)
FNDA:0,(anonymous_16)
FNDA:0,testExactCrashPointCashout
FNDA:0,main
FNDA:0,(anonymous_19)
DA:19,0
DA:20,0
DA:26,0
DA:27,0
DA:28,0
DA:29,0
DA:62,0
DA:63,0
DA:64,0
DA:65,0
DA:72,0
DA:80,0
DA:87,0
DA:88,0
DA:91,0
DA:97,0
DA:104,0
DA:105,0
DA:112,0
DA:114,0
DA:115,0
DA:116,0
DA:119,0
DA:120,0
DA:121,0
DA:125,0
DA:133,0
DA:136,0
DA:137,0
DA:148,0
DA:149,0
DA:159,0
DA:160,0
DA:161,0
DA:170,0
DA:171,0
DA:181,0
DA:182,0
DA:192,0
DA:193,0
DA:194,0
DA:196,0
DA:206,0
DA:222,0
DA:229,0
DA:231,0
DA:232,0
DA:233,0
DA:235,0
DA:236,0
DA:237,0
DA:239,0
DA:240,0
DA:242,0
DA:243,0
DA:244,0
DA:245,0
DA:247,0
DA:250,0
DA:262,0
DA:264,0
DA:265,0
DA:266,0
DA:268,0
DA:269,0
DA:270,0
DA:272,0
DA:273,0
DA:275,0
DA:278,0
DA:279,0
DA:282,0
DA:283,0
DA:285,0
DA:286,0
DA:289,0
DA:291,0
DA:292,0
DA:293,0
DA:294,0
DA:295,0
DA:299,0
DA:311,0
DA:313,0
DA:314,0
DA:315,0
DA:317,0
DA:320,0
DA:321,0
DA:324,0
DA:325,0
DA:328,0
DA:329,0
DA:332,0
DA:334,0
DA:335,0
DA:336,0
DA:337,0
DA:340,0
DA:341,0
DA:343,0
DA:344,0
DA:347,0
DA:358,0
DA:360,0
DA:361,0
DA:362,0
DA:364,0
DA:365,0
DA:366,0
DA:368,0
DA:371,0
DA:373,0
DA:374,0
DA:375,0
DA:378,0
DA:391,0
DA:392,0
DA:393,0
DA:394,0
DA:395,0
DA:397,0
DA:400,0
DA:401,0
DA:402,0
DA:403,0
DA:406,0
DA:407,0
DA:408,0
DA:409,0
DA:410,0
DA:412,0
DA:413,0
DA:414,0
DA:415,0
DA:416,0
DA:419,0
DA:421,0
DA:422,0
DA:423,0
DA:425,0
DA:427,0
DA:428,0
DA:432,0
LF:144
LH:0
BRDA:26,0,0,0
BRDA:26,0,1,0
BRDA:87,1,0,0
BRDA:87,2,0,0
BRDA:87,2,1,0
BRDA:104,3,0,0
BRDA:112,4,0,0
BRDA:120,5,0,0
BRDA:136,6,0,0
BRDA:148,7,0,0
BRDA:160,8,0,0
BRDA:170,9,0,0
BRDA:181,10,0,0
BRDA:206,11,0,0
BRDA:206,11,1,0
BRDA:243,12,0,0
BRDA:243,12,1,0
BRDA:244,13,0,0
BRDA:244,13,1,0
BRDA:253,14,0,0
BRDA:253,14,1,0
BRDA:293,15,0,0
BRDA:293,15,1,0
BRDA:294,16,0,0
BRDA:301,17,0,0
BRDA:301,17,1,0
BRDA:302,18,0,0
BRDA:302,18,1,0
BRDA:349,19,0,0
BRDA:349,19,1,0
BRDA:373,20,0,0
BRDA:373,20,1,0
BRDA:374,21,0,0
BRDA:381,22,0,0
BRDA:381,22,1,0
BRDA:413,23,0,0
BRDA:413,23,1,0
BRDA:422,24,0,0
BRDA:422,24,1,0
BRF:39
BRH:0
end_of_record
TN:
SF:src/tests/test_socket_chaos.ts
FN:69,getMemoryUsageMB
FN:74,generateToken
FN:78,sleep
FN:79,(anonymous_3)
FN:86,runChaosTest
FN:139,(anonymous_5)
FN:140,(anonymous_6)
FN:145,(anonymous_7)
FN:146,(anonymous_8)
FN:170,(anonymous_9)
FN:181,(anonymous_10)
FN:186,(anonymous_11)
FN:194,(anonymous_12)
FN:215,(anonymous_13)
FN:216,(anonymous_14)
FN:244,(anonymous_15)
FN:245,(anonymous_16)
FN:432,(anonymous_17)
FN:433,(anonymous_18)
FNF:19
FNH:0
FNDA:0,getMemoryUsageMB
FNDA:0,generateToken
FNDA:0,sleep
FNDA:0,(anonymous_3)
FNDA:0,runChaosTest
FNDA:0,(anonymous_5)
FNDA:0,(anonymous_6)
FNDA:0,(anonymous_7)
FNDA:0,(anonymous_8)
FNDA:0,(anonymous_9)
FNDA:0,(anonymous_10)
FNDA:0,(anonymous_11)
FNDA:0,(anonymous_12)
FNDA:0,(anonymous_13)
FNDA:0,(anonymous_14)
FNDA:0,(anonymous_15)
FNDA:0,(anonymous_16)
FNDA:0,(anonymous_17)
FNDA:0,(anonymous_18)
DA:23,0
DA:24,0
DA:25,0
DA:26,0
DA:27,0
DA:28,0
DA:34,0
DA:35,0
DA:36,0
DA:37,0
DA:38,0
DA:39,0
DA:40,0
DA:70,0
DA:71,0
DA:75,0
DA:79,0
DA:87,0
DA:88,0
DA:89,0
DA:90,0
DA:91,0
DA:93,0
DA:110,0
DA:111,0
DA:112,0
DA:113,0
DA:114,0
DA:119,0
DA:120,0
DA:121,0
DA:123,0
DA:124,0
DA:132,0
DA:133,0
DA:135,0
DA:138,0
DA:139,0
DA:140,0
DA:141,0
DA:145,0
DA:146,0
DA:147,0
DA:148,0
DA:155,0
DA:156,0
DA:157,0
DA:158,0
DA:160,0
DA:161,0
DA:162,0
DA:165,0
DA:167,0
DA:168,0
DA:170,0
DA:171,0
DA:173,0
DA:181,0
DA:182,0
DA:183,0
DA:186,0
DA:187,0
DA:188,0
DA:189,0
DA:190,0
DA:191,0
DA:194,0
DA:195,0
DA:196,0
DA:200,0
DA:203,0
DA:204,0
DA:205,0
DA:206,0
DA:207,0
DA:208,0
DA:213,0
DA:214,0
DA:215,0
DA:216,0
DA:218,0
DA:219,0
DA:220,0
DA:221,0
DA:222,0
DA:223,0
DA:224,0
DA:227,0
DA:228,0
DA:233,0
DA:234,0
DA:235,0
DA:236,0
DA:239,0
DA:240,0
DA:241,0
DA:244,0
DA:245,0
DA:246,0
DA:247,0
DA:252,0
DA:255,0
DA:256,0
DA:257,0
DA:259,0
DA:262,0
DA:263,0
DA:264,0
DA:265,0
DA:266,0
DA:271,0
DA:274,0
DA:277,0
DA:279,0
DA:280,0
DA:281,0
DA:283,0
DA:287,0
DA:288,0
DA:289,0
DA:290,0
DA:291,0
DA:292,0
DA:297,0
DA:298,0
DA:299,0
DA:300,0
DA:302,0
DA:303,0
DA:306,0
DA:307,0
DA:309,0
DA:310,0
DA:313,0
DA:314,0
DA:317,0
DA:320,0
DA:321,0
DA:322,0
DA:323,0
DA:325,0
DA:329,0
DA:332,0
DA:333,0
DA:334,0
DA:337,0
DA:338,0
DA:340,0
DA:341,0
DA:346,0
DA:347,0
DA:348,0
DA:349,0
DA:350,0
DA:353,0
DA:354,0
DA:355,0
DA:356,0
DA:357,0
DA:358,0
DA:359,0
DA:360,0
DA:361,0
DA:364,0
DA:365,0
DA:366,0
DA:367,0
DA:368,0
DA:369,0
DA:370,0
DA:373,0
DA:374,0
DA:375,0
DA:376,0
DA:377,0
DA:378,0
DA:379,0
DA:380,0
DA:385,0
DA:386,0
DA:388,0
DA:389,0
DA:390,0
DA:392,0
DA:393,0
DA:394,0
DA:395,0
DA:400,0
DA:402,0
DA:403,0
DA:405,0
DA:406,0
DA:407,0
DA:408,0
DA:409,0
DA:410,0
DA:411,0
DA:412,0
DA:413,0
DA:414,0
DA:415,0
DA:416,0
DA:418,0
DA:419,0
DA:420,0
DA:421,0
DA:424,0
DA:429,0
DA:430,0
DA:432,0
DA:433,0
DA:436,0
DA:438,0
DA:442,0
LF:214
LH:0
BRDA:110,0,0,0
BRDA:110,0,1,0
BRDA:203,1,0,0
BRDA:203,2,0,0
BRDA:203,2,1,0
BRDA:246,3,0,0
BRDA:264,4,0,0
BRDA:283,5,0,0
BRDA:283,5,1,0
BRDA:322,6,0,0
BRDA:332,7,0,0
BRDA:392,8,0,0
BRDA:392,8,1,0
BRDA:393,9,0,0
BRDA:393,9,1,0
BRDA:394,10,0,0
BRDA:394,10,1,0
BRDA:402,11,0,0
BRDA:402,11,1,0
BRDA:403,12,0,0
BRDA:403,12,1,0
BRDA:405,13,0,0
BRDA:405,13,1,0
BRDA:405,14,0,0
BRDA:405,14,1,0
BRDA:411,15,0,0
BRDA:411,15,1,0
BRDA:415,16,0,0
BRDA:415,16,1,0
BRDA:419,17,0,0
BRDA:420,18,0,0
BRDA:438,19,0,0
BRDA:438,19,1,0
BRF:33
BRH:0
end_of_record
TN:
SF:src/tests/test_sockets.ts
FN:50,runSocketTest
FN:75,(anonymous_1)
FN:76,(anonymous_2)
FN:103,(anonymous_3)
FN:118,(anonymous_4)
FN:125,(anonymous_5)
FN:134,(anonymous_6)
FN:156,(anonymous_7)
FN:183,(anonymous_8)
FN:194,(anonymous_9)
FN:206,(anonymous_10)
FN:207,(anonymous_11)
FN:208,(anonymous_12)
FN:209,(anonymous_13)
FN:209,(anonymous_14)
FN:222,(anonymous_15)
FN:223,(anonymous_16)
FN:224,(anonymous_17)
FN:225,(anonymous_18)
FN:237,(anonymous_19)
FN:238,(anonymous_20)
FN:239,(anonymous_21)
FN:309,(anonymous_22)
FN:310,(anonymous_23)
FNF:24
FNH:0
FNDA:0,runSocketTest
FNDA:0,(anonymous_1)
FNDA:0,(anonymous_2)
FNDA:0,(anonymous_3)
FNDA:0,(anonymous_4)
FNDA:0,(anonymous_5)
FNDA:0,(anonymous_6)
FNDA:0,(anonymous_7)
FNDA:0,(anonymous_8)
FNDA:0,(anonymous_9)
FNDA:0,(anonymous_10)
FNDA:0,(anonymous_11)
FNDA:0,(anonymous_12)
FNDA:0,(anonymous_13)
FNDA:0,(anonymous_14)
FNDA:0,(anonymous_15)
FNDA:0,(anonymous_16)
FNDA:0,(anonymous_17)
FNDA:0,(anonymous_18)
FNDA:0,(anonymous_19)
FNDA:0,(anonymous_20)
FNDA:0,(anonymous_21)
FNDA:0,(anonymous_22)
FNDA:0,(anonymous_23)
DA:17,0
DA:18,0
DA:19,0
DA:20,0
DA:21,0
DA:27,0
DA:28,0
DA:29,0
DA:30,0
DA:51,0
DA:52,0
DA:53,0
DA:54,0
DA:55,0
DA:60,0
DA:61,0
DA:62,0
DA:64,0
DA:65,0
DA:70,0
DA:71,0
DA:73,0
DA:75,0
DA:76,0
DA:77,0
DA:78,0
DA:85,0
DA:86,0
DA:87,0
DA:88,0
DA:90,0
DA:91,0
DA:92,0
DA:95,0
DA:97,0
DA:98,0
DA:100,0
DA:101,0
DA:103,0
DA:104,0
DA:105,0
DA:110,0
DA:118,0
DA:119,0
DA:120,0
DA:121,0
DA:122,0
DA:125,0
DA:126,0
DA:127,0
DA:128,0
DA:130,0
DA:131,0
DA:134,0
DA:135,0
DA:136,0
DA:139,0
DA:140,0
DA:143,0
DA:146,0
DA:147,0
DA:148,0
DA:151,0
DA:152,0
DA:153,0
DA:156,0
DA:161,0
DA:162,0
DA:163,0
DA:164,0
DA:166,0
DA:167,0
DA:169,0
DA:171,0
DA:172,0
DA:173,0
DA:174,0
DA:176,0
DA:183,0
DA:185,0
DA:186,0
DA:190,0
DA:191,0
DA:194,0
DA:199,0
DA:200,0
DA:201,0
DA:202,0
DA:203,0
DA:206,0
DA:207,0
DA:208,0
DA:209,0
DA:211,0
DA:212,0
DA:213,0
DA:214,0
DA:215,0
DA:216,0
DA:217,0
DA:218,0
DA:219,0
DA:222,0
DA:223,0
DA:224,0
DA:225,0
DA:227,0
DA:228,0
DA:229,0
DA:230,0
DA:231,0
DA:232,0
DA:233,0
DA:236,0
DA:237,0
DA:238,0
DA:239,0
DA:241,0
DA:242,0
DA:243,0
DA:245,0
DA:246,0
DA:247,0
DA:248,0
DA:251,0
DA:252,0
DA:253,0
DA:254,0
DA:255,0
DA:256,0
DA:257,0
DA:262,0
DA:263,0
DA:265,0
DA:266,0
DA:267,0
DA:269,0
DA:270,0
DA:271,0
DA:272,0
DA:277,0
DA:279,0
DA:281,0
DA:282,0
DA:283,0
DA:284,0
DA:285,0
DA:286,0
DA:287,0
DA:288,0
DA:289,0
DA:291,0
DA:292,0
DA:295,0
DA:300,0
DA:301,0
DA:304,0
DA:305,0
DA:309,0
DA:310,0
DA:313,0
DA:315,0
DA:319,0
LF:163
LH:0
BRDA:127,0,0,0
BRDA:185,1,0,0
BRDA:245,2,0,0
BRDA:253,3,0,0
BRDA:253,3,1,0
BRDA:254,4,0,0
BRDA:254,4,1,0
BRDA:269,5,0,0
BRDA:269,5,1,0
BRDA:270,6,0,0
BRDA:270,6,1,0
BRDA:271,7,0,0
BRDA:271,7,1,0
BRDA:279,8,0,0
BRDA:279,8,1,0
BRDA:279,8,2,0
BRDA:281,9,0,0
BRDA:281,9,1,0
BRDA:286,10,0,0
BRDA:286,10,1,0
BRDA:315,11,0,0
BRDA:315,11,1,0
BRF:22
BRH:0
end_of_record
