{"total": {"lines":{"total":3975,"covered":739,"skipped":0,"pct":18.59},"statements":{"total":4221,"covered":785,"skipped":0,"pct":18.59},"functions":{"total":682,"covered":123,"skipped":0,"pct":18.03},"branches":{"total":1004,"covered":208,"skipped":0,"pct":20.71},"branchesTrue":{"total":0,"covered":0,"skipped":0,"pct":100}}
,"/var/www/stek/backend/src/app.module.ts": {"lines":{"total":16,"covered":0,"skipped":0,"pct":0},"functions":{"total":0,"covered":0,"skipped":0,"pct":100},"statements":{"total":18,"covered":0,"skipped":0,"pct":0},"branches":{"total":0,"covered":0,"skipped":0,"pct":100}}
,"/var/www/stek/backend/src/main.ts": {"lines":{"total":34,"covered":0,"skipped":0,"pct":0},"functions":{"total":4,"covered":0,"skipped":0,"pct":0},"statements":{"total":35,"covered":0,"skipped":0,"pct":0},"branches":{"total":5,"covered":0,"skipped":0,"pct":0}}
,"/var/www/stek/backend/src/common/filters/all-exceptions.filter.ts": {"lines":{"total":24,"covered":0,"skipped":0,"pct":0},"functions":{"total":2,"covered":0,"skipped":0,"pct":0},"statements":{"total":26,"covered":0,"skipped":0,"pct":0},"branches":{"total":14,"covered":0,"skipped":0,"pct":0}}
,"/var/www/stek/backend/src/common/interceptors/logging.interceptor.ts": {"lines":{"total":17,"covered":0,"skipped":0,"pct":0},"functions":{"total":4,"covered":0,"skipped":0,"pct":0},"statements":{"total":19,"covered":0,"skipped":0,"pct":0},"branches":{"total":6,"covered":0,"skipped":0,"pct":0}}
,"/var/www/stek/backend/src/gateway/app.gateway.ts": {"lines":{"total":159,"covered":0,"skipped":0,"pct":0},"functions":{"total":50,"covered":0,"skipped":0,"pct":0},"statements":{"total":162,"covered":0,"skipped":0,"pct":0},"branches":{"total":35,"covered":0,"skipped":0,"pct":0}}
,"/var/www/stek/backend/src/gateway/socket.integration.ts": {"lines":{"total":31,"covered":0,"skipped":0,"pct":0},"functions":{"total":19,"covered":0,"skipped":0,"pct":0},"statements":{"total":31,"covered":0,"skipped":0,"pct":0},"branches":{"total":1,"covered":0,"skipped":0,"pct":0}}
,"/var/www/stek/backend/src/integration/api-key.guard.ts": {"lines":{"total":12,"covered":0,"skipped":0,"pct":0},"functions":{"total":1,"covered":0,"skipped":0,"pct":0},"statements":{"total":14,"covered":0,"skipped":0,"pct":0},"branches":{"total":3,"covered":0,"skipped":0,"pct":0}}
,"/var/www/stek/backend/src/integration/integration.controller.ts": {"lines":{"total":21,"covered":0,"skipped":0,"pct":0},"functions":{"total":6,"covered":0,"skipped":0,"pct":0},"statements":{"total":23,"covered":0,"skipped":0,"pct":0},"branches":{"total":0,"covered":0,"skipped":0,"pct":100}}
,"/var/www/stek/backend/src/integration/integration.dto.ts": {"lines":{"total":26,"covered":26,"skipped":0,"pct":100},"functions":{"total":4,"covered":2,"skipped":0,"pct":50},"statements":{"total":28,"covered":26,"skipped":0,"pct":92.85},"branches":{"total":4,"covered":4,"skipped":0,"pct":100}}
,"/var/www/stek/backend/src/integration/integration.module.ts": {"lines":{"total":6,"covered":0,"skipped":0,"pct":0},"functions":{"total":0,"covered":0,"skipped":0,"pct":100},"statements":{"total":8,"covered":0,"skipped":0,"pct":0},"branches":{"total":0,"covered":0,"skipped":0,"pct":100}}
,"/var/www/stek/backend/src/integration/integration.service.ts": {"lines":{"total":93,"covered":86,"skipped":0,"pct":92.47},"functions":{"total":11,"covered":11,"skipped":0,"pct":100},"statements":{"total":98,"covered":91,"skipped":0,"pct":92.85},"branches":{"total":25,"covered":22,"skipped":0,"pct":88}}
,"/var/www/stek/backend/src/integration/guards/provider-ip.guard.ts": {"lines":{"total":55,"covered":0,"skipped":0,"pct":0},"functions":{"total":7,"covered":0,"skipped":0,"pct":0},"statements":{"total":57,"covered":0,"skipped":0,"pct":0},"branches":{"total":18,"covered":0,"skipped":0,"pct":0}}
,"/var/www/stek/backend/src/integration/guards/signature.service.ts": {"lines":{"total":32,"covered":0,"skipped":0,"pct":0},"functions":{"total":8,"covered":0,"skipped":0,"pct":0},"statements":{"total":34,"covered":0,"skipped":0,"pct":0},"branches":{"total":13,"covered":0,"skipped":0,"pct":0}}
,"/var/www/stek/backend/src/modules/admin/admin-finance.service.ts": {"lines":{"total":47,"covered":0,"skipped":0,"pct":0},"functions":{"total":8,"covered":0,"skipped":0,"pct":0},"statements":{"total":49,"covered":0,"skipped":0,"pct":0},"branches":{"total":16,"covered":0,"skipped":0,"pct":0}}
,"/var/www/stek/backend/src/modules/admin/admin.controller.ts": {"lines":{"total":58,"covered":0,"skipped":0,"pct":0},"functions":{"total":15,"covered":0,"skipped":0,"pct":0},"statements":{"total":60,"covered":0,"skipped":0,"pct":0},"branches":{"total":18,"covered":0,"skipped":0,"pct":0}}
,"/var/www/stek/backend/src/modules/admin/admin.module.ts": {"lines":{"total":7,"covered":0,"skipped":0,"pct":0},"functions":{"total":0,"covered":0,"skipped":0,"pct":100},"statements":{"total":9,"covered":0,"skipped":0,"pct":0},"branches":{"total":0,"covered":0,"skipped":0,"pct":100}}
,"/var/www/stek/backend/src/modules/admin/admin.service.ts": {"lines":{"total":54,"covered":44,"skipped":0,"pct":81.48},"functions":{"total":14,"covered":12,"skipped":0,"pct":85.71},"statements":{"total":58,"covered":48,"skipped":0,"pct":82.75},"branches":{"total":28,"covered":13,"skipped":0,"pct":46.42}}
,"/var/www/stek/backend/src/modules/affiliate/affiliate.controller.ts": {"lines":{"total":29,"covered":0,"skipped":0,"pct":0},"functions":{"total":6,"covered":0,"skipped":0,"pct":0},"statements":{"total":31,"covered":0,"skipped":0,"pct":0},"branches":{"total":12,"covered":0,"skipped":0,"pct":0}}
,"/var/www/stek/backend/src/modules/affiliate/affiliate.module.ts": {"lines":{"total":5,"covered":0,"skipped":0,"pct":0},"functions":{"total":0,"covered":0,"skipped":0,"pct":100},"statements":{"total":7,"covered":0,"skipped":0,"pct":0},"branches":{"total":0,"covered":0,"skipped":0,"pct":100}}
,"/var/www/stek/backend/src/modules/affiliate/affiliate.service.ts": {"lines":{"total":98,"covered":82,"skipped":0,"pct":83.67},"functions":{"total":37,"covered":19,"skipped":0,"pct":51.35},"statements":{"total":113,"covered":89,"skipped":0,"pct":78.76},"branches":{"total":36,"covered":18,"skipped":0,"pct":50}}
,"/var/www/stek/backend/src/modules/auth/auth.controller.ts": {"lines":{"total":15,"covered":0,"skipped":0,"pct":0},"functions":{"total":6,"covered":0,"skipped":0,"pct":0},"statements":{"total":17,"covered":0,"skipped":0,"pct":0},"branches":{"total":0,"covered":0,"skipped":0,"pct":100}}
,"/var/www/stek/backend/src/modules/auth/auth.module.ts": {"lines":{"total":10,"covered":0,"skipped":0,"pct":0},"functions":{"total":1,"covered":0,"skipped":0,"pct":0},"statements":{"total":12,"covered":0,"skipped":0,"pct":0},"branches":{"total":2,"covered":0,"skipped":0,"pct":0}}
,"/var/www/stek/backend/src/modules/auth/auth.service.ts": {"lines":{"total":74,"covered":74,"skipped":0,"pct":100},"functions":{"total":10,"covered":10,"skipped":0,"pct":100},"statements":{"total":76,"covered":76,"skipped":0,"pct":100},"branches":{"total":27,"covered":27,"skipped":0,"pct":100}}
,"/var/www/stek/backend/src/modules/auth/index.ts": {"lines":{"total":6,"covered":0,"skipped":0,"pct":0},"functions":{"total":0,"covered":0,"skipped":0,"pct":100},"statements":{"total":6,"covered":0,"skipped":0,"pct":0},"branches":{"total":0,"covered":0,"skipped":0,"pct":100}}
,"/var/www/stek/backend/src/modules/auth/jwt-auth.guard.ts": {"lines":{"total":11,"covered":3,"skipped":0,"pct":27.27},"functions":{"total":2,"covered":0,"skipped":0,"pct":0},"statements":{"total":13,"covered":5,"skipped":0,"pct":38.46},"branches":{"total":7,"covered":0,"skipped":0,"pct":0}}
,"/var/www/stek/backend/src/modules/auth/jwt.strategy.ts": {"lines":{"total":16,"covered":0,"skipped":0,"pct":0},"functions":{"total":2,"covered":0,"skipped":0,"pct":0},"statements":{"total":18,"covered":0,"skipped":0,"pct":0},"branches":{"total":4,"covered":0,"skipped":0,"pct":0}}
,"/var/www/stek/backend/src/modules/auth/roles.decorator.ts": {"lines":{"total":3,"covered":0,"skipped":0,"pct":0},"functions":{"total":1,"covered":0,"skipped":0,"pct":0},"statements":{"total":5,"covered":0,"skipped":0,"pct":0},"branches":{"total":0,"covered":0,"skipped":0,"pct":100}}
,"/var/www/stek/backend/src/modules/auth/roles.guard.ts": {"lines":{"total":15,"covered":0,"skipped":0,"pct":0},"functions":{"total":3,"covered":0,"skipped":0,"pct":0},"statements":{"total":18,"covered":0,"skipped":0,"pct":0},"branches":{"total":3,"covered":0,"skipped":0,"pct":0}}
,"/var/www/stek/backend/src/modules/auth/ws-jwt.guard.ts": {"lines":{"total":36,"covered":0,"skipped":0,"pct":0},"functions":{"total":4,"covered":0,"skipped":0,"pct":0},"statements":{"total":38,"covered":0,"skipped":0,"pct":0},"branches":{"total":12,"covered":0,"skipped":0,"pct":0}}
,"/var/www/stek/backend/src/modules/bot/bot.controller.ts": {"lines":{"total":14,"covered":0,"skipped":0,"pct":0},"functions":{"total":5,"covered":0,"skipped":0,"pct":0},"statements":{"total":16,"covered":0,"skipped":0,"pct":0},"branches":{"total":0,"covered":0,"skipped":0,"pct":100}}
,"/var/www/stek/backend/src/modules/bot/bot.module.ts": {"lines":{"total":5,"covered":0,"skipped":0,"pct":0},"functions":{"total":0,"covered":0,"skipped":0,"pct":100},"statements":{"total":7,"covered":0,"skipped":0,"pct":0},"branches":{"total":0,"covered":0,"skipped":0,"pct":100}}
,"/var/www/stek/backend/src/modules/bot/bot.service.ts": {"lines":{"total":131,"covered":39,"skipped":0,"pct":29.77},"functions":{"total":27,"covered":8,"skipped":0,"pct":29.62},"statements":{"total":146,"covered":43,"skipped":0,"pct":29.45},"branches":{"total":39,"covered":7,"skipped":0,"pct":17.94}}
,"/var/www/stek/backend/src/modules/bot/index.ts": {"lines":{"total":3,"covered":0,"skipped":0,"pct":0},"functions":{"total":0,"covered":0,"skipped":0,"pct":100},"statements":{"total":3,"covered":0,"skipped":0,"pct":0},"branches":{"total":0,"covered":0,"skipped":0,"pct":100}}
,"/var/www/stek/backend/src/modules/crash/crash-game-loop.spec.ts": {"lines":{"total":378,"covered":0,"skipped":0,"pct":0},"functions":{"total":86,"covered":0,"skipped":0,"pct":0},"statements":{"total":394,"covered":0,"skipped":0,"pct":0},"branches":{"total":5,"covered":0,"skipped":0,"pct":0}}
,"/var/www/stek/backend/src/modules/crash/crash.gateway.ts": {"lines":{"total":185,"covered":136,"skipped":0,"pct":73.51},"functions":{"total":21,"covered":15,"skipped":0,"pct":71.42},"statements":{"total":187,"covered":138,"skipped":0,"pct":73.79},"branches":{"total":78,"covered":36,"skipped":0,"pct":46.15}}
,"/var/www/stek/backend/src/modules/crash/crash.module.ts": {"lines":{"total":7,"covered":0,"skipped":0,"pct":0},"functions":{"total":0,"covered":0,"skipped":0,"pct":100},"statements":{"total":9,"covered":0,"skipped":0,"pct":0},"branches":{"total":2,"covered":0,"skipped":0,"pct":0}}
,"/var/www/stek/backend/src/modules/crash/crash.service.ts": {"lines":{"total":207,"covered":71,"skipped":0,"pct":34.29},"functions":{"total":30,"covered":12,"skipped":0,"pct":40},"statements":{"total":216,"covered":74,"skipped":0,"pct":34.25},"branches":{"total":62,"covered":7,"skipped":0,"pct":11.29}}
,"/var/www/stek/backend/src/modules/crash/game-config.service.ts": {"lines":{"total":28,"covered":3,"skipped":0,"pct":10.71},"functions":{"total":9,"covered":0,"skipped":0,"pct":0},"statements":{"total":30,"covered":5,"skipped":0,"pct":16.66},"branches":{"total":7,"covered":0,"skipped":0,"pct":0}}
,"/var/www/stek/backend/src/modules/games/games.controller.ts": {"lines":{"total":33,"covered":0,"skipped":0,"pct":0},"functions":{"total":8,"covered":0,"skipped":0,"pct":0},"statements":{"total":35,"covered":0,"skipped":0,"pct":0},"branches":{"total":12,"covered":0,"skipped":0,"pct":0}}
,"/var/www/stek/backend/src/modules/games/games.module.ts": {"lines":{"total":5,"covered":0,"skipped":0,"pct":0},"functions":{"total":0,"covered":0,"skipped":0,"pct":100},"statements":{"total":7,"covered":0,"skipped":0,"pct":0},"branches":{"total":0,"covered":0,"skipped":0,"pct":100}}
,"/var/www/stek/backend/src/modules/games/games.service.ts": {"lines":{"total":55,"covered":55,"skipped":0,"pct":100},"functions":{"total":10,"covered":10,"skipped":0,"pct":100},"statements":{"total":58,"covered":58,"skipped":0,"pct":100},"branches":{"total":21,"covered":21,"skipped":0,"pct":100}}
,"/var/www/stek/backend/src/modules/plinko/plinko-math-verification.ts": {"lines":{"total":65,"covered":0,"skipped":0,"pct":0},"functions":{"total":9,"covered":0,"skipped":0,"pct":0},"statements":{"total":78,"covered":0,"skipped":0,"pct":0},"branches":{"total":18,"covered":0,"skipped":0,"pct":0}}
,"/var/www/stek/backend/src/modules/plinko/plinko.constants.ts": {"lines":{"total":28,"covered":0,"skipped":0,"pct":0},"functions":{"total":6,"covered":0,"skipped":0,"pct":0},"statements":{"total":34,"covered":0,"skipped":0,"pct":0},"branches":{"total":13,"covered":0,"skipped":0,"pct":0}}
,"/var/www/stek/backend/src/modules/plinko/plinko.controller.ts": {"lines":{"total":14,"covered":0,"skipped":0,"pct":0},"functions":{"total":3,"covered":0,"skipped":0,"pct":0},"statements":{"total":16,"covered":0,"skipped":0,"pct":0},"branches":{"total":0,"covered":0,"skipped":0,"pct":100}}
,"/var/www/stek/backend/src/modules/plinko/plinko.module.ts": {"lines":{"total":5,"covered":0,"skipped":0,"pct":0},"functions":{"total":0,"covered":0,"skipped":0,"pct":100},"statements":{"total":7,"covered":0,"skipped":0,"pct":0},"branches":{"total":0,"covered":0,"skipped":0,"pct":100}}
,"/var/www/stek/backend/src/modules/plinko/plinko.service.ts": {"lines":{"total":43,"covered":0,"skipped":0,"pct":0},"functions":{"total":5,"covered":0,"skipped":0,"pct":0},"statements":{"total":46,"covered":0,"skipped":0,"pct":0},"branches":{"total":12,"covered":0,"skipped":0,"pct":0}}
,"/var/www/stek/backend/src/modules/users/users.controller.ts": {"lines":{"total":17,"covered":0,"skipped":0,"pct":0},"functions":{"total":7,"covered":0,"skipped":0,"pct":0},"statements":{"total":19,"covered":0,"skipped":0,"pct":0},"branches":{"total":8,"covered":0,"skipped":0,"pct":0}}
,"/var/www/stek/backend/src/modules/users/users.module.ts": {"lines":{"total":5,"covered":0,"skipped":0,"pct":0},"functions":{"total":0,"covered":0,"skipped":0,"pct":100},"statements":{"total":7,"covered":0,"skipped":0,"pct":0},"branches":{"total":0,"covered":0,"skipped":0,"pct":100}}
,"/var/www/stek/backend/src/modules/users/users.service.ts": {"lines":{"total":54,"covered":0,"skipped":0,"pct":0},"functions":{"total":17,"covered":0,"skipped":0,"pct":0},"statements":{"total":61,"covered":0,"skipped":0,"pct":0},"branches":{"total":47,"covered":0,"skipped":0,"pct":0}}
,"/var/www/stek/backend/src/modules/wallet/cashier.controller.ts": {"lines":{"total":64,"covered":64,"skipped":0,"pct":100},"functions":{"total":11,"covered":11,"skipped":0,"pct":100},"statements":{"total":68,"covered":68,"skipped":0,"pct":100},"branches":{"total":32,"covered":32,"skipped":0,"pct":100}}
,"/var/www/stek/backend/src/modules/wallet/cashier.module.ts": {"lines":{"total":5,"covered":0,"skipped":0,"pct":0},"functions":{"total":0,"covered":0,"skipped":0,"pct":100},"statements":{"total":7,"covered":0,"skipped":0,"pct":0},"branches":{"total":0,"covered":0,"skipped":0,"pct":100}}
,"/var/www/stek/backend/src/modules/wallet/cashier.service.ts": {"lines":{"total":88,"covered":53,"skipped":0,"pct":60.22},"functions":{"total":18,"covered":13,"skipped":0,"pct":72.22},"statements":{"total":94,"covered":59,"skipped":0,"pct":62.76},"branches":{"total":31,"covered":21,"skipped":0,"pct":67.74}}
,"/var/www/stek/backend/src/prisma/prisma.module.ts": {"lines":{"total":3,"covered":0,"skipped":0,"pct":0},"functions":{"total":0,"covered":0,"skipped":0,"pct":100},"statements":{"total":5,"covered":0,"skipped":0,"pct":0},"branches":{"total":0,"covered":0,"skipped":0,"pct":100}}
,"/var/www/stek/backend/src/prisma/prisma.service.ts": {"lines":{"total":7,"covered":3,"skipped":0,"pct":42.85},"functions":{"total":3,"covered":0,"skipped":0,"pct":0},"statements":{"total":9,"covered":5,"skipped":0,"pct":55.55},"branches":{"total":2,"covered":0,"skipped":0,"pct":0}}
,"/var/www/stek/backend/src/tests/hammer_test.ts": {"lines":{"total":109,"covered":0,"skipped":0,"pct":0},"functions":{"total":14,"covered":0,"skipped":0,"pct":0},"statements":{"total":112,"covered":0,"skipped":0,"pct":0},"branches":{"total":22,"covered":0,"skipped":0,"pct":0}}
,"/var/www/stek/backend/src/tests/simulate_crash.ts": {"lines":{"total":112,"covered":0,"skipped":0,"pct":0},"functions":{"total":17,"covered":0,"skipped":0,"pct":0},"statements":{"total":117,"covered":0,"skipped":0,"pct":0},"branches":{"total":25,"covered":0,"skipped":0,"pct":0}}
,"/var/www/stek/backend/src/tests/test_auth_flow.ts": {"lines":{"total":130,"covered":0,"skipped":0,"pct":0},"functions":{"total":24,"covered":0,"skipped":0,"pct":0},"statements":{"total":133,"covered":0,"skipped":0,"pct":0},"branches":{"total":30,"covered":0,"skipped":0,"pct":0}}
,"/var/www/stek/backend/src/tests/test_commission_flood.ts": {"lines":{"total":162,"covered":0,"skipped":0,"pct":0},"functions":{"total":11,"covered":0,"skipped":0,"pct":0},"statements":{"total":167,"covered":0,"skipped":0,"pct":0},"branches":{"total":29,"covered":0,"skipped":0,"pct":0}}
,"/var/www/stek/backend/src/tests/test_gauntlet.ts": {"lines":{"total":191,"covered":0,"skipped":0,"pct":0},"functions":{"total":35,"covered":0,"skipped":0,"pct":0},"statements":{"total":201,"covered":0,"skipped":0,"pct":0},"branches":{"total":76,"covered":0,"skipped":0,"pct":0}}
,"/var/www/stek/backend/src/tests/test_house_edge.ts": {"lines":{"total":123,"covered":0,"skipped":0,"pct":0},"functions":{"total":7,"covered":0,"skipped":0,"pct":0},"statements":{"total":126,"covered":0,"skipped":0,"pct":0},"branches":{"total":27,"covered":0,"skipped":0,"pct":0}}
,"/var/www/stek/backend/src/tests/test_mlm_flow.ts": {"lines":{"total":168,"covered":0,"skipped":0,"pct":0},"functions":{"total":11,"covered":0,"skipped":0,"pct":0},"statements":{"total":169,"covered":0,"skipped":0,"pct":0},"branches":{"total":23,"covered":0,"skipped":0,"pct":0}}
,"/var/www/stek/backend/src/tests/test_network_lag.ts": {"lines":{"total":144,"covered":0,"skipped":0,"pct":0},"functions":{"total":20,"covered":0,"skipped":0,"pct":0},"statements":{"total":152,"covered":0,"skipped":0,"pct":0},"branches":{"total":39,"covered":0,"skipped":0,"pct":0}}
,"/var/www/stek/backend/src/tests/test_socket_chaos.ts": {"lines":{"total":214,"covered":0,"skipped":0,"pct":0},"functions":{"total":19,"covered":0,"skipped":0,"pct":0},"statements":{"total":223,"covered":0,"skipped":0,"pct":0},"branches":{"total":33,"covered":0,"skipped":0,"pct":0}}
,"/var/www/stek/backend/src/tests/test_sockets.ts": {"lines":{"total":163,"covered":0,"skipped":0,"pct":0},"functions":{"total":24,"covered":0,"skipped":0,"pct":0},"statements":{"total":179,"covered":0,"skipped":0,"pct":0},"branches":{"total":22,"covered":0,"skipped":0,"pct":0}}
}
