TN:
SF:src/app.module.ts
FNF:0
FNH:0
DA:1,0
DA:2,0
DA:3,0
DA:4,0
DA:5,0
DA:6,0
DA:7,0
DA:8,0
DA:9,0
DA:10,0
DA:11,0
DA:12,0
DA:13,0
DA:58,0
LF:14
LH:0
BRF:0
BRH:0
end_of_record
TN:
SF:src/main.ts
FN:5,bootstrap
FN:23,(anonymous_1)
FNF:2
FNH:0
FNDA:0,bootstrap
FNDA:0,(anonymous_1)
DA:1,0
DA:2,0
DA:3,0
DA:6,0
DA:11,0
DA:22,0
DA:25,0
DA:27,0
DA:28,0
DA:30,0
DA:31,0
DA:42,0
DA:58,0
DA:59,0
DA:61,0
DA:62,0
DA:63,0
DA:64,0
DA:67,0
LF:19
LH:0
BRDA:25,0,0,0
BRDA:27,1,0,0
BRDA:27,1,1,0
BRDA:58,2,0,0
BRDA:58,2,1,0
BRF:5
BRH:0
end_of_record
TN:
SF:src/gateway/app.gateway.ts
FN:42,(anonymous_0)
FN:47,(anonymous_1)
FN:50,(anonymous_2)
FN:62,(anonymous_3)
FN:77,(anonymous_4)
FN:81,(anonymous_5)
FN:86,(anonymous_6)
FN:95,(anonymous_7)
FN:99,(anonymous_8)
FN:108,(anonymous_9)
FN:180,(anonymous_10)
FN:191,(anonymous_11)
FN:195,(anonymous_12)
FN:200,(anonymous_13)
FN:209,(anonymous_14)
FN:235,(anonymous_15)
FN:266,(anonymous_16)
FN:271,(anonymous_17)
FN:291,(anonymous_18)
FN:293,(anonymous_19)
FN:299,(anonymous_20)
FN:305,(anonymous_21)
FN:311,(anonymous_22)
FN:317,(anonymous_23)
FN:322,(anonymous_24)
FN:335,(anonymous_25)
FN:347,(anonymous_26)
FN:356,(anonymous_27)
FN:408,(anonymous_28)
FN:415,(anonymous_29)
FN:422,(anonymous_30)
FN:429,(anonymous_31)
FN:440,(anonymous_32)
FN:447,(anonymous_33)
FN:454,(anonymous_34)
FN:462,(anonymous_35)
FN:464,(anonymous_36)
FN:469,(anonymous_37)
FN:474,(anonymous_38)
FN:479,(anonymous_39)
FN:484,(anonymous_40)
FN:496,(anonymous_41)
FN:506,(anonymous_42)
FN:513,(anonymous_43)
FN:521,(anonymous_44)
FN:532,(anonymous_45)
FN:539,(anonymous_46)
FN:548,createGateway
FNF:48
FNH:0
FNDA:0,(anonymous_0)
FNDA:0,(anonymous_1)
FNDA:0,(anonymous_2)
FNDA:0,(anonymous_3)
FNDA:0,(anonymous_4)
FNDA:0,(anonymous_5)
FNDA:0,(anonymous_6)
FNDA:0,(anonymous_7)
FNDA:0,(anonymous_8)
FNDA:0,(anonymous_9)
FNDA:0,(anonymous_10)
FNDA:0,(anonymous_11)
FNDA:0,(anonymous_12)
FNDA:0,(anonymous_13)
FNDA:0,(anonymous_14)
FNDA:0,(anonymous_15)
FNDA:0,(anonymous_16)
FNDA:0,(anonymous_17)
FNDA:0,(anonymous_18)
FNDA:0,(anonymous_19)
FNDA:0,(anonymous_20)
FNDA:0,(anonymous_21)
FNDA:0,(anonymous_22)
FNDA:0,(anonymous_23)
FNDA:0,(anonymous_24)
FNDA:0,(anonymous_25)
FNDA:0,(anonymous_26)
FNDA:0,(anonymous_27)
FNDA:0,(anonymous_28)
FNDA:0,(anonymous_29)
FNDA:0,(anonymous_30)
FNDA:0,(anonymous_31)
FNDA:0,(anonymous_32)
FNDA:0,(anonymous_33)
FNDA:0,(anonymous_34)
FNDA:0,(anonymous_35)
FNDA:0,(anonymous_36)
FNDA:0,(anonymous_37)
FNDA:0,(anonymous_38)
FNDA:0,(anonymous_39)
FNDA:0,(anonymous_40)
FNDA:0,(anonymous_41)
FNDA:0,(anonymous_42)
FNDA:0,(anonymous_43)
FNDA:0,(anonymous_44)
FNDA:0,(anonymous_45)
FNDA:0,(anonymous_46)
FNDA:0,createGateway
DA:20,0
DA:21,0
DA:36,0
DA:39,0
DA:40,0
DA:43,0
DA:44,0
DA:47,0
DA:51,0
DA:52,0
DA:55,0
DA:56,0
DA:57,0
DA:58,0
DA:62,0
DA:63,0
DA:66,0
DA:67,0
DA:68,0
DA:72,0
DA:73,0
DA:74,0
DA:78,0
DA:82,0
DA:83,0
DA:85,0
DA:86,0
DA:87,0
DA:88,0
DA:90,0
DA:96,0
DA:100,0
DA:101,0
DA:109,0
DA:110,0
DA:157,0
DA:158,0
DA:159,0
DA:165,0
DA:168,0
DA:169,0
DA:170,0
DA:173,0
DA:181,0
DA:182,0
DA:183,0
DA:184,0
DA:192,0
DA:195,0
DA:196,0
DA:200,0
DA:201,0
DA:210,0
DA:212,0
DA:214,0
DA:215,0
DA:216,0
DA:217,0
DA:220,0
DA:221,0
DA:222,0
DA:223,0
DA:224,0
DA:225,0
DA:227,0
DA:237,0
DA:238,0
DA:239,0
DA:240,0
DA:243,0
DA:244,0
DA:245,0
DA:247,0
DA:250,0
DA:254,0
DA:257,0
DA:266,0
DA:267,0
DA:272,0
DA:273,0
DA:276,0
DA:279,0
DA:280,0
DA:281,0
DA:282,0
DA:293,0
DA:294,0
DA:295,0
DA:299,0
DA:300,0
DA:301,0
DA:305,0
DA:306,0
DA:307,0
DA:311,0
DA:312,0
DA:313,0
DA:317,0
DA:318,0
DA:322,0
DA:323,0
DA:324,0
DA:325,0
DA:327,0
DA:335,0
DA:336,0
DA:337,0
DA:338,0
DA:340,0
DA:347,0
DA:348,0
DA:358,0
DA:359,0
DA:360,0
DA:364,0
DA:365,0
DA:370,0
DA:374,0
DA:375,0
DA:376,0
DA:379,0
DA:380,0
DA:381,0
DA:385,0
DA:389,0
DA:397,0
DA:409,0
DA:416,0
DA:423,0
DA:430,0
DA:441,0
DA:448,0
DA:455,0
DA:464,0
DA:465,0
DA:469,0
DA:470,0
DA:474,0
DA:475,0
DA:479,0
DA:480,0
DA:484,0
DA:485,0
DA:497,0
DA:507,0
DA:514,0
DA:515,0
DA:522,0
DA:533,0
DA:540,0
DA:548,0
DA:549,0
DA:552,0
LF:153
LH:0
BRDA:42,0,0,0
BRDA:42,1,0,0
BRDA:56,2,0,0
BRDA:66,3,0,0
BRDA:87,4,0,0
BRDA:87,4,1,0
BRDA:104,5,0,0
BRDA:104,5,1,0
BRDA:157,6,0,0
BRDA:157,6,1,0
BRDA:182,7,0,0
BRDA:182,7,1,0
BRDA:210,8,0,0
BRDA:210,8,1,0
BRDA:212,9,0,0
BRDA:243,10,0,0
BRDA:243,11,0,0
BRDA:243,11,1,0
BRDA:244,12,0,0
BRDA:279,13,0,0
BRDA:279,14,0,0
BRDA:279,14,1,0
BRDA:281,15,0,0
BRDA:323,16,0,0
BRDA:336,17,0,0
BRDA:358,18,0,0
BRDA:364,19,0,0
BRDA:374,20,0,0
BRDA:374,21,0,0
BRDA:374,21,1,0
BRDA:380,22,0,0
BRDA:380,23,0,0
BRDA:380,23,1,0
BRDA:394,24,0,0
BRDA:394,24,1,0
BRF:35
BRH:0
end_of_record
TN:
SF:src/gateway/socket.integration.ts
FN:53,(anonymous_0)
FN:58,(anonymous_1)
FN:72,(anonymous_2)
FN:79,(anonymous_3)
FN:86,(anonymous_4)
FN:93,(anonymous_5)
FN:104,(anonymous_6)
FN:115,(anonymous_7)
FN:122,(anonymous_8)
FN:135,(anonymous_9)
FN:142,(anonymous_10)
FN:155,(anonymous_11)
FN:167,(anonymous_12)
FN:180,(anonymous_13)
FN:192,(anonymous_14)
FN:204,(anonymous_15)
FN:211,(anonymous_16)
FN:223,(anonymous_17)
FN:230,(anonymous_18)
FNF:19
FNH:0
FNDA:0,(anonymous_0)
FNDA:0,(anonymous_1)
FNDA:0,(anonymous_2)
FNDA:0,(anonymous_3)
FNDA:0,(anonymous_4)
FNDA:0,(anonymous_5)
FNDA:0,(anonymous_6)
FNDA:0,(anonymous_7)
FNDA:0,(anonymous_8)
FNDA:0,(anonymous_9)
FNDA:0,(anonymous_10)
FNDA:0,(anonymous_11)
FNDA:0,(anonymous_12)
FNDA:0,(anonymous_13)
FNDA:0,(anonymous_14)
FNDA:0,(anonymous_15)
FNDA:0,(anonymous_16)
FNDA:0,(anonymous_17)
FNDA:0,(anonymous_18)
DA:9,0
DA:54,0
DA:55,0
DA:59,0
DA:60,0
DA:62,0
DA:73,0
DA:80,0
DA:87,0
DA:94,0
DA:105,0
DA:116,0
DA:123,0
DA:131,0
DA:133,0
DA:136,0
DA:143,0
DA:144,0
DA:156,0
DA:168,0
DA:181,0
DA:193,0
DA:205,0
DA:212,0
DA:220,0
DA:224,0
DA:238,0
DA:253,0
DA:254,0
DA:255,0
DA:257,0
LF:31
LH:0
BRDA:59,0,0,0
BRF:1
BRH:0
end_of_record
TN:
SF:src/integration/api-key.guard.ts
FN:11,(anonymous_1)
FNF:1
FNH:0
FNDA:0,(anonymous_1)
DA:1,0
DA:10,0
DA:12,0
DA:13,0
DA:15,0
DA:16,0
DA:19,0
DA:21,0
DA:22,0
DA:25,0
DA:26,0
DA:29,0
LF:12
LH:0
BRDA:15,0,0,0
BRDA:21,1,0,0
BRDA:25,2,0,0
BRF:3
BRH:0
end_of_record
TN:
SF:src/integration/integration.controller.ts
FN:24,(anonymous_4)
FN:32,(anonymous_5)
FN:43,(anonymous_6)
FN:59,(anonymous_7)
FN:72,(anonymous_8)
FNF:5
FNH:0
FNDA:0,(anonymous_4)
FNDA:0,(anonymous_5)
FNDA:0,(anonymous_6)
FNDA:0,(anonymous_7)
FNDA:0,(anonymous_8)
DA:1,0
DA:10,0
DA:11,0
DA:12,0
DA:21,0
DA:22,0
DA:24,0
DA:32,0
DA:33,0
DA:34,0
DA:43,0
DA:46,0
DA:50,0
DA:59,0
DA:62,0
DA:63,0
DA:72,0
DA:73,0
LF:18
LH:0
BRF:0
BRH:0
end_of_record
TN:
SF:src/integration/integration.dto.ts
FN:3,(anonymous_2)
FN:19,(anonymous_3)
FN:25,(anonymous_4)
FN:60,(anonymous_5)
FNF:4
FNH:2
FNDA:0,(anonymous_2)
FNDA:2,(anonymous_3)
FNDA:0,(anonymous_4)
FNDA:2,(anonymous_5)
DA:1,2
DA:3,2
DA:5,2
DA:9,2
DA:12,2
DA:19,2
DA:20,2
DA:21,2
DA:22,2
DA:25,2
DA:27,2
DA:31,2
DA:34,2
DA:37,2
DA:40,2
DA:44,2
DA:48,2
DA:51,2
DA:60,2
DA:61,2
DA:62,2
DA:63,2
DA:64,2
DA:65,2
DA:66,2
DA:67,2
LF:26
LH:26
BRDA:19,0,0,2
BRDA:19,0,1,2
BRDA:60,1,0,2
BRDA:60,1,1,2
BRF:4
BRH:4
end_of_record
TN:
SF:src/integration/integration.module.ts
FNF:0
FNH:0
DA:1,0
DA:2,0
DA:3,0
DA:4,0
DA:11,0
LF:5
LH:0
BRF:0
BRH:0
end_of_record
TN:
SF:src/integration/integration.service.ts
FN:18,(anonymous_2)
FN:23,(anonymous_3)
FN:74,(anonymous_4)
FN:178,(anonymous_5)
FN:231,(anonymous_6)
FN:254,(anonymous_7)
FN:296,(anonymous_8)
FNF:7
FNH:7
FNDA:68,(anonymous_2)
FNDA:129,(anonymous_3)
FNDA:34,(anonymous_4)
FNDA:12,(anonymous_5)
FNDA:9,(anonymous_6)
FNDA:1,(anonymous_7)
FNDA:159,(anonymous_8)
DA:1,2
DA:2,2
DA:3,2
DA:4,2
DA:5,2
DA:15,2
DA:16,68
DA:18,68
DA:24,129
DA:26,129
DA:28,129
DA:37,126
DA:38,2
DA:45,124
DA:46,4
DA:52,120
DA:53,120
DA:55,120
DA:57,120
DA:63,3
DA:64,3
DA:75,34
DA:77,34
DA:81,33
DA:82,3
DA:85,3
DA:93,30
DA:96,30
DA:105,29
DA:106,4
DA:114,25
DA:115,3
DA:122,22
DA:125,22
DA:126,2
DA:136,22
DA:141,20
DA:144,11
DA:145,3
DA:148,3
DA:154,8
DA:155,8
DA:156,8
DA:159,5
DA:160,5
DA:161,5
DA:164,3
DA:166,3
DA:167,3
DA:170,1
DA:178,16
DA:180,12
DA:186,12
DA:205,12
DA:208,14
DA:213,14
DA:219,6
DA:220,6
DA:232,9
DA:233,9
DA:238,8
DA:239,2
DA:245,6
DA:246,2
DA:254,4
DA:256,1
DA:262,1
DA:273,1
DA:276,2
DA:278,2
DA:284,3
DA:285,3
DA:297,159
DA:303,159
LF:74
LH:74
BRDA:26,0,0,129
BRDA:26,0,1,2
BRDA:37,1,0,2
BRDA:45,2,0,4
BRDA:45,3,0,124
BRDA:45,3,1,122
BRDA:53,4,0,118
BRDA:53,4,1,2
BRDA:60,5,0,120
BRDA:60,5,1,2
BRDA:81,6,0,3
BRDA:93,7,0,30
BRDA:93,7,1,8
BRDA:105,8,0,4
BRDA:114,9,0,3
BRDA:114,10,0,25
BRDA:114,10,1,23
BRDA:125,11,0,2
BRDA:141,12,0,11
BRDA:141,12,1,5
BRDA:141,12,2,3
BRDA:141,12,3,1
BRDA:144,13,0,3
BRDA:238,14,0,2
BRDA:245,15,0,2
BRDA:303,16,0,159
BRDA:303,16,1,2
BRF:27
BRH:27
end_of_record
TN:
SF:src/modules/admin/admin.controller.ts
FN:21,(anonymous_4)
FN:27,(anonymous_5)
FN:32,(anonymous_6)
FN:37,(anonymous_7)
FN:42,(anonymous_8)
FN:47,(anonymous_9)
FN:52,(anonymous_10)
FN:57,(anonymous_11)
FN:62,(anonymous_12)
FN:67,(anonymous_13)
FN:72,(anonymous_14)
FN:77,(anonymous_15)
FNF:12
FNH:12
FNDA:48,(anonymous_4)
FNDA:4,(anonymous_5)
FNDA:3,(anonymous_6)
FNDA:4,(anonymous_7)
FNDA:4,(anonymous_8)
FNDA:9,(anonymous_9)
FNDA:4,(anonymous_10)
FNDA:5,(anonymous_11)
FNDA:2,(anonymous_12)
FNDA:4,(anonymous_13)
FNDA:3,(anonymous_14)
FNDA:6,(anonymous_15)
DA:1,1
DA:11,1
DA:12,1
DA:13,1
DA:14,1
DA:15,1
DA:20,1
DA:22,48
DA:23,48
DA:27,1
DA:28,4
DA:32,1
DA:33,3
DA:37,1
DA:38,4
DA:42,1
DA:43,4
DA:47,1
DA:48,9
DA:52,1
DA:53,4
DA:57,1
DA:58,5
DA:62,1
DA:63,2
DA:67,1
DA:68,4
DA:72,1
DA:73,3
DA:77,1
DA:78,6
LF:31
LH:31
BRDA:48,0,0,5
BRDA:48,0,1,4
BRDA:78,1,0,1
BRDA:78,1,1,5
BRF:4
BRH:4
end_of_record
TN:
SF:src/modules/admin/admin.module.ts
FN:8,(anonymous_1)
FNF:1
FNH:0
FNDA:0,(anonymous_1)
DA:1,0
DA:2,0
DA:3,0
DA:4,0
DA:5,0
DA:8,0
DA:13,0
LF:7
LH:0
BRF:0
BRH:0
end_of_record
TN:
SF:src/modules/admin/admin.service.ts
FN:7,(anonymous_2)
FN:9,(anonymous_3)
FN:49,(anonymous_4)
FN:70,(anonymous_5)
FN:72,(anonymous_6)
FN:79,(anonymous_7)
FN:97,(anonymous_8)
FN:120,(anonymous_9)
FN:154,(anonymous_10)
FN:175,(anonymous_11)
FN:192,(anonymous_12)
FN:215,(anonymous_13)
FN:232,(anonymous_14)
FN:322,(anonymous_15)
FNF:14
FNH:12
FNDA:17,(anonymous_2)
FNDA:2,(anonymous_3)
FNDA:2,(anonymous_4)
FNDA:1,(anonymous_5)
FNDA:1,(anonymous_6)
FNDA:1,(anonymous_7)
FNDA:3,(anonymous_8)
FNDA:2,(anonymous_9)
FNDA:3,(anonymous_10)
FNDA:2,(anonymous_11)
FNDA:1,(anonymous_12)
FNDA:1,(anonymous_13)
FNDA:0,(anonymous_14)
FNDA:0,(anonymous_15)
DA:1,2
DA:2,2
DA:3,2
DA:6,2
DA:7,17
DA:18,2
DA:34,2
DA:35,2
DA:37,2
DA:50,2
DA:70,2
DA:72,1
DA:80,1
DA:94,1
DA:98,3
DA:102,3
DA:103,1
DA:106,2
DA:107,1
DA:110,1
DA:115,1
DA:117,1
DA:121,2
DA:125,2
DA:126,1
DA:130,1
DA:134,1
DA:135,1
DA:138,1
DA:146,1
DA:155,3
DA:159,3
DA:160,1
DA:163,2
DA:164,1
DA:167,1
DA:172,1
DA:176,2
DA:180,2
DA:181,1
DA:184,1
DA:189,1
DA:193,1
DA:215,1
DA:241,0
DA:285,0
DA:286,0
DA:287,0
DA:288,0
DA:289,0
DA:292,0
DA:294,0
DA:323,0
DA:336,0
LF:54
LH:44
BRDA:34,0,0,2
BRDA:34,0,1,1
BRDA:35,1,0,2
BRDA:35,1,1,1
BRDA:49,2,0,1
BRDA:102,3,0,1
BRDA:106,4,0,1
BRDA:125,5,0,1
BRDA:150,6,0,0
BRDA:150,6,1,1
BRDA:159,7,0,1
BRDA:163,8,0,1
BRDA:180,9,0,1
BRDA:192,10,0,1
BRDA:285,11,0,0
BRDA:285,11,1,0
BRDA:286,12,0,0
BRDA:286,12,1,0
BRDA:287,13,0,0
BRDA:287,13,1,0
BRDA:288,14,0,0
BRDA:288,14,1,0
BRDA:289,15,0,0
BRDA:289,15,1,0
BRDA:338,16,0,0
BRDA:338,16,1,0
BRDA:339,17,0,0
BRDA:339,17,1,0
BRF:28
BRH:13
end_of_record
TN:
SF:src/modules/affiliate/affiliate.controller.ts
FN:18,(anonymous_4)
FN:25,(anonymous_5)
FN:42,(anonymous_6)
FN:59,(anonymous_7)
FN:76,(anonymous_8)
FN:93,(anonymous_9)
FNF:6
FNH:0
FNDA:0,(anonymous_4)
FNDA:0,(anonymous_5)
FNDA:0,(anonymous_6)
FNDA:0,(anonymous_7)
FNDA:0,(anonymous_8)
FNDA:0,(anonymous_9)
DA:3,0
DA:12,0
DA:13,0
DA:17,0
DA:18,0
DA:25,0
DA:26,0
DA:27,0
DA:28,0
DA:30,0
DA:42,0
DA:43,0
DA:44,0
DA:45,0
DA:47,0
DA:59,0
DA:60,0
DA:61,0
DA:62,0
DA:64,0
DA:76,0
DA:77,0
DA:78,0
DA:79,0
DA:81,0
DA:93,0
DA:94,0
DA:95,0
DA:97,0
LF:29
LH:0
BRDA:31,0,0,0
BRDA:31,0,1,0
BRDA:48,1,0,0
BRDA:48,1,1,0
BRDA:65,2,0,0
BRDA:65,2,1,0
BRDA:82,3,0,0
BRDA:82,3,1,0
BRDA:83,4,0,0
BRDA:83,4,1,0
BRDA:98,5,0,0
BRDA:98,5,1,0
BRF:12
BRH:0
end_of_record
TN:
SF:src/modules/affiliate/affiliate.module.ts
FNF:0
FNH:0
DA:3,0
DA:4,0
DA:5,0
DA:6,0
DA:14,0
LF:5
LH:0
BRF:0
BRH:0
end_of_record
TN:
SF:src/modules/affiliate/affiliate.service.ts
FN:19,(anonymous_2)
FN:24,(anonymous_3)
FN:58,(anonymous_4)
FN:104,(anonymous_5)
FN:116,(anonymous_6)
FN:132,(anonymous_7)
FN:159,(anonymous_8)
FN:170,(anonymous_9)
FN:173,(anonymous_10)
FN:181,(anonymous_11)
FN:184,(anonymous_12)
FN:196,(anonymous_13)
FN:218,(anonymous_14)
FN:225,(anonymous_15)
FN:230,(anonymous_16)
FN:238,(anonymous_17)
FN:251,(anonymous_18)
FN:298,(anonymous_19)
FN:305,(anonymous_20)
FN:314,(anonymous_21)
FN:323,(anonymous_22)
FN:340,(anonymous_23)
FN:350,(anonymous_24)
FN:351,(anonymous_25)
FN:355,(anonymous_26)
FN:365,(anonymous_27)
FN:380,(anonymous_28)
FN:396,(anonymous_29)
FN:404,(anonymous_30)
FN:410,(anonymous_31)
FN:417,(anonymous_32)
FN:424,(anonymous_33)
FN:431,(anonymous_34)
FN:449,(anonymous_35)
FN:452,(anonymous_36)
FN:457,(anonymous_37)
FN:458,(anonymous_38)
FNF:37
FNH:19
FNDA:11,(anonymous_2)
FNDA:5,(anonymous_3)
FNDA:0,(anonymous_4)
FNDA:2,(anonymous_5)
FNDA:0,(anonymous_6)
FNDA:0,(anonymous_7)
FNDA:0,(anonymous_8)
FNDA:0,(anonymous_9)
FNDA:0,(anonymous_10)
FNDA:0,(anonymous_11)
FNDA:0,(anonymous_12)
FNDA:1,(anonymous_13)
FNDA:0,(anonymous_14)
FNDA:30,(anonymous_15)
FNDA:30,(anonymous_16)
FNDA:2,(anonymous_17)
FNDA:2,(anonymous_18)
FNDA:4,(anonymous_19)
FNDA:0,(anonymous_20)
FNDA:0,(anonymous_21)
FNDA:0,(anonymous_22)
FNDA:4,(anonymous_23)
FNDA:4,(anonymous_24)
FNDA:4,(anonymous_25)
FNDA:4,(anonymous_26)
FNDA:0,(anonymous_27)
FNDA:0,(anonymous_28)
FNDA:6,(anonymous_29)
FNDA:0,(anonymous_30)
FNDA:0,(anonymous_31)
FNDA:0,(anonymous_32)
FNDA:0,(anonymous_33)
FNDA:1,(anonymous_34)
FNDA:2,(anonymous_35)
FNDA:2,(anonymous_36)
FNDA:2,(anonymous_37)
FNDA:1,(anonymous_38)
DA:3,1
DA:4,1
DA:5,1
DA:8,1
DA:18,1
DA:19,11
DA:25,5
DA:35,5
DA:36,1
DA:40,4
DA:43,4
DA:44,4
DA:47,4
DA:50,4
DA:57,4
DA:58,0
DA:63,4
DA:66,4
DA:74,4
DA:106,2
DA:116,2
DA:119,2
DA:132,2
DA:135,2
DA:148,2
DA:149,2
DA:150,2
DA:152,2
DA:159,0
DA:170,0
DA:173,0
DA:181,0
DA:184,0
DA:197,1
DA:198,1
DA:200,1
DA:209,1
DA:211,1
DA:212,30
DA:213,30
DA:214,30
DA:215,30
DA:218,1
DA:219,0
DA:220,0
DA:221,0
DA:225,30
DA:230,30
DA:232,1
DA:240,2
DA:246,2
DA:247,1
DA:250,1
DA:251,2
DA:256,1
DA:258,1
DA:259,0
DA:263,1
DA:270,1
DA:271,0
DA:282,1
DA:289,1
DA:300,4
DA:305,4
DA:307,4
DA:314,4
DA:316,4
DA:323,4
DA:325,4
DA:328,0
DA:337,0
DA:341,4
DA:342,4
DA:343,24
DA:344,4
DA:347,4
DA:351,4
DA:352,4
DA:356,4
DA:360,4
DA:365,4
DA:367,4
DA:373,4
DA:380,4
DA:382,4
DA:388,4
DA:397,6
DA:404,6
DA:411,0
DA:418,0
DA:425,0
DA:433,1
DA:448,1
DA:449,2
DA:452,2
DA:457,2
DA:458,1
DA:461,1
LF:98
LH:82
BRDA:35,0,0,1
BRDA:68,1,0,4
BRDA:68,1,1,0
BRDA:69,2,0,4
BRDA:69,2,1,0
BRDA:85,3,0,4
BRDA:85,3,1,0
BRDA:119,4,0,0
BRDA:119,4,1,2
BRDA:135,5,0,0
BRDA:135,5,1,2
BRDA:196,6,0,1
BRDA:220,7,0,0
BRDA:246,8,0,1
BRDA:258,9,0,0
BRDA:270,10,0,0
BRDA:307,11,0,0
BRDA:307,11,1,4
BRDA:316,12,0,0
BRDA:316,12,1,4
BRDA:325,13,0,4
BRDA:337,14,0,0
BRDA:337,14,1,0
BRDA:343,15,0,4
BRDA:352,16,0,4
BRDA:352,16,1,0
BRDA:367,17,0,0
BRDA:367,17,1,4
BRDA:373,18,0,0
BRDA:373,18,1,4
BRDA:382,19,0,0
BRDA:382,19,1,4
BRDA:424,20,0,0
BRDA:431,21,0,1
BRDA:457,22,0,2
BRDA:457,22,1,0
BRF:36
BRH:18
end_of_record
TN:
SF:src/modules/auth/auth.controller.ts
FN:16,(anonymous_4)
FN:24,(anonymous_5)
FN:34,(anonymous_6)
FN:45,(anonymous_7)
FN:56,(anonymous_8)
FN:69,(anonymous_9)
FNF:6
FNH:0
FNDA:0,(anonymous_4)
FNDA:0,(anonymous_5)
FNDA:0,(anonymous_6)
FNDA:0,(anonymous_7)
FNDA:0,(anonymous_8)
FNDA:0,(anonymous_9)
DA:1,0
DA:11,0
DA:12,0
DA:15,0
DA:16,0
DA:24,0
DA:25,0
DA:34,0
DA:35,0
DA:45,0
DA:46,0
DA:56,0
DA:59,0
DA:69,0
DA:70,0
LF:15
LH:0
BRF:0
BRH:0
end_of_record
TN:
SF:src/modules/auth/auth.module.ts
FN:17,(anonymous_1)
FNF:1
FNH:0
FNDA:0,(anonymous_1)
DA:1,0
DA:2,0
DA:3,0
DA:4,0
DA:5,0
DA:6,0
DA:7,0
DA:8,0
DA:17,0
DA:30,0
LF:10
LH:0
BRDA:18,0,0,0
BRDA:18,0,1,0
BRF:2
BRH:0
end_of_record
TN:
SF:src/modules/auth/auth.service.ts
FN:49,(anonymous_2)
FN:58,(anonymous_3)
FN:109,(anonymous_4)
FN:150,(anonymous_5)
FN:209,(anonymous_6)
FN:223,(anonymous_7)
FN:234,(anonymous_8)
FN:254,(anonymous_9)
FN:268,(anonymous_10)
FN:284,(anonymous_11)
FNF:10
FNH:10
FNDA:39,(anonymous_2)
FNDA:15,(anonymous_3)
FNDA:1,(anonymous_4)
FNDA:16,(anonymous_5)
FNDA:3,(anonymous_6)
FNDA:3,(anonymous_7)
FNDA:5,(anonymous_8)
FNDA:14,(anonymous_9)
FNDA:18,(anonymous_10)
FNDA:13,(anonymous_11)
DA:1,1
DA:2,1
DA:3,1
DA:4,1
DA:5,1
DA:6,1
DA:46,1
DA:47,39
DA:50,39
DA:51,39
DA:59,15
DA:62,15
DA:63,2
DA:65,13
DA:66,1
DA:68,12
DA:69,1
DA:73,11
DA:82,11
DA:83,2
DA:84,1
DA:86,1
DA:90,9
DA:91,9
DA:92,9
DA:94,9
DA:95,1
DA:98,1
DA:99,1
DA:100,1
DA:101,1
DA:106,9
DA:109,9
DA:111,1
DA:126,1
DA:135,1
DA:139,9
DA:141,9
DA:151,16
DA:153,16
DA:154,2
DA:158,14
DA:162,14
DA:163,2
DA:167,12
DA:168,2
DA:170,10
DA:171,4
DA:175,6
DA:177,6
DA:179,1
DA:182,5
DA:185,6
DA:186,1
DA:190,5
DA:198,5
DA:200,5
DA:210,3
DA:217,3
DA:218,1
DA:221,2
DA:223,3
DA:235,5
DA:236,5
DA:237,4
DA:241,4
DA:242,2
DA:245,2
DA:247,1
DA:255,14
DA:262,14
DA:269,18
DA:285,13
DA:286,13
LF:74
LH:74
BRDA:62,0,0,2
BRDA:62,1,0,15
BRDA:62,1,1,15
BRDA:62,1,2,14
BRDA:65,2,0,1
BRDA:65,3,0,13
BRDA:65,3,1,13
BRDA:68,4,0,1
BRDA:68,5,0,12
BRDA:68,5,1,12
BRDA:82,6,0,2
BRDA:83,7,0,1
BRDA:94,8,0,1
BRDA:98,9,0,1
BRDA:153,10,0,2
BRDA:153,11,0,16
BRDA:153,11,1,15
BRDA:162,12,0,2
BRDA:167,13,0,2
BRDA:170,14,0,4
BRDA:177,15,0,1
BRDA:177,15,1,5
BRDA:185,16,0,1
BRDA:217,17,0,1
BRDA:241,18,0,2
BRDA:241,19,0,4
BRDA:241,19,1,3
BRF:27
BRH:27
end_of_record
TN:
SF:src/modules/auth/index.ts
FNF:0
FNH:0
DA:1,0
DA:2,0
DA:3,0
DA:4,0
DA:5,0
DA:6,0
LF:6
LH:0
BRF:0
BRH:0
end_of_record
TN:
SF:src/modules/auth/jwt-auth.guard.ts
FN:7,(anonymous_1)
FN:14,(anonymous_2)
FNF:2
FNH:0
FNDA:0,(anonymous_1)
FNDA:0,(anonymous_2)
DA:1,2
DA:2,2
DA:6,2
DA:11,0
DA:16,0
DA:17,0
DA:18,0
DA:20,0
DA:21,0
DA:23,0
DA:25,0
LF:11
LH:3
BRDA:16,0,0,0
BRDA:16,1,0,0
BRDA:16,1,1,0
BRDA:17,2,0,0
BRDA:20,3,0,0
BRDA:23,4,0,0
BRDA:23,4,1,0
BRF:7
BRH:0
end_of_record
TN:
SF:src/modules/auth/jwt.strategy.ts
FN:19,(anonymous_2)
FN:30,(anonymous_3)
FNF:2
FNH:0
FNDA:0,(anonymous_2)
FNDA:0,(anonymous_3)
DA:1,0
DA:2,0
DA:3,0
DA:4,0
DA:5,0
DA:6,0
DA:18,0
DA:20,0
DA:21,0
DA:23,0
DA:31,0
DA:44,0
DA:45,0
DA:48,0
DA:49,0
DA:52,0
LF:16
LH:0
BRDA:26,0,0,0
BRDA:26,0,1,0
BRDA:44,1,0,0
BRDA:48,2,0,0
BRF:4
BRH:0
end_of_record
TN:
SF:src/modules/auth/roles.decorator.ts
FN:4,(anonymous_0)
FNF:1
FNH:1
FNDA:1,(anonymous_0)
DA:1,1
DA:3,1
DA:4,1
LF:3
LH:3
BRF:0
BRH:0
end_of_record
TN:
SF:src/modules/auth/roles.guard.ts
FN:7,(anonymous_2)
FN:9,(anonymous_3)
FN:25,(anonymous_4)
FNF:3
FNH:0
FNDA:0,(anonymous_2)
FNDA:0,(anonymous_3)
FNDA:0,(anonymous_4)
DA:1,1
DA:2,1
DA:3,1
DA:6,1
DA:7,0
DA:10,0
DA:15,0
DA:16,0
DA:19,0
DA:21,0
DA:22,0
DA:25,0
DA:27,0
DA:28,0
DA:31,0
LF:15
LH:4
BRDA:15,0,0,0
BRDA:21,1,0,0
BRDA:27,2,0,0
BRF:3
BRH:0
end_of_record
TN:
SF:src/modules/auth/ws-jwt.guard.ts
FN:10,(anonymous_2)
FN:15,(anonymous_3)
FN:64,(anonymous_4)
FN:91,getSocketUser
FNF:4
FNH:0
FNDA:0,(anonymous_2)
FNDA:0,(anonymous_3)
FNDA:0,(anonymous_4)
FNDA:0,getSocketUser
DA:1,0
DA:2,0
DA:3,0
DA:5,0
DA:6,0
DA:9,0
DA:11,0
DA:12,0
DA:16,0
DA:17,0
DA:19,0
DA:20,0
DA:23,0
DA:24,0
DA:29,0
DA:40,0
DA:41,0
DA:44,0
DA:45,0
DA:49,0
DA:51,0
DA:53,0
DA:54,0
DA:56,0
DA:66,0
DA:67,0
DA:71,0
DA:72,0
DA:76,0
DA:77,0
DA:78,0
DA:79,0
DA:80,0
DA:84,0
DA:91,0
DA:92,0
LF:36
LH:0
BRDA:19,0,0,0
BRDA:25,1,0,0
BRDA:25,1,1,0
BRDA:40,2,0,0
BRDA:44,3,0,0
BRDA:53,4,0,0
BRDA:66,5,0,0
BRDA:71,6,0,0
BRDA:77,7,0,0
BRDA:79,8,0,0
BRDA:79,9,0,0
BRDA:79,9,1,0
BRF:12
BRH:0
end_of_record
TN:
SF:src/modules/bot/bot.controller.ts
FN:19,(anonymous_4)
FN:28,(anonymous_5)
FN:38,(anonymous_6)
FN:49,(anonymous_7)
FN:60,(anonymous_8)
FNF:5
FNH:0
FNDA:0,(anonymous_4)
FNDA:0,(anonymous_5)
FNDA:0,(anonymous_6)
FNDA:0,(anonymous_7)
FNDA:0,(anonymous_8)
DA:8,0
DA:9,0
DA:18,0
DA:19,0
DA:28,0
DA:29,0
DA:38,0
DA:39,0
DA:49,0
DA:50,0
DA:60,0
DA:61,0
LF:12
LH:0
BRF:0
BRH:0
end_of_record
TN:
SF:src/modules/bot/bot.module.ts
FNF:0
FNH:0
DA:8,0
DA:9,0
DA:10,0
DA:11,0
DA:19,0
LF:5
LH:0
BRF:0
BRH:0
end_of_record
TN:
SF:src/modules/bot/bot.service.ts
FN:93,(anonymous_2)
FN:98,(anonymous_3)
FN:108,(anonymous_4)
FN:166,(anonymous_5)
FN:178,(anonymous_6)
FN:188,(anonymous_7)
FN:204,(anonymous_8)
FN:221,(anonymous_9)
FN:244,(anonymous_10)
FN:254,(anonymous_11)
FN:259,(anonymous_12)
FN:268,(anonymous_13)
FN:300,(anonymous_14)
FN:307,(anonymous_15)
FN:336,(anonymous_16)
FN:340,(anonymous_17)
FN:356,(anonymous_18)
FN:361,(anonymous_19)
FN:381,(anonymous_20)
FN:383,(anonymous_21)
FN:395,(anonymous_22)
FN:419,(anonymous_23)
FN:426,(anonymous_24)
FN:427,(anonymous_25)
FN:428,(anonymous_26)
FN:436,(anonymous_27)
FN:444,(anonymous_28)
FNF:27
FNH:0
FNDA:0,(anonymous_2)
FNDA:0,(anonymous_3)
FNDA:0,(anonymous_4)
FNDA:0,(anonymous_5)
FNDA:0,(anonymous_6)
FNDA:0,(anonymous_7)
FNDA:0,(anonymous_8)
FNDA:0,(anonymous_9)
FNDA:0,(anonymous_10)
FNDA:0,(anonymous_11)
FNDA:0,(anonymous_12)
FNDA:0,(anonymous_13)
FNDA:0,(anonymous_14)
FNDA:0,(anonymous_15)
FNDA:0,(anonymous_16)
FNDA:0,(anonymous_17)
FNDA:0,(anonymous_18)
FNDA:0,(anonymous_19)
FNDA:0,(anonymous_20)
FNDA:0,(anonymous_21)
FNDA:0,(anonymous_22)
FNDA:0,(anonymous_23)
FNDA:0,(anonymous_24)
FNDA:0,(anonymous_25)
FNDA:0,(anonymous_26)
FNDA:0,(anonymous_27)
FNDA:0,(anonymous_28)
DA:14,0
DA:15,0
DA:16,0
DA:17,0
DA:31,0
DA:45,0
DA:84,0
DA:85,0
DA:86,0
DA:87,0
DA:88,0
DA:89,0
DA:90,0
DA:91,0
DA:94,0
DA:95,0
DA:99,0
DA:100,0
DA:101,0
DA:102,0
DA:109,0
DA:112,0
DA:124,0
DA:127,0
DA:128,0
DA:129,0
DA:130,0
DA:132,0
DA:134,0
DA:135,0
DA:136,0
DA:138,0
DA:139,0
DA:157,0
DA:160,0
DA:166,0
DA:179,0
DA:180,0
DA:181,0
DA:182,0
DA:189,0
DA:191,0
DA:193,0
DA:195,0
DA:197,0
DA:205,0
DA:207,0
DA:209,0
DA:211,0
DA:213,0
DA:221,0
DA:222,0
DA:224,0
DA:226,0
DA:229,0
DA:230,0
DA:233,0
DA:235,0
DA:236,0
DA:244,0
DA:245,0
DA:247,0
DA:248,0
DA:255,0
DA:258,0
DA:259,0
DA:260,0
DA:262,0
DA:265,0
DA:266,0
DA:268,0
DA:269,0
DA:270,0
DA:273,0
DA:274,0
DA:277,0
DA:280,0
DA:292,0
DA:301,0
DA:303,0
DA:304,0
DA:306,0
DA:307,0
DA:308,0
DA:310,0
DA:313,0
DA:325,0
DA:328,0
DA:337,0
DA:339,0
DA:340,0
DA:341,0
DA:342,0
DA:346,0
DA:347,0
DA:350,0
DA:357,0
DA:358,0
DA:361,0
DA:362,0
DA:364,0
DA:365,0
DA:367,0
DA:377,0
DA:381,0
DA:382,0
DA:383,0
DA:384,0
DA:385,0
DA:389,0
DA:396,0
DA:398,0
DA:399,0
DA:400,0
DA:402,0
DA:403,0
DA:404,0
DA:406,0
DA:407,0
DA:410,0
DA:420,0
DA:426,0
DA:427,0
DA:428,0
DA:437,0
DA:438,0
DA:445,0
DA:447,0
DA:448,0
DA:450,0
DA:458,0
LF:131
LH:0
BRDA:128,0,0,0
BRDA:135,1,0,0
BRDA:135,1,1,0
BRDA:180,2,0,0
BRDA:181,3,0,0
BRDA:189,4,0,0
BRDA:189,4,1,0
BRDA:189,4,2,0
BRDA:189,4,3,0
BRDA:205,5,0,0
BRDA:205,5,1,0
BRDA:205,5,2,0
BRDA:205,5,3,0
BRDA:222,6,0,0
BRDA:226,7,0,0
BRDA:226,7,1,0
BRDA:226,7,2,0
BRDA:226,7,3,0
BRDA:245,8,0,0
BRDA:255,9,0,0
BRDA:255,10,0,0
BRDA:255,10,1,0
BRDA:269,11,0,0
BRDA:269,12,0,0
BRDA:269,12,1,0
BRDA:306,13,0,0
BRDA:308,14,0,0
BRDA:341,15,0,0
BRDA:346,16,0,0
BRDA:357,17,0,0
BRDA:362,18,0,0
BRDA:362,19,0,0
BRDA:362,19,1,0
BRDA:398,20,0,0
BRDA:398,20,1,0
BRDA:402,21,0,0
BRDA:445,22,0,0
BRF:37
BRH:0
end_of_record
TN:
SF:src/modules/bot/index.ts
FNF:0
FNH:0
DA:1,0
DA:2,0
DA:3,0
LF:3
LH:0
BRF:0
BRH:0
end_of_record
TN:
SF:src/modules/crash/crash.gateway.ts
FN:98,(anonymous_4)
FN:107,(anonymous_5)
FN:117,(anonymous_6)
FN:185,(anonymous_7)
FN:205,(anonymous_8)
FN:219,(anonymous_9)
FN:232,(anonymous_10)
FN:287,(anonymous_11)
FN:319,(anonymous_12)
FN:342,(anonymous_13)
FN:370,(anonymous_14)
FN:401,(anonymous_15)
FN:415,(anonymous_16)
FN:460,(anonymous_17)
FN:522,(anonymous_18)
FN:564,(anonymous_19)
FN:572,(anonymous_20)
FN:596,(anonymous_21)
FN:620,(anonymous_22)
FN:638,(anonymous_23)
FN:646,(anonymous_24)
FNF:21
FNH:0
FNDA:0,(anonymous_4)
FNDA:0,(anonymous_5)
FNDA:0,(anonymous_6)
FNDA:0,(anonymous_7)
FNDA:0,(anonymous_8)
FNDA:0,(anonymous_9)
FNDA:0,(anonymous_10)
FNDA:0,(anonymous_11)
FNDA:0,(anonymous_12)
FNDA:0,(anonymous_13)
FNDA:0,(anonymous_14)
FNDA:0,(anonymous_15)
FNDA:0,(anonymous_16)
FNDA:0,(anonymous_17)
FNDA:0,(anonymous_18)
FNDA:0,(anonymous_19)
FNDA:0,(anonymous_20)
FNDA:0,(anonymous_21)
FNDA:0,(anonymous_22)
FNDA:0,(anonymous_23)
FNDA:0,(anonymous_24)
DA:1,0
DA:11,0
DA:12,0
DA:13,0
DA:14,0
DA:15,0
DA:16,0
DA:76,0
DA:80,0
DA:82,0
DA:85,0
DA:86,0
DA:89,0
DA:92,0
DA:93,0
DA:96,0
DA:99,0
DA:100,0
DA:101,0
DA:108,0
DA:111,0
DA:118,0
DA:121,0
DA:123,0
DA:124,0
DA:125,0
DA:126,0
DA:130,0
DA:131,0
DA:132,0
DA:134,0
DA:135,0
DA:136,0
DA:137,0
DA:139,0
DA:141,0
DA:147,0
DA:149,0
DA:150,0
DA:157,0
DA:158,0
DA:164,0
DA:165,0
DA:166,0
DA:176,0
DA:177,0
DA:178,0
DA:186,0
DA:188,0
DA:189,0
DA:190,0
DA:191,0
DA:194,0
DA:205,0
DA:209,0
DA:210,0
DA:211,0
DA:212,0
DA:219,0
DA:223,0
DA:224,0
DA:225,0
DA:232,0
DA:236,0
DA:238,0
DA:239,0
DA:240,0
DA:243,0
DA:246,0
DA:247,0
DA:248,0
DA:251,0
DA:252,0
DA:253,0
DA:257,0
DA:259,0
DA:269,0
DA:270,0
DA:271,0
DA:275,0
DA:278,0
DA:280,0
DA:287,0
DA:291,0
DA:292,0
DA:294,0
DA:295,0
DA:296,0
DA:299,0
DA:308,0
DA:319,0
DA:320,0
DA:330,0
DA:331,0
DA:332,0
DA:336,0
DA:342,0
DA:350,0
DA:351,0
DA:363,0
DA:370,0
DA:379,0
DA:389,0
DA:401,0
DA:405,0
DA:406,0
DA:407,0
DA:408,0
DA:415,0
DA:419,0
DA:421,0
DA:422,0
DA:423,0
DA:426,0
DA:427,0
DA:428,0
DA:432,0
DA:433,0
DA:434,0
DA:436,0
DA:438,0
DA:441,0
DA:442,0
DA:443,0
DA:445,0
DA:447,0
DA:450,0
DA:451,0
DA:460,0
DA:464,0
DA:465,0
DA:467,0
DA:470,0
DA:471,0
DA:472,0
DA:475,0
DA:478,0
DA:481,0
DA:482,0
DA:485,0
DA:486,0
DA:487,0
DA:488,0
DA:491,0
DA:493,0
DA:499,0
DA:500,0
DA:501,0
DA:512,0
DA:513,0
DA:522,0
DA:523,0
DA:525,0
DA:527,0
DA:528,0
DA:529,0
DA:532,0
DA:535,0
DA:537,0
DA:539,0
DA:540,0
DA:542,0
DA:548,0
DA:549,0
DA:564,0
DA:565,0
DA:572,0
DA:573,0
DA:575,0
DA:584,0
DA:585,0
DA:586,0
DA:589,0
DA:596,0
DA:598,0
DA:599,0
DA:601,0
DA:620,0
DA:626,0
DA:638,0
DA:639,0
DA:646,0
DA:647,0
DA:648,0
DA:650,0
LF:185
LH:0
BRDA:121,0,0,0
BRDA:121,0,1,0
BRDA:123,1,0,0
BRDA:123,1,1,0
BRDA:127,2,0,0
BRDA:127,2,1,0
BRDA:130,3,0,0
BRDA:130,3,1,0
BRDA:130,3,2,0
BRDA:131,4,0,0
BRDA:131,4,1,0
BRDA:132,5,0,0
BRDA:132,5,1,0
BRDA:134,6,0,0
BRDA:165,7,0,0
BRDA:171,8,0,0
BRDA:171,8,1,0
BRDA:177,9,0,0
BRDA:189,10,0,0
BRDA:223,11,0,0
BRDA:238,12,0,0
BRDA:246,13,0,0
BRDA:246,14,0,0
BRDA:246,14,1,0
BRDA:251,15,0,0
BRDA:257,16,0,0
BRDA:257,16,1,0
BRDA:270,17,0,0
BRDA:292,18,0,0
BRDA:292,18,1,0
BRDA:294,19,0,0
BRDA:294,20,0,0
BRDA:294,20,1,0
BRDA:331,21,0,0
BRDA:421,22,0,0
BRDA:429,23,0,0
BRDA:429,23,1,0
BRDA:432,24,0,0
BRDA:432,24,1,0
BRDA:432,24,2,0
BRDA:433,25,0,0
BRDA:433,25,1,0
BRDA:434,26,0,0
BRDA:434,26,1,0
BRDA:436,27,0,0
BRDA:470,28,0,0
BRDA:482,29,0,0
BRDA:482,29,1,0
BRDA:485,30,0,0
BRDA:485,31,0,0
BRDA:485,31,1,0
BRDA:496,32,0,0
BRDA:496,32,1,0
BRDA:499,33,0,0
BRDA:499,33,1,0
BRDA:513,34,0,0
BRDA:513,34,1,0
BRDA:527,35,0,0
BRDA:539,36,0,0
BRDA:539,36,1,0
BRDA:544,37,0,0
BRDA:544,37,1,0
BRDA:551,38,0,0
BRDA:551,38,1,0
BRDA:580,39,0,0
BRDA:580,39,1,0
BRDA:584,40,0,0
BRDA:598,41,0,0
BRDA:598,41,1,0
BRDA:599,42,0,0
BRDA:599,42,1,0
BRDA:611,43,0,0
BRDA:611,43,1,0
BRDA:627,44,0,0
BRDA:627,44,1,0
BRDA:648,45,0,0
BRF:76
BRH:0
end_of_record
TN:
SF:src/modules/crash/crash.module.ts
FNF:0
FNH:0
DA:7,0
DA:8,0
DA:9,0
DA:10,0
DA:11,0
DA:12,0
DA:25,0
LF:7
LH:0
BRDA:18,0,0,0
BRDA:18,0,1,0
BRF:2
BRH:0
end_of_record
TN:
SF:src/modules/crash/crash.service.ts
FN:12,(anonymous_2)
FN:105,(anonymous_3)
FN:117,(anonymous_4)
FN:153,(anonymous_5)
FN:181,(anonymous_6)
FN:188,(anonymous_7)
FN:196,(anonymous_8)
FN:203,(anonymous_9)
FN:216,(anonymous_10)
FN:231,(anonymous_11)
FN:265,(anonymous_12)
FN:310,(anonymous_13)
FN:317,(anonymous_14)
FN:331,(anonymous_15)
FN:370,(anonymous_16)
FN:378,(anonymous_17)
FN:393,(anonymous_18)
FN:401,(anonymous_19)
FN:435,(anonymous_20)
FN:459,(anonymous_21)
FN:500,(anonymous_22)
FN:513,(anonymous_23)
FN:577,(anonymous_24)
FN:648,(anonymous_25)
FN:664,(anonymous_26)
FN:671,(anonymous_27)
FN:683,(anonymous_28)
FN:694,(anonymous_29)
FN:701,(anonymous_30)
FN:715,(anonymous_31)
FNF:30
FNH:12
FNDA:1,(anonymous_2)
FNDA:52,(anonymous_3)
FNDA:0,(anonymous_4)
FNDA:0,(anonymous_5)
FNDA:52,(anonymous_6)
FNDA:0,(anonymous_7)
FNDA:0,(anonymous_8)
FNDA:17,(anonymous_9)
FNDA:120,(anonymous_10)
FNDA:10,(anonymous_11)
FNDA:19,(anonymous_12)
FNDA:19,(anonymous_13)
FNDA:19,(anonymous_14)
FNDA:19,(anonymous_15)
FNDA:0,(anonymous_16)
FNDA:0,(anonymous_17)
FNDA:0,(anonymous_18)
FNDA:0,(anonymous_19)
FNDA:0,(anonymous_20)
FNDA:0,(anonymous_21)
FNDA:0,(anonymous_22)
FNDA:0,(anonymous_23)
FNDA:0,(anonymous_24)
FNDA:19,(anonymous_25)
FNDA:0,(anonymous_26)
FNDA:19,(anonymous_27)
FNDA:0,(anonymous_28)
FNDA:0,(anonymous_29)
FNDA:0,(anonymous_30)
FNDA:0,(anonymous_31)
DA:1,1
DA:3,1
DA:4,1
DA:5,1
DA:6,1
DA:12,1
DA:13,1
DA:14,1
DA:15,1
DA:74,1
DA:75,52
DA:78,52
DA:79,52
DA:80,52
DA:85,52
DA:88,52
DA:89,52
DA:91,52
DA:94,52
DA:95,52
DA:98,52
DA:99,52
DA:100,52
DA:103,52
DA:106,52
DA:107,52
DA:110,52
DA:118,0
DA:120,0
DA:124,0
DA:125,0
DA:126,0
DA:129,0
DA:130,0
DA:131,0
DA:132,0
DA:136,0
DA:137,0
DA:142,0
DA:143,0
DA:145,0
DA:146,0
DA:154,0
DA:155,0
DA:159,0
DA:160,0
DA:161,0
DA:164,0
DA:165,0
DA:170,0
DA:171,0
DA:173,0
DA:174,0
DA:182,52
DA:189,0
DA:190,0
DA:197,0
DA:204,17
DA:205,1
DA:206,1
DA:209,16
DA:210,16
DA:217,120
DA:218,16
DA:219,16
DA:221,120
DA:222,0
DA:223,0
DA:225,120
DA:232,10
DA:234,9
DA:267,19
DA:270,19
DA:271,19
DA:272,19
DA:275,19
DA:276,19
DA:279,19
DA:282,19
DA:283,0
DA:287,19
DA:291,19
DA:294,19
DA:295,0
DA:299,19
DA:300,0
DA:304,19
DA:311,19
DA:319,19
DA:320,19
DA:321,19
DA:332,19
DA:335,19
DA:336,19
DA:339,19
DA:346,19
DA:361,19
DA:362,19
DA:364,19
DA:370,19
DA:371,0
DA:379,0
DA:381,0
DA:382,0
DA:383,0
DA:385,0
DA:387,0
DA:393,0
DA:394,0
DA:402,0
DA:403,0
DA:406,0
DA:411,0
DA:412,0
DA:414,0
DA:417,0
DA:418,0
DA:419,0
DA:423,0
DA:426,0
DA:436,0
DA:438,0
DA:440,0
DA:441,0
DA:442,0
DA:444,0
DA:445,0
DA:446,0
DA:451,0
DA:452,0
DA:460,0
DA:463,0
DA:464,0
DA:465,0
DA:468,0
DA:469,0
DA:470,0
DA:473,0
DA:474,0
DA:475,0
DA:476,0
DA:477,0
DA:481,0
DA:484,0
DA:485,0
DA:486,0
DA:489,0
DA:494,0
DA:500,0
DA:501,0
DA:518,0
DA:519,0
DA:522,0
DA:523,0
DA:526,0
DA:527,0
DA:530,0
DA:531,0
DA:532,0
DA:536,0
DA:537,0
DA:538,0
DA:541,0
DA:551,0
DA:553,0
DA:555,0
DA:564,0
DA:570,0
DA:581,0
DA:582,0
DA:585,0
DA:586,0
DA:589,0
DA:590,0
DA:591,0
DA:594,0
DA:595,0
DA:598,0
DA:601,0
DA:602,0
DA:606,0
DA:607,0
DA:610,0
DA:611,0
DA:612,0
DA:616,0
DA:617,0
DA:618,0
DA:621,0
DA:623,0
DA:625,0
DA:632,0
DA:638,0
DA:649,19
DA:651,19
DA:665,0
DA:675,19
DA:676,19
DA:688,0
DA:695,0
DA:702,0
DA:703,0
DA:705,0
DA:721,0
DA:722,0
DA:747,0
DA:749,0
LF:207
LH:70
BRDA:12,0,0,1
BRDA:12,0,1,1
BRDA:124,1,0,0
BRDA:130,2,0,0
BRDA:159,3,0,0
BRDA:204,4,0,1
BRDA:217,5,0,16
BRDA:221,6,0,0
BRDA:232,7,0,1
BRDA:282,8,0,0
BRDA:294,9,0,0
BRDA:299,10,0,0
BRDA:379,11,0,0
BRDA:402,12,0,0
BRDA:402,13,0,0
BRDA:402,13,1,0
BRDA:417,14,0,0
BRDA:436,15,0,0
BRDA:441,16,0,0
BRDA:442,17,0,0
BRDA:444,18,0,0
BRDA:451,19,0,0
BRDA:460,20,0,0
BRDA:463,21,0,0
BRDA:474,22,0,0
BRDA:485,23,0,0
BRDA:518,24,0,0
BRDA:522,25,0,0
BRDA:526,26,0,0
BRDA:531,27,0,0
BRDA:537,28,0,0
BRDA:545,29,0,0
BRDA:545,29,1,0
BRDA:581,30,0,0
BRDA:585,31,0,0
BRDA:590,32,0,0
BRDA:594,33,0,0
BRDA:598,34,0,0
BRDA:598,34,1,0
BRDA:601,35,0,0
BRDA:611,36,0,0
BRDA:649,37,0,0
BRDA:675,38,0,19
BRDA:702,39,0,0
BRDA:708,40,0,0
BRDA:708,40,1,0
BRDA:729,41,0,0
BRDA:729,41,1,0
BRDA:730,42,0,0
BRDA:730,42,1,0
BRDA:730,43,0,0
BRDA:730,43,1,0
BRDA:731,44,0,0
BRDA:731,44,1,0
BRDA:732,45,0,0
BRDA:732,45,1,0
BRDA:733,46,0,0
BRDA:733,46,1,0
BRDA:740,47,0,0
BRDA:740,47,1,0
BRDA:741,48,0,0
BRDA:741,48,1,0
BRF:62
BRH:6
end_of_record
TN:
SF:src/modules/crash/game-config.service.ts
FN:26,(anonymous_2)
FN:30,(anonymous_3)
FN:34,(anonymous_4)
FN:69,(anonymous_5)
FN:73,(anonymous_6)
FN:77,(anonymous_7)
FN:81,(anonymous_8)
FN:85,(anonymous_9)
FN:89,(anonymous_10)
FNF:9
FNH:0
FNDA:0,(anonymous_2)
FNDA:0,(anonymous_3)
FNDA:0,(anonymous_4)
FNDA:0,(anonymous_5)
FNDA:0,(anonymous_6)
FNDA:0,(anonymous_7)
FNDA:0,(anonymous_8)
FNDA:0,(anonymous_9)
FNDA:0,(anonymous_10)
DA:1,2
DA:2,2
DA:14,2
DA:15,0
DA:17,0
DA:26,0
DA:27,0
DA:31,0
DA:36,0
DA:37,0
DA:41,0
DA:42,0
DA:46,0
DA:47,0
DA:49,0
DA:50,0
DA:54,0
DA:55,0
DA:58,0
DA:60,0
DA:63,0
DA:65,0
DA:70,0
DA:74,0
DA:78,0
DA:82,0
DA:86,0
DA:90,0
LF:28
LH:3
BRDA:36,0,0,0
BRDA:41,1,0,0
BRDA:46,2,0,0
BRDA:49,3,0,0
BRDA:50,4,0,0
BRDA:50,4,1,0
BRDA:54,5,0,0
BRF:7
BRH:0
end_of_record
TN:
SF:src/modules/plinko/plinko-math-verification.ts
FN:54,binomial
FN:69,bucketProbability
FN:80,calculateExpectedValue
FN:106,verifyAllConfigurations
FN:147,(anonymous_4)
FN:148,(anonymous_5)
FN:149,(anonymous_6)
FN:155,(anonymous_7)
FN:159,(anonymous_8)
FNF:9
FNH:0
FNDA:0,binomial
FNDA:0,bucketProbability
FNDA:0,calculateExpectedValue
FNDA:0,verifyAllConfigurations
FNDA:0,(anonymous_4)
FNDA:0,(anonymous_5)
FNDA:0,(anonymous_6)
FNDA:0,(anonymous_7)
FNDA:0,(anonymous_8)
DA:15,0
DA:55,0
DA:56,0
DA:58,0
DA:59,0
DA:60,0
DA:62,0
DA:70,0
DA:81,0
DA:82,0
DA:83,0
DA:86,0
DA:87,0
DA:89,0
DA:90,0
DA:91,0
DA:92,0
DA:93,0
DA:95,0
DA:98,0
DA:100,0
DA:107,0
DA:108,0
DA:109,0
DA:110,0
DA:111,0
DA:112,0
DA:113,0
DA:114,0
DA:116,0
DA:117,0
DA:119,0
DA:121,0
DA:122,0
DA:123,0
DA:124,0
DA:126,0
DA:127,0
DA:130,0
DA:131,0
DA:132,0
DA:133,0
DA:135,0
DA:137,0
DA:142,0
DA:143,0
DA:144,0
DA:145,0
DA:147,0
DA:148,0
DA:149,0
DA:151,0
DA:152,0
DA:153,0
DA:155,0
DA:156,0
DA:157,0
DA:158,0
DA:159,0
DA:160,0
DA:163,0
DA:164,0
DA:167,0
DA:171,0
DA:174,0
LF:65
LH:0
BRDA:55,0,0,0
BRDA:55,1,0,0
BRDA:55,1,1,0
BRDA:56,2,0,0
BRDA:56,3,0,0
BRDA:56,3,1,0
BRDA:82,4,0,0
BRDA:131,5,0,0
BRDA:131,5,1,0
BRDA:132,6,0,0
BRDA:132,6,1,0
BRDA:133,7,0,0
BRDA:133,8,0,0
BRDA:133,8,1,0
BRDA:155,9,0,0
BRDA:155,9,1,0
BRDA:156,10,0,0
BRDA:156,10,1,0
BRF:18
BRH:0
end_of_record
TN:
SF:src/modules/plinko/plinko.constants.ts
FN:114,getMultiplier
FN:128,getMultiplierArray
FN:138,calculateBucketFromPath
FN:139,(anonymous_3)
FN:146,verifyHouseEdge
FN:151,(anonymous_5)
FNF:6
FNH:0
FNDA:0,getMultiplier
FNDA:0,getMultiplierArray
FNDA:0,calculateBucketFromPath
FNDA:0,(anonymous_3)
FNDA:0,verifyHouseEdge
FNDA:0,(anonymous_5)
DA:17,0
DA:75,0
DA:87,0
DA:101,0
DA:114,0
DA:115,0
DA:116,0
DA:117,0
DA:119,0
DA:128,0
DA:129,0
DA:138,0
DA:139,0
DA:146,0
DA:147,0
DA:148,0
DA:151,0
DA:152,0
DA:153,0
DA:154,0
DA:155,0
DA:156,0
DA:158,0
DA:161,0
DA:162,0
DA:163,0
DA:164,0
DA:167,0
LF:28
LH:0
BRDA:116,0,0,0
BRDA:116,1,0,0
BRDA:116,1,1,0
BRDA:116,1,2,0
BRDA:129,2,0,0
BRDA:129,2,1,0
BRDA:148,3,0,0
BRDA:152,4,0,0
BRDA:152,5,0,0
BRDA:152,5,1,0
BRDA:153,6,0,0
BRDA:153,7,0,0
BRDA:153,7,1,0
BRF:13
BRH:0
end_of_record
TN:
SF:src/modules/plinko/plinko.module.ts
FNF:0
FNH:0
DA:1,0
DA:2,0
DA:3,0
DA:4,0
DA:12,0
LF:5
LH:0
BRF:0
BRH:0
end_of_record
TN:
SF:src/modules/wallet/cashier.controller.ts
FN:43,(anonymous_4)
FN:50,(anonymous_5)
FN:59,(anonymous_6)
FN:68,(anonymous_7)
FN:94,(anonymous_8)
FN:120,(anonymous_9)
FN:167,(anonymous_10)
FN:174,(anonymous_11)
FN:186,(anonymous_12)
FN:198,(anonymous_13)
FN:226,(anonymous_14)
FNF:11
FNH:11
FNDA:29,(anonymous_4)
FNDA:5,(anonymous_5)
FNDA:2,(anonymous_6)
FNDA:12,(anonymous_7)
FNDA:11,(anonymous_8)
FNDA:7,(anonymous_9)
FNDA:21,(anonymous_10)
FNDA:3,(anonymous_11)
FNDA:3,(anonymous_12)
FNDA:8,(anonymous_13)
FNDA:12,(anonymous_14)
DA:1,1
DA:12,1
DA:13,1
DA:42,1
DA:43,29
DA:50,1
DA:51,5
DA:59,1
DA:60,2
DA:68,1
DA:69,12
DA:71,12
DA:72,2
DA:74,10
DA:75,1
DA:77,9
DA:78,2
DA:81,7
DA:94,1
DA:95,11
DA:97,11
DA:98,2
DA:100,9
DA:101,1
DA:103,8
DA:104,1
DA:107,7
DA:120,1
DA:122,7
DA:141,7
DA:142,7
DA:143,1
DA:146,6
DA:153,6
DA:166,1
DA:167,21
DA:174,1
DA:175,3
DA:176,2
DA:178,1
DA:186,1
DA:187,3
DA:188,2
DA:190,1
DA:198,1
DA:199,8
DA:200,2
DA:203,6
DA:205,6
DA:206,1
DA:208,5
DA:209,1
DA:212,4
DA:226,1
DA:227,12
DA:228,2
DA:231,10
DA:233,10
DA:234,1
DA:236,9
DA:237,1
DA:239,8
DA:240,1
DA:243,7
LF:64
LH:64
BRDA:71,0,0,2
BRDA:71,1,0,12
BRDA:71,1,1,11
BRDA:74,2,0,1
BRDA:74,3,0,10
BRDA:74,3,1,10
BRDA:77,4,0,2
BRDA:97,5,0,2
BRDA:97,6,0,11
BRDA:97,6,1,10
BRDA:100,7,0,1
BRDA:100,8,0,9
BRDA:100,8,1,9
BRDA:103,9,0,1
BRDA:142,10,0,1
BRDA:175,11,0,2
BRDA:187,12,0,2
BRDA:199,13,0,2
BRDA:205,14,0,1
BRDA:208,15,0,1
BRDA:227,16,0,2
BRDA:233,17,0,1
BRDA:233,18,0,10
BRDA:233,18,1,9
BRDA:236,19,0,1
BRDA:239,20,0,1
BRDA:239,21,0,8
BRDA:239,21,1,2
BRDA:244,22,0,7
BRDA:244,22,1,1
BRDA:245,23,0,7
BRDA:245,23,1,6
BRF:32
BRH:32
end_of_record
TN:
SF:src/modules/wallet/cashier.module.ts
FNF:0
FNH:0
DA:1,0
DA:2,0
DA:3,0
DA:4,0
DA:12,0
LF:5
LH:0
BRF:0
BRH:0
end_of_record
TN:
SF:src/modules/wallet/cashier.service.ts
FN:12,(anonymous_2)
FN:17,(anonymous_3)
FN:29,(anonymous_4)
FN:40,(anonymous_5)
FN:61,(anonymous_6)
FN:71,(anonymous_7)
FN:132,(anonymous_8)
FN:168,(anonymous_9)
FN:212,(anonymous_10)
FN:235,(anonymous_11)
FN:251,(anonymous_12)
FN:274,(anonymous_13)
FN:290,(anonymous_14)
FN:312,(anonymous_15)
FN:338,(anonymous_16)
FN:372,(anonymous_17)
FN:428,(anonymous_18)
FN:468,(anonymous_19)
FNF:18
FNH:13
FNDA:34,(anonymous_2)
FNDA:5,(anonymous_3)
FNDA:5,(anonymous_4)
FNDA:3,(anonymous_5)
FNDA:2,(anonymous_6)
FNDA:4,(anonymous_7)
FNDA:4,(anonymous_8)
FNDA:0,(anonymous_9)
FNDA:2,(anonymous_10)
FNDA:1,(anonymous_11)
FNDA:2,(anonymous_12)
FNDA:1,(anonymous_13)
FNDA:7,(anonymous_14)
FNDA:0,(anonymous_15)
FNDA:0,(anonymous_16)
FNDA:0,(anonymous_17)
FNDA:7,(anonymous_18)
FNDA:0,(anonymous_19)
DA:2,2
DA:7,2
DA:8,2
DA:11,2
DA:12,34
DA:18,5
DA:29,5
DA:41,3
DA:61,3
DA:78,4
DA:82,4
DA:83,1
DA:94,4
DA:98,4
DA:99,1
DA:103,3
DA:120,3
DA:139,4
DA:143,4
DA:144,1
DA:148,3
DA:149,3
DA:150,1
DA:154,2
DA:161,2
DA:162,1
DA:168,1
DA:170,0
DA:172,0
DA:181,0
DA:198,0
DA:201,1
DA:213,2
DA:235,2
DA:252,2
DA:274,2
DA:296,7
DA:301,7
DA:302,1
DA:305,6
DA:306,1
DA:309,5
DA:310,3
DA:312,2
DA:313,0
DA:317,0
DA:322,0
DA:336,1
DA:338,1
DA:339,0
DA:343,0
DA:348,0
DA:363,3
DA:370,2
DA:372,1
DA:373,0
DA:376,0
DA:380,0
DA:388,0
DA:404,1
DA:418,2
DA:437,7
DA:438,6
DA:441,1
DA:442,1
DA:447,7
DA:448,1
DA:452,6
DA:456,6
DA:457,2
DA:468,6
DA:469,0
DA:472,0
DA:478,0
DA:497,0
DA:500,6
DA:502,6
LF:77
LH:59
BRDA:40,0,0,2
BRDA:82,1,0,1
BRDA:98,2,0,1
BRDA:143,3,0,1
BRDA:149,4,0,1
BRDA:161,5,0,1
BRDA:161,6,0,2
BRDA:161,6,1,0
BRDA:251,7,0,1
BRDA:301,8,0,1
BRDA:305,9,0,1
BRDA:309,10,0,3
BRDA:309,10,1,2
BRDA:310,11,0,2
BRDA:310,11,1,1
BRDA:336,12,0,1
BRDA:345,13,0,0
BRDA:345,13,1,0
BRDA:370,14,0,1
BRDA:370,14,1,1
BRDA:384,15,0,0
BRDA:384,15,1,0
BRDA:437,16,0,6
BRDA:437,16,1,1
BRDA:441,17,0,1
BRDA:447,18,0,1
BRDA:456,19,0,2
BRDA:504,20,0,6
BRDA:504,20,1,0
BRF:29
BRH:23
end_of_record
TN:
SF:src/prisma/prisma.module.ts
FNF:0
FNH:0
DA:1,0
DA:2,0
DA:9,0
LF:3
LH:0
BRF:0
BRH:0
end_of_record
TN:
SF:src/prisma/prisma.service.ts
FN:6,(anonymous_2)
FN:14,(anonymous_3)
FN:19,(anonymous_4)
FNF:3
FNH:0
FNDA:0,(anonymous_2)
FNDA:0,(anonymous_3)
FNDA:0,(anonymous_4)
DA:1,9
DA:2,9
DA:5,9
DA:7,0
DA:15,0
DA:16,0
DA:20,0
LF:7
LH:3
BRDA:8,0,0,0
BRDA:8,0,1,0
BRF:2
BRH:0
end_of_record
TN:
SF:src/tests/hammer_test.ts
FN:76,placeBet
FN:110,setInitialBalance
FN:118,getBalance
FN:127,cleanup
FN:139,runHammerTest
FN:169,(anonymous_5)
FN:172,(anonymous_6)
FN:186,(anonymous_7)
FN:187,(anonymous_8)
FN:198,(anonymous_9)
FN:206,(anonymous_10)
FN:212,(anonymous_11)
FN:262,(anonymous_12)
FN:291,(anonymous_13)
FNF:14
FNH:0
FNDA:0,placeBet
FNDA:0,setInitialBalance
FNDA:0,getBalance
FNDA:0,cleanup
FNDA:0,runHammerTest
FNDA:0,(anonymous_5)
FNDA:0,(anonymous_6)
FNDA:0,(anonymous_7)
FNDA:0,(anonymous_8)
FNDA:0,(anonymous_9)
FNDA:0,(anonymous_10)
FNDA:0,(anonymous_11)
FNDA:0,(anonymous_12)
FNDA:0,(anonymous_13)
DA:20,0
DA:21,0
DA:22,0
DA:23,0
DA:24,0
DA:30,0
DA:49,0
DA:52,0
DA:53,0
DA:55,0
DA:56,0
DA:57,0
DA:64,0
DA:81,0
DA:82,0
DA:84,0
DA:85,0
DA:95,0
DA:97,0
DA:98,0
DA:100,0
DA:103,0
DA:111,0
DA:112,0
DA:119,0
DA:120,0
DA:121,0
DA:128,0
DA:129,0
DA:130,0
DA:131,0
DA:140,0
DA:141,0
DA:142,0
DA:143,0
DA:144,0
DA:145,0
DA:146,0
DA:147,0
DA:148,0
DA:149,0
DA:152,0
DA:153,0
DA:156,0
DA:157,0
DA:160,0
DA:161,0
DA:164,0
DA:166,0
DA:169,0
DA:170,0
DA:171,0
DA:172,0
DA:180,0
DA:182,0
DA:183,0
DA:186,0
DA:187,0
DA:189,0
DA:190,0
DA:191,0
DA:194,0
DA:195,0
DA:196,0
DA:198,0
DA:199,0
DA:201,0
DA:205,0
DA:206,0
DA:207,0
DA:208,0
DA:209,0
DA:212,0
DA:213,0
DA:215,0
DA:218,0
DA:219,0
DA:220,0
DA:221,0
DA:222,0
DA:223,0
DA:224,0
DA:225,0
DA:226,0
DA:227,0
DA:230,0
DA:231,0
DA:232,0
DA:234,0
DA:261,0
DA:262,0
DA:263,0
DA:264,0
DA:265,0
DA:266,0
DA:267,0
DA:268,0
DA:272,0
DA:273,0
DA:274,0
DA:276,0
DA:278,0
DA:281,0
DA:282,0
DA:284,0
DA:291,0
DA:292,0
DA:293,0
DA:294,0
LF:109
LH:0
BRDA:31,0,0,0
BRDA:31,0,1,0
BRDA:32,1,0,0
BRDA:32,1,1,0
BRDA:97,2,0,0
BRDA:97,2,1,0
BRDA:121,3,0,0
BRDA:121,3,1,0
BRDA:130,4,0,0
BRDA:195,5,0,0
BRDA:195,5,1,0
BRDA:207,6,0,0
BRDA:207,6,1,0
BRDA:208,7,0,0
BRDA:208,7,1,0
BRDA:263,8,0,0
BRDA:263,8,1,0
BRDA:268,9,0,0
BRDA:273,10,0,0
BRDA:273,10,1,0
BRDA:284,11,0,0
BRDA:284,11,1,0
BRF:22
BRH:0
end_of_record
TN:
SF:src/tests/simulate_crash.ts
FN:35,(anonymous_0)
FN:55,generateCrashPoint
FN:73,hashServerSeed
FN:81,clearLine
FN:85,printHeader
FN:94,printRoundStart
FN:102,printWaiting
FN:107,printMultiplier
FN:114,printCrash
FN:121,printBetResult
FN:134,sleep
FN:135,(anonymous_11)
FN:138,simulateRound
FN:162,(anonymous_13)
FN:202,(anonymous_14)
FN:218,(anonymous_15)
FN:235,main
FNF:17
FNH:0
FNDA:0,(anonymous_0)
FNDA:0,generateCrashPoint
FNDA:0,hashServerSeed
FNDA:0,clearLine
FNDA:0,printHeader
FNDA:0,printRoundStart
FNDA:0,printWaiting
FNDA:0,printMultiplier
FNDA:0,printCrash
FNDA:0,printBetResult
FNDA:0,sleep
FNDA:0,(anonymous_11)
FNDA:0,simulateRound
FNDA:0,(anonymous_13)
FNDA:0,(anonymous_14)
FNDA:0,(anonymous_15)
FNDA:0,main
DA:16,0
DA:17,0
DA:23,0
DA:35,0
DA:36,0
DA:37,0
DA:38,0
DA:53,0
DA:56,0
DA:58,0
DA:59,0
DA:60,0
DA:62,0
DA:65,0
DA:66,0
DA:69,0
DA:70,0
DA:74,0
DA:82,0
DA:86,0
DA:87,0
DA:88,0
DA:89,0
DA:90,0
DA:91,0
DA:95,0
DA:96,0
DA:97,0
DA:98,0
DA:99,0
DA:103,0
DA:104,0
DA:108,0
DA:109,0
DA:110,0
DA:111,0
DA:115,0
DA:116,0
DA:117,0
DA:118,0
DA:122,0
DA:123,0
DA:124,0
DA:126,0
DA:135,0
DA:144,0
DA:145,0
DA:146,0
DA:147,0
DA:150,0
DA:152,0
DA:155,0
DA:161,0
DA:162,0
DA:163,0
DA:164,0
DA:166,0
DA:169,0
DA:170,0
DA:171,0
DA:172,0
DA:174,0
DA:175,0
DA:178,0
DA:180,0
DA:181,0
DA:183,0
DA:184,0
DA:185,0
DA:188,0
DA:189,0
DA:190,0
DA:194,0
DA:195,0
DA:196,0
DA:197,0
DA:202,0
DA:203,0
DA:204,0
DA:205,0
DA:209,0
DA:210,0
DA:213,0
DA:217,0
DA:218,0
DA:219,0
DA:222,0
DA:223,0
DA:224,0
DA:225,0
DA:226,0
DA:227,0
DA:228,0
DA:231,0
DA:232,0
DA:236,0
DA:239,0
DA:240,0
DA:242,0
DA:243,0
DA:244,0
DA:246,0
DA:247,0
DA:250,0
DA:251,0
DA:252,0
DA:255,0
DA:256,0
DA:257,0
DA:258,0
DA:259,0
DA:263,0
LF:112
LH:0
BRDA:35,0,0,0
BRDA:35,0,1,0
BRDA:65,1,0,0
BRDA:110,2,0,0
BRDA:110,2,1,0
BRDA:110,3,0,0
BRDA:110,3,1,0
BRDA:122,4,0,0
BRDA:122,4,1,0
BRDA:122,5,0,0
BRDA:122,5,1,0
BRDA:163,6,0,0
BRDA:163,6,1,0
BRDA:188,7,0,0
BRDA:195,8,0,0
BRDA:195,9,0,0
BRDA:195,9,1,0
BRDA:195,9,2,0
BRDA:203,10,0,0
BRDA:203,11,0,0
BRDA:203,11,1,0
BRDA:203,11,2,0
BRDA:209,12,0,0
BRDA:209,13,0,0
BRDA:209,13,1,0
BRF:25
BRH:0
end_of_record
TN:
SF:src/tests/test_auth_flow.ts
FN:32,request
FN:64,testRegister
FN:101,testLogin
FN:136,testGetMe
FN:160,(anonymous_4)
FN:176,testUnauthorized
FN:202,testWebSocketConnection
FN:205,(anonymous_7)
FN:206,(anonymous_8)
FN:221,(anonymous_9)
FN:234,(anonymous_10)
FN:242,(anonymous_11)
FN:253,(anonymous_12)
FN:262,testWebSocketNoAuth
FN:265,(anonymous_14)
FN:271,(anonymous_15)
FN:282,(anonymous_16)
FN:295,(anonymous_17)
FN:311,printSummary
FN:316,(anonymous_19)
FN:317,(anonymous_20)
FN:319,(anonymous_21)
FN:339,runTests
FN:373,(anonymous_23)
FNF:24
FNH:0
FNDA:0,request
FNDA:0,testRegister
FNDA:0,testLogin
FNDA:0,testGetMe
FNDA:0,(anonymous_4)
FNDA:0,testUnauthorized
FNDA:0,testWebSocketConnection
FNDA:0,(anonymous_7)
FNDA:0,(anonymous_8)
FNDA:0,(anonymous_9)
FNDA:0,(anonymous_10)
FNDA:0,(anonymous_11)
FNDA:0,(anonymous_12)
FNDA:0,testWebSocketNoAuth
FNDA:0,(anonymous_14)
FNDA:0,(anonymous_15)
FNDA:0,(anonymous_16)
FNDA:0,(anonymous_17)
FNDA:0,printSummary
FNDA:0,(anonymous_19)
FNDA:0,(anonymous_20)
FNDA:0,(anonymous_21)
FNDA:0,runTests
FNDA:0,(anonymous_23)
DA:8,0
DA:10,0
DA:11,0
DA:14,0
DA:27,0
DA:38,0
DA:42,0
DA:43,0
DA:46,0
DA:52,0
DA:54,0
DA:55,0
DA:58,0
DA:65,0
DA:66,0
DA:68,0
DA:69,0
DA:75,0
DA:76,0
DA:79,0
DA:86,0
DA:87,0
DA:89,0
DA:94,0
DA:102,0
DA:103,0
DA:105,0
DA:106,0
DA:111,0
DA:112,0
DA:115,0
DA:121,0
DA:122,0
DA:124,0
DA:129,0
DA:137,0
DA:139,0
DA:140,0
DA:142,0
DA:143,0
DA:147,0
DA:148,0
DA:151,0
DA:158,0
DA:159,0
DA:160,0
DA:161,0
DA:164,0
DA:169,0
DA:177,0
DA:179,0
DA:180,0
DA:183,0
DA:188,0
DA:190,0
DA:195,0
DA:203,0
DA:205,0
DA:206,0
DA:207,0
DA:212,0
DA:213,0
DA:216,0
DA:221,0
DA:222,0
DA:223,0
DA:228,0
DA:231,0
DA:234,0
DA:235,0
DA:238,0
DA:239,0
DA:242,0
DA:243,0
DA:244,0
DA:249,0
DA:250,0
DA:253,0
DA:254,0
DA:263,0
DA:265,0
DA:266,0
DA:271,0
DA:272,0
DA:273,0
DA:278,0
DA:279,0
DA:282,0
DA:283,0
DA:285,0
DA:290,0
DA:291,0
DA:292,0
DA:295,0
DA:296,0
DA:297,0
DA:302,0
DA:303,0
DA:312,0
DA:313,0
DA:314,0
DA:316,0
DA:317,0
DA:319,0
DA:320,0
DA:321,0
DA:322,0
DA:325,0
DA:326,0
DA:328,0
DA:329,0
DA:331,0
DA:333,0
DA:340,0
DA:341,0
DA:342,0
DA:343,0
DA:344,0
DA:345,0
DA:347,0
DA:349,0
DA:352,0
DA:355,0
DA:358,0
DA:361,0
DA:364,0
DA:367,0
DA:371,0
DA:373,0
DA:377,0
LF:130
LH:0
BRDA:10,0,0,0
BRDA:10,0,1,0
BRDA:11,1,0,0
BRDA:11,1,1,0
BRDA:42,2,0,0
BRDA:49,3,0,0
BRDA:49,3,1,0
BRDA:54,4,0,0
BRDA:55,5,0,0
BRDA:55,5,1,0
BRDA:75,6,0,0
BRDA:75,7,0,0
BRDA:75,7,1,0
BRDA:111,8,0,0
BRDA:111,9,0,0
BRDA:111,9,1,0
BRDA:142,10,0,0
BRDA:142,11,0,0
BRDA:142,11,1,0
BRDA:147,12,0,0
BRDA:147,13,0,0
BRDA:147,13,1,0
BRDA:254,14,0,0
BRDA:254,14,1,0
BRDA:320,15,0,0
BRDA:320,15,1,0
BRDA:328,16,0,0
BRDA:328,16,1,0
BRDA:373,17,0,0
BRDA:373,17,1,0
BRF:30
BRH:0
end_of_record
TN:
SF:src/tests/test_commission_flood.ts
FN:67,generateHierarchy
FN:118,parseHierarchyPath
FN:124,calculateCommissions
FN:144,runFloodTest
FN:193,(anonymous_4)
FN:212,(anonymous_5)
FN:216,(anonymous_6)
FN:231,(anonymous_7)
FN:232,(anonymous_8)
FN:282,(anonymous_9)
FN:283,(anonymous_10)
FNF:11
FNH:0
FNDA:0,generateHierarchy
FNDA:0,parseHierarchyPath
FNDA:0,calculateCommissions
FNDA:0,runFloodTest
FNDA:0,(anonymous_4)
FNDA:0,(anonymous_5)
FNDA:0,(anonymous_6)
FNDA:0,(anonymous_7)
FNDA:0,(anonymous_8)
FNDA:0,(anonymous_9)
FNDA:0,(anonymous_10)
DA:17,0
DA:18,0
DA:24,0
DA:30,0
DA:31,0
DA:32,0
DA:33,0
DA:34,0
DA:63,0
DA:64,0
DA:65,0
DA:69,0
DA:78,0
DA:79,0
DA:89,0
DA:90,0
DA:91,0
DA:101,0
DA:102,0
DA:103,0
DA:104,0
DA:119,0
DA:120,0
DA:121,0
DA:125,0
DA:126,0
DA:128,0
DA:129,0
DA:130,0
DA:131,0
DA:132,0
DA:133,0
DA:137,0
DA:145,0
DA:146,0
DA:147,0
DA:148,0
DA:149,0
DA:154,0
DA:155,0
DA:156,0
DA:158,0
DA:160,0
DA:161,0
DA:162,0
DA:163,0
DA:164,0
DA:165,0
DA:170,0
DA:171,0
DA:172,0
DA:174,0
DA:177,0
DA:179,0
DA:180,0
DA:182,0
DA:183,0
DA:184,0
DA:187,0
DA:188,0
DA:191,0
DA:194,0
DA:197,0
DA:198,0
DA:201,0
DA:202,0
DA:204,0
DA:212,0
DA:213,0
DA:216,0
DA:217,0
DA:220,0
DA:221,0
DA:226,0
DA:227,0
DA:228,0
DA:230,0
DA:231,0
DA:232,0
DA:234,0
DA:236,0
DA:237,0
DA:238,0
DA:239,0
DA:240,0
DA:241,0
DA:243,0
DA:258,0
DA:259,0
DA:261,0
DA:264,0
DA:266,0
DA:267,0
DA:268,0
DA:269,0
DA:274,0
DA:275,0
DA:276,0
DA:278,0
DA:279,0
DA:282,0
DA:283,0
DA:284,0
DA:285,0
DA:286,0
DA:289,0
DA:290,0
DA:291,0
DA:292,0
DA:293,0
DA:294,0
DA:297,0
DA:298,0
DA:299,0
DA:304,0
DA:305,0
DA:310,0
DA:311,0
DA:312,0
DA:313,0
DA:314,0
DA:316,0
DA:318,0
DA:319,0
DA:320,0
DA:321,0
DA:322,0
DA:323,0
DA:324,0
DA:325,0
DA:326,0
DA:327,0
DA:328,0
DA:329,0
DA:331,0
DA:332,0
DA:334,0
DA:335,0
DA:336,0
DA:338,0
DA:339,0
DA:340,0
DA:341,0
DA:346,0
DA:348,0
DA:350,0
DA:351,0
DA:352,0
DA:353,0
DA:354,0
DA:355,0
DA:356,0
DA:357,0
DA:359,0
DA:360,0
DA:363,0
DA:366,0
DA:367,0
DA:368,0
DA:369,0
DA:371,0
DA:375,0
LF:162
LH:0
BRDA:119,0,0,0
BRDA:119,1,0,0
BRDA:119,1,1,0
BRDA:130,2,0,0
BRDA:130,3,0,0
BRDA:130,3,1,0
BRDA:132,4,0,0
BRDA:132,4,1,0
BRDA:241,5,0,0
BRDA:241,5,1,0
BRDA:290,6,0,0
BRDA:297,7,0,0
BRDA:338,8,0,0
BRDA:338,8,1,0
BRDA:339,9,0,0
BRDA:339,9,1,0
BRDA:340,10,0,0
BRDA:340,10,1,0
BRDA:348,11,0,0
BRDA:348,11,1,0
BRDA:348,11,2,0
BRDA:350,12,0,0
BRDA:350,12,1,0
BRDA:354,13,0,0
BRDA:354,13,1,0
BRDA:354,14,0,0
BRDA:354,14,1,0
BRDA:371,15,0,0
BRDA:371,15,1,0
BRF:29
BRH:0
end_of_record
TN:
SF:src/tests/test_gauntlet.ts
FN:27,sleep
FN:28,(anonymous_1)
FN:31,apiRequest
FN:42,createSocket
FN:53,testDoubleDip
FN:100,(anonymous_5)
FN:114,(anonymous_6)
FN:123,(anonymous_7)
FN:129,(anonymous_8)
FN:130,(anonymous_9)
FN:139,(anonymous_10)
FN:169,testTimeTraveler
FN:203,(anonymous_12)
FN:207,(anonymous_13)
FN:221,(anonymous_14)
FN:226,(anonymous_15)
FN:231,(anonymous_16)
FN:236,(anonymous_17)
FN:256,(anonymous_18)
FN:263,(anonymous_19)
FN:292,testToxicChat
FN:326,(anonymous_21)
FN:333,(anonymous_22)
FN:347,(anonymous_23)
FN:355,(anonymous_24)
FN:379,(anonymous_25)
FN:380,(anonymous_26)
FN:381,(anonymous_27)
FN:422,(anonymous_28)
FN:430,(anonymous_29)
FN:459,runGauntlet
FN:484,(anonymous_31)
FN:493,(anonymous_32)
FN:494,(anonymous_33)
FN:495,(anonymous_34)
FNF:35
FNH:0
FNDA:0,sleep
FNDA:0,(anonymous_1)
FNDA:0,apiRequest
FNDA:0,createSocket
FNDA:0,testDoubleDip
FNDA:0,(anonymous_5)
FNDA:0,(anonymous_6)
FNDA:0,(anonymous_7)
FNDA:0,(anonymous_8)
FNDA:0,(anonymous_9)
FNDA:0,(anonymous_10)
FNDA:0,testTimeTraveler
FNDA:0,(anonymous_12)
FNDA:0,(anonymous_13)
FNDA:0,(anonymous_14)
FNDA:0,(anonymous_15)
FNDA:0,(anonymous_16)
FNDA:0,(anonymous_17)
FNDA:0,(anonymous_18)
FNDA:0,(anonymous_19)
FNDA:0,testToxicChat
FNDA:0,(anonymous_21)
FNDA:0,(anonymous_22)
FNDA:0,(anonymous_23)
FNDA:0,(anonymous_24)
FNDA:0,(anonymous_25)
FNDA:0,(anonymous_26)
FNDA:0,(anonymous_27)
FNDA:0,(anonymous_28)
FNDA:0,(anonymous_29)
FNDA:0,runGauntlet
FNDA:0,(anonymous_31)
FNDA:0,(anonymous_32)
FNDA:0,(anonymous_33)
FNDA:0,(anonymous_34)
DA:11,0
DA:13,0
DA:14,0
DA:24,0
DA:28,0
DA:32,0
DA:39,0
DA:43,0
DA:54,0
DA:55,0
DA:56,0
DA:58,0
DA:59,0
DA:60,0
DA:63,0
DA:64,0
DA:73,0
DA:74,0
DA:83,0
DA:84,0
DA:86,0
DA:90,0
DA:96,0
DA:100,0
DA:101,0
DA:103,0
DA:106,0
DA:109,0
DA:112,0
DA:114,0
DA:115,0
DA:123,0
DA:126,0
DA:129,0
DA:130,0
DA:132,0
DA:135,0
DA:139,0
DA:140,0
DA:143,0
DA:145,0
DA:156,0
DA:170,0
DA:171,0
DA:172,0
DA:174,0
DA:175,0
DA:178,0
DA:179,0
DA:188,0
DA:189,0
DA:198,0
DA:200,0
DA:201,0
DA:203,0
DA:204,0
DA:205,0
DA:207,0
DA:208,0
DA:209,0
DA:210,0
DA:211,0
DA:221,0
DA:222,0
DA:223,0
DA:226,0
DA:227,0
DA:228,0
DA:231,0
DA:232,0
DA:234,0
DA:236,0
DA:237,0
DA:238,0
DA:239,0
DA:241,0
DA:243,0
DA:256,0
DA:258,0
DA:259,0
DA:263,0
DA:264,0
DA:265,0
DA:266,0
DA:267,0
DA:279,0
DA:293,0
DA:294,0
DA:295,0
DA:297,0
DA:298,0
DA:301,0
DA:302,0
DA:311,0
DA:312,0
DA:321,0
DA:323,0
DA:324,0
DA:326,0
DA:327,0
DA:328,0
DA:329,0
DA:330,0
DA:331,0
DA:333,0
DA:334,0
DA:335,0
DA:336,0
DA:337,0
DA:347,0
DA:348,0
DA:349,0
DA:352,0
DA:353,0
DA:355,0
DA:356,0
DA:357,0
DA:358,0
DA:359,0
DA:360,0
DA:361,0
DA:362,0
DA:363,0
DA:364,0
DA:366,0
DA:367,0
DA:369,0
DA:373,0
DA:374,0
DA:376,0
DA:377,0
DA:379,0
DA:380,0
DA:381,0
DA:382,0
DA:383,0
DA:385,0
DA:387,0
DA:392,0
DA:394,0
DA:397,0
DA:398,0
DA:399,0
DA:401,0
DA:402,0
DA:406,0
DA:407,0
DA:408,0
DA:410,0
DA:413,0
DA:422,0
DA:424,0
DA:425,0
DA:426,0
DA:430,0
DA:431,0
DA:432,0
DA:433,0
DA:434,0
DA:446,0
DA:460,0
DA:461,0
DA:462,0
DA:463,0
DA:464,0
DA:465,0
DA:466,0
DA:469,0
DA:470,0
DA:472,0
DA:473,0
DA:475,0
DA:476,0
DA:479,0
DA:480,0
DA:481,0
DA:482,0
DA:484,0
DA:485,0
DA:486,0
DA:487,0
DA:488,0
DA:491,0
DA:493,0
DA:494,0
DA:495,0
DA:497,0
DA:500,0
DA:501,0
DA:506,0
DA:508,0
LF:191
LH:0
BRDA:13,0,0,0
BRDA:13,0,1,0
BRDA:14,1,0,0
BRDA:14,1,1,0
BRDA:31,2,0,0
BRDA:44,3,0,0
BRDA:44,3,1,0
BRDA:73,4,0,0
BRDA:100,5,0,0
BRDA:100,5,1,0
BRDA:103,6,0,0
BRDA:109,7,0,0
BRDA:109,7,1,0
BRDA:129,8,0,0
BRDA:129,8,1,0
BRDA:130,9,0,0
BRDA:130,9,1,0
BRDA:139,10,0,0
BRDA:139,10,1,0
BRDA:143,11,0,0
BRDA:143,11,1,0
BRDA:148,12,0,0
BRDA:148,12,1,0
BRDA:149,13,0,0
BRDA:149,13,1,0
BRDA:188,14,0,0
BRDA:208,15,0,0
BRDA:232,16,0,0
BRDA:241,17,0,0
BRDA:241,17,1,0
BRDA:241,17,2,0
BRDA:246,18,0,0
BRDA:246,18,1,0
BRDA:247,19,0,0
BRDA:247,19,1,0
BRDA:248,20,0,0
BRDA:248,20,1,0
BRDA:248,20,2,0
BRDA:258,21,0,0
BRDA:258,22,0,0
BRDA:258,22,1,0
BRDA:264,23,0,0
BRDA:311,24,0,0
BRDA:334,25,0,0
BRDA:356,26,0,0
BRDA:356,26,1,0
BRDA:359,27,0,0
BRDA:359,27,1,0
BRDA:359,28,0,0
BRDA:359,28,1,0
BRDA:362,29,0,0
BRDA:362,29,1,0
BRDA:382,30,0,0
BRDA:382,30,1,0
BRDA:382,31,0,0
BRDA:382,31,1,0
BRDA:382,31,2,0
BRDA:397,32,0,0
BRDA:397,32,1,0
BRDA:397,33,0,0
BRDA:397,33,1,0
BRDA:410,34,0,0
BRDA:410,34,1,0
BRDA:410,35,0,0
BRDA:410,35,1,0
BRDA:411,36,0,0
BRDA:411,36,1,0
BRDA:411,37,0,0
BRDA:411,37,1,0
BRDA:424,38,0,0
BRDA:431,39,0,0
BRDA:485,40,0,0
BRDA:485,40,1,0
BRDA:485,41,0,0
BRDA:485,41,1,0
BRDA:500,42,0,0
BRF:76
BRH:0
end_of_record
TN:
SF:src/tests/test_house_edge.ts
FN:33,generateCrashPoint
FN:107,initStats
FN:125,updateStats
FN:165,printHeader
FN:174,printProgress
FN:180,printResults
FN:263,main
FNF:7
FNH:0
FNDA:0,generateCrashPoint
FNDA:0,initStats
FNDA:0,updateStats
FNDA:0,printHeader
FNDA:0,printProgress
FNDA:0,printResults
FNDA:0,main
DA:17,0
DA:24,0
DA:25,0
DA:31,0
DA:50,0
DA:52,0
DA:55,0
DA:56,0
DA:69,0
DA:72,0
DA:73,0
DA:78,0
DA:82,0
DA:108,0
DA:126,0
DA:127,0
DA:128,0
DA:130,0
DA:131,0
DA:134,0
DA:135,0
DA:137,0
DA:138,0
DA:141,0
DA:143,0
DA:144,0
DA:146,0
DA:147,0
DA:149,0
DA:151,0
DA:152,0
DA:156,0
DA:157,0
DA:166,0
DA:167,0
DA:168,0
DA:169,0
DA:170,0
DA:171,0
DA:175,0
DA:176,0
DA:177,0
DA:181,0
DA:182,0
DA:183,0
DA:184,0
DA:186,0
DA:187,0
DA:188,0
DA:189,0
DA:190,0
DA:191,0
DA:192,0
DA:193,0
DA:194,0
DA:195,0
DA:196,0
DA:197,0
DA:198,0
DA:199,0
DA:200,0
DA:201,0
DA:202,0
DA:203,0
DA:204,0
DA:205,0
DA:206,0
DA:207,0
DA:208,0
DA:209,0
DA:210,0
DA:211,0
DA:212,0
DA:213,0
DA:214,0
DA:215,0
DA:216,0
DA:217,0
DA:218,0
DA:219,0
DA:220,0
DA:221,0
DA:222,0
DA:223,0
DA:224,0
DA:225,0
DA:226,0
DA:229,0
DA:230,0
DA:232,0
DA:233,0
DA:234,0
DA:235,0
DA:237,0
DA:240,0
DA:241,0
DA:243,0
DA:246,0
DA:247,0
DA:249,0
DA:250,0
DA:252,0
DA:255,0
DA:256,0
DA:264,0
DA:267,0
DA:268,0
DA:270,0
DA:271,0
DA:272,0
DA:274,0
DA:275,0
DA:277,0
DA:279,0
DA:280,0
DA:281,0
DA:284,0
DA:287,0
DA:290,0
DA:291,0
DA:295,0
DA:296,0
DA:300,0
LF:123
LH:0
BRDA:72,0,0,0
BRDA:125,1,0,0
BRDA:130,2,0,0
BRDA:131,3,0,0
BRDA:134,4,0,0
BRDA:137,5,0,0
BRDA:137,5,1,0
BRDA:143,6,0,0
BRDA:146,7,0,0
BRDA:146,7,1,0
BRDA:151,8,0,0
BRDA:156,9,0,0
BRDA:229,10,0,0
BRDA:229,10,1,0
BRDA:230,11,0,0
BRDA:230,11,1,0
BRDA:232,12,0,0
BRDA:232,12,1,0
BRDA:234,13,0,0
BRDA:234,13,1,0
BRDA:240,14,0,0
BRDA:240,14,1,0
BRDA:249,15,0,0
BRDA:249,15,1,0
BRDA:249,16,0,0
BRDA:249,16,1,0
BRDA:290,17,0,0
BRF:27
BRH:0
end_of_record
TN:
SF:src/tests/test_mlm_flow.ts
FN:78,parseHierarchyPath
FN:84,calculateCommissionSplits
FN:118,runTest
FN:203,(anonymous_3)
FN:224,(anonymous_4)
FN:225,(anonymous_5)
FN:226,(anonymous_6)
FN:294,(anonymous_7)
FN:295,(anonymous_8)
FN:391,(anonymous_9)
FN:392,(anonymous_10)
FNF:11
FNH:0
FNDA:0,parseHierarchyPath
FNDA:0,calculateCommissionSplits
FNDA:0,runTest
FNDA:0,(anonymous_3)
FNDA:0,(anonymous_4)
FNDA:0,(anonymous_5)
FNDA:0,(anonymous_6)
FNDA:0,(anonymous_7)
FNDA:0,(anonymous_8)
FNDA:0,(anonymous_9)
FNDA:0,(anonymous_10)
DA:19,0
DA:20,0
DA:26,0
DA:32,0
DA:71,0
DA:72,0
DA:79,0
DA:80,0
DA:81,0
DA:89,0
DA:90,0
DA:92,0
DA:93,0
DA:94,0
DA:95,0
DA:96,0
DA:98,0
DA:100,0
DA:101,0
DA:111,0
DA:119,0
DA:120,0
DA:121,0
DA:122,0
DA:123,0
DA:128,0
DA:129,0
DA:130,0
DA:132,0
DA:142,0
DA:152,0
DA:162,0
DA:172,0
DA:173,0
DA:174,0
DA:175,0
DA:177,0
DA:178,0
DA:179,0
DA:180,0
DA:181,0
DA:182,0
DA:187,0
DA:188,0
DA:189,0
DA:191,0
DA:194,0
DA:195,0
DA:198,0
DA:199,0
DA:201,0
DA:204,0
DA:205,0
DA:206,0
DA:207,0
DA:209,0
DA:211,0
DA:212,0
DA:213,0
DA:214,0
DA:215,0
DA:216,0
DA:219,0
DA:220,0
DA:223,0
DA:224,0
DA:225,0
DA:226,0
DA:234,0
DA:235,0
DA:237,0
DA:238,0
DA:239,0
DA:242,0
DA:243,0
DA:244,0
DA:245,0
DA:246,0
DA:247,0
DA:251,0
DA:252,0
DA:257,0
DA:258,0
DA:263,0
DA:264,0
DA:265,0
DA:267,0
DA:268,0
DA:270,0
DA:271,0
DA:272,0
DA:273,0
DA:276,0
DA:287,0
DA:288,0
DA:289,0
DA:292,0
DA:294,0
DA:295,0
DA:296,0
DA:297,0
DA:298,0
DA:306,0
DA:307,0
DA:308,0
DA:309,0
DA:310,0
DA:312,0
DA:313,0
DA:315,0
DA:316,0
DA:317,0
DA:319,0
DA:320,0
DA:321,0
DA:322,0
DA:338,0
DA:339,0
DA:340,0
DA:342,0
DA:343,0
DA:345,0
DA:346,0
DA:347,0
DA:349,0
DA:350,0
DA:351,0
DA:352,0
DA:354,0
DA:355,0
DA:356,0
DA:357,0
DA:362,0
DA:363,0
DA:364,0
DA:367,0
DA:368,0
DA:369,0
DA:371,0
DA:373,0
DA:384,0
DA:385,0
DA:386,0
DA:387,0
DA:389,0
DA:391,0
DA:392,0
DA:393,0
DA:394,0
DA:395,0
DA:400,0
DA:401,0
DA:402,0
DA:409,0
DA:410,0
DA:411,0
DA:412,0
DA:417,0
DA:419,0
DA:420,0
DA:421,0
DA:423,0
DA:426,0
DA:429,0
DA:430,0
DA:431,0
DA:433,0
DA:437,0
LF:168
LH:0
BRDA:79,0,0,0
BRDA:79,1,0,0
BRDA:79,1,1,0
BRDA:95,2,0,0
BRDA:100,3,0,0
BRDA:225,4,0,0
BRDA:225,4,1,0
BRDA:244,5,0,0
BRDA:296,6,0,0
BRDA:349,7,0,0
BRDA:349,7,1,0
BRDA:350,8,0,0
BRDA:350,8,1,0
BRDA:351,9,0,0
BRDA:351,9,1,0
BRDA:393,10,0,0
BRDA:419,11,0,0
BRDA:419,11,1,0
BRDA:419,11,2,0
BRDA:420,12,0,0
BRDA:420,12,1,0
BRDA:433,13,0,0
BRDA:433,13,1,0
BRF:23
BRH:0
end_of_record
TN:
SF:src/tests/test_network_lag.ts
FN:26,(anonymous_0)
FN:61,(anonymous_1)
FN:64,(anonymous_2)
FN:65,(anonymous_3)
FN:71,(anonymous_4)
FN:86,(anonymous_5)
FN:103,(anonymous_6)
FN:111,(anonymous_7)
FN:132,(anonymous_8)
FN:205,(anonymous_9)
FN:221,sleep
FN:222,(anonymous_11)
FN:228,testNormalCashout
FN:261,testLatePacketAttack
FN:310,testRapidFireAttack
FN:340,(anonymous_15)
FN:341,(anonymous_16)
FN:357,testExactCrashPointCashout
FN:390,main
FN:419,(anonymous_19)
FNF:20
FNH:0
FNDA:0,(anonymous_0)
FNDA:0,(anonymous_1)
FNDA:0,(anonymous_2)
FNDA:0,(anonymous_3)
FNDA:0,(anonymous_4)
FNDA:0,(anonymous_5)
FNDA:0,(anonymous_6)
FNDA:0,(anonymous_7)
FNDA:0,(anonymous_8)
FNDA:0,(anonymous_9)
FNDA:0,sleep
FNDA:0,(anonymous_11)
FNDA:0,testNormalCashout
FNDA:0,testLatePacketAttack
FNDA:0,testRapidFireAttack
FNDA:0,(anonymous_15)
FNDA:0,(anonymous_16)
FNDA:0,testExactCrashPointCashout
FNDA:0,main
FNDA:0,(anonymous_19)
DA:19,0
DA:20,0
DA:26,0
DA:27,0
DA:28,0
DA:29,0
DA:62,0
DA:63,0
DA:64,0
DA:65,0
DA:72,0
DA:80,0
DA:87,0
DA:88,0
DA:91,0
DA:97,0
DA:104,0
DA:105,0
DA:112,0
DA:114,0
DA:115,0
DA:116,0
DA:119,0
DA:120,0
DA:121,0
DA:125,0
DA:133,0
DA:136,0
DA:137,0
DA:148,0
DA:149,0
DA:159,0
DA:160,0
DA:161,0
DA:170,0
DA:171,0
DA:181,0
DA:182,0
DA:192,0
DA:193,0
DA:194,0
DA:196,0
DA:206,0
DA:222,0
DA:229,0
DA:231,0
DA:232,0
DA:233,0
DA:235,0
DA:236,0
DA:237,0
DA:239,0
DA:240,0
DA:242,0
DA:243,0
DA:244,0
DA:245,0
DA:247,0
DA:250,0
DA:262,0
DA:264,0
DA:265,0
DA:266,0
DA:268,0
DA:269,0
DA:270,0
DA:272,0
DA:273,0
DA:275,0
DA:278,0
DA:279,0
DA:282,0
DA:283,0
DA:285,0
DA:286,0
DA:289,0
DA:291,0
DA:292,0
DA:293,0
DA:294,0
DA:295,0
DA:299,0
DA:311,0
DA:313,0
DA:314,0
DA:315,0
DA:317,0
DA:320,0
DA:321,0
DA:324,0
DA:325,0
DA:328,0
DA:329,0
DA:332,0
DA:334,0
DA:335,0
DA:336,0
DA:337,0
DA:340,0
DA:341,0
DA:343,0
DA:344,0
DA:347,0
DA:358,0
DA:360,0
DA:361,0
DA:362,0
DA:364,0
DA:365,0
DA:366,0
DA:368,0
DA:371,0
DA:373,0
DA:374,0
DA:375,0
DA:378,0
DA:391,0
DA:392,0
DA:393,0
DA:394,0
DA:395,0
DA:397,0
DA:400,0
DA:401,0
DA:402,0
DA:403,0
DA:406,0
DA:407,0
DA:408,0
DA:409,0
DA:410,0
DA:412,0
DA:413,0
DA:414,0
DA:415,0
DA:416,0
DA:419,0
DA:421,0
DA:422,0
DA:423,0
DA:425,0
DA:427,0
DA:428,0
DA:432,0
LF:144
LH:0
BRDA:26,0,0,0
BRDA:26,0,1,0
BRDA:87,1,0,0
BRDA:87,2,0,0
BRDA:87,2,1,0
BRDA:104,3,0,0
BRDA:112,4,0,0
BRDA:120,5,0,0
BRDA:136,6,0,0
BRDA:148,7,0,0
BRDA:160,8,0,0
BRDA:170,9,0,0
BRDA:181,10,0,0
BRDA:206,11,0,0
BRDA:206,11,1,0
BRDA:243,12,0,0
BRDA:243,12,1,0
BRDA:244,13,0,0
BRDA:244,13,1,0
BRDA:253,14,0,0
BRDA:253,14,1,0
BRDA:293,15,0,0
BRDA:293,15,1,0
BRDA:294,16,0,0
BRDA:301,17,0,0
BRDA:301,17,1,0
BRDA:302,18,0,0
BRDA:302,18,1,0
BRDA:349,19,0,0
BRDA:349,19,1,0
BRDA:373,20,0,0
BRDA:373,20,1,0
BRDA:374,21,0,0
BRDA:381,22,0,0
BRDA:381,22,1,0
BRDA:413,23,0,0
BRDA:413,23,1,0
BRDA:422,24,0,0
BRDA:422,24,1,0
BRF:39
BRH:0
end_of_record
TN:
SF:src/tests/test_socket_chaos.ts
FN:69,getMemoryUsageMB
FN:74,generateToken
FN:78,sleep
FN:79,(anonymous_3)
FN:86,runChaosTest
FN:139,(anonymous_5)
FN:140,(anonymous_6)
FN:145,(anonymous_7)
FN:146,(anonymous_8)
FN:170,(anonymous_9)
FN:181,(anonymous_10)
FN:186,(anonymous_11)
FN:194,(anonymous_12)
FN:215,(anonymous_13)
FN:216,(anonymous_14)
FN:244,(anonymous_15)
FN:245,(anonymous_16)
FN:432,(anonymous_17)
FN:433,(anonymous_18)
FNF:19
FNH:0
FNDA:0,getMemoryUsageMB
FNDA:0,generateToken
FNDA:0,sleep
FNDA:0,(anonymous_3)
FNDA:0,runChaosTest
FNDA:0,(anonymous_5)
FNDA:0,(anonymous_6)
FNDA:0,(anonymous_7)
FNDA:0,(anonymous_8)
FNDA:0,(anonymous_9)
FNDA:0,(anonymous_10)
FNDA:0,(anonymous_11)
FNDA:0,(anonymous_12)
FNDA:0,(anonymous_13)
FNDA:0,(anonymous_14)
FNDA:0,(anonymous_15)
FNDA:0,(anonymous_16)
FNDA:0,(anonymous_17)
FNDA:0,(anonymous_18)
DA:23,0
DA:24,0
DA:25,0
DA:26,0
DA:27,0
DA:28,0
DA:34,0
DA:35,0
DA:36,0
DA:37,0
DA:38,0
DA:39,0
DA:40,0
DA:70,0
DA:71,0
DA:75,0
DA:79,0
DA:87,0
DA:88,0
DA:89,0
DA:90,0
DA:91,0
DA:93,0
DA:110,0
DA:111,0
DA:112,0
DA:113,0
DA:114,0
DA:119,0
DA:120,0
DA:121,0
DA:123,0
DA:124,0
DA:132,0
DA:133,0
DA:135,0
DA:138,0
DA:139,0
DA:140,0
DA:141,0
DA:145,0
DA:146,0
DA:147,0
DA:148,0
DA:155,0
DA:156,0
DA:157,0
DA:158,0
DA:160,0
DA:161,0
DA:162,0
DA:165,0
DA:167,0
DA:168,0
DA:170,0
DA:171,0
DA:173,0
DA:181,0
DA:182,0
DA:183,0
DA:186,0
DA:187,0
DA:188,0
DA:189,0
DA:190,0
DA:191,0
DA:194,0
DA:195,0
DA:196,0
DA:200,0
DA:203,0
DA:204,0
DA:205,0
DA:206,0
DA:207,0
DA:208,0
DA:213,0
DA:214,0
DA:215,0
DA:216,0
DA:218,0
DA:219,0
DA:220,0
DA:221,0
DA:222,0
DA:223,0
DA:224,0
DA:227,0
DA:228,0
DA:233,0
DA:234,0
DA:235,0
DA:236,0
DA:239,0
DA:240,0
DA:241,0
DA:244,0
DA:245,0
DA:246,0
DA:247,0
DA:252,0
DA:255,0
DA:256,0
DA:257,0
DA:259,0
DA:262,0
DA:263,0
DA:264,0
DA:265,0
DA:266,0
DA:271,0
DA:274,0
DA:277,0
DA:279,0
DA:280,0
DA:281,0
DA:283,0
DA:287,0
DA:288,0
DA:289,0
DA:290,0
DA:291,0
DA:292,0
DA:297,0
DA:298,0
DA:299,0
DA:300,0
DA:302,0
DA:303,0
DA:306,0
DA:307,0
DA:309,0
DA:310,0
DA:313,0
DA:314,0
DA:317,0
DA:320,0
DA:321,0
DA:322,0
DA:323,0
DA:325,0
DA:329,0
DA:332,0
DA:333,0
DA:334,0
DA:337,0
DA:338,0
DA:340,0
DA:341,0
DA:346,0
DA:347,0
DA:348,0
DA:349,0
DA:350,0
DA:353,0
DA:354,0
DA:355,0
DA:356,0
DA:357,0
DA:358,0
DA:359,0
DA:360,0
DA:361,0
DA:364,0
DA:365,0
DA:366,0
DA:367,0
DA:368,0
DA:369,0
DA:370,0
DA:373,0
DA:374,0
DA:375,0
DA:376,0
DA:377,0
DA:378,0
DA:379,0
DA:380,0
DA:385,0
DA:386,0
DA:388,0
DA:389,0
DA:390,0
DA:392,0
DA:393,0
DA:394,0
DA:395,0
DA:400,0
DA:402,0
DA:403,0
DA:405,0
DA:406,0
DA:407,0
DA:408,0
DA:409,0
DA:410,0
DA:411,0
DA:412,0
DA:413,0
DA:414,0
DA:415,0
DA:416,0
DA:418,0
DA:419,0
DA:420,0
DA:421,0
DA:424,0
DA:429,0
DA:430,0
DA:432,0
DA:433,0
DA:436,0
DA:438,0
DA:442,0
LF:214
LH:0
BRDA:110,0,0,0
BRDA:110,0,1,0
BRDA:203,1,0,0
BRDA:203,2,0,0
BRDA:203,2,1,0
BRDA:246,3,0,0
BRDA:264,4,0,0
BRDA:283,5,0,0
BRDA:283,5,1,0
BRDA:322,6,0,0
BRDA:332,7,0,0
BRDA:392,8,0,0
BRDA:392,8,1,0
BRDA:393,9,0,0
BRDA:393,9,1,0
BRDA:394,10,0,0
BRDA:394,10,1,0
BRDA:402,11,0,0
BRDA:402,11,1,0
BRDA:403,12,0,0
BRDA:403,12,1,0
BRDA:405,13,0,0
BRDA:405,13,1,0
BRDA:405,14,0,0
BRDA:405,14,1,0
BRDA:411,15,0,0
BRDA:411,15,1,0
BRDA:415,16,0,0
BRDA:415,16,1,0
BRDA:419,17,0,0
BRDA:420,18,0,0
BRDA:438,19,0,0
BRDA:438,19,1,0
BRF:33
BRH:0
end_of_record
TN:
SF:src/tests/test_sockets.ts
FN:50,runSocketTest
FN:75,(anonymous_1)
FN:76,(anonymous_2)
FN:103,(anonymous_3)
FN:118,(anonymous_4)
FN:125,(anonymous_5)
FN:134,(anonymous_6)
FN:156,(anonymous_7)
FN:183,(anonymous_8)
FN:194,(anonymous_9)
FN:206,(anonymous_10)
FN:207,(anonymous_11)
FN:208,(anonymous_12)
FN:209,(anonymous_13)
FN:209,(anonymous_14)
FN:222,(anonymous_15)
FN:223,(anonymous_16)
FN:224,(anonymous_17)
FN:225,(anonymous_18)
FN:237,(anonymous_19)
FN:238,(anonymous_20)
FN:239,(anonymous_21)
FN:309,(anonymous_22)
FN:310,(anonymous_23)
FNF:24
FNH:0
FNDA:0,runSocketTest
FNDA:0,(anonymous_1)
FNDA:0,(anonymous_2)
FNDA:0,(anonymous_3)
FNDA:0,(anonymous_4)
FNDA:0,(anonymous_5)
FNDA:0,(anonymous_6)
FNDA:0,(anonymous_7)
FNDA:0,(anonymous_8)
FNDA:0,(anonymous_9)
FNDA:0,(anonymous_10)
FNDA:0,(anonymous_11)
FNDA:0,(anonymous_12)
FNDA:0,(anonymous_13)
FNDA:0,(anonymous_14)
FNDA:0,(anonymous_15)
FNDA:0,(anonymous_16)
FNDA:0,(anonymous_17)
FNDA:0,(anonymous_18)
FNDA:0,(anonymous_19)
FNDA:0,(anonymous_20)
FNDA:0,(anonymous_21)
FNDA:0,(anonymous_22)
FNDA:0,(anonymous_23)
DA:17,0
DA:18,0
DA:19,0
DA:20,0
DA:21,0
DA:27,0
DA:28,0
DA:29,0
DA:30,0
DA:51,0
DA:52,0
DA:53,0
DA:54,0
DA:55,0
DA:60,0
DA:61,0
DA:62,0
DA:64,0
DA:65,0
DA:70,0
DA:71,0
DA:73,0
DA:75,0
DA:76,0
DA:77,0
DA:78,0
DA:85,0
DA:86,0
DA:87,0
DA:88,0
DA:90,0
DA:91,0
DA:92,0
DA:95,0
DA:97,0
DA:98,0
DA:100,0
DA:101,0
DA:103,0
DA:104,0
DA:105,0
DA:110,0
DA:118,0
DA:119,0
DA:120,0
DA:121,0
DA:122,0
DA:125,0
DA:126,0
DA:127,0
DA:128,0
DA:130,0
DA:131,0
DA:134,0
DA:135,0
DA:136,0
DA:139,0
DA:140,0
DA:143,0
DA:146,0
DA:147,0
DA:148,0
DA:151,0
DA:152,0
DA:153,0
DA:156,0
DA:161,0
DA:162,0
DA:163,0
DA:164,0
DA:166,0
DA:167,0
DA:169,0
DA:171,0
DA:172,0
DA:173,0
DA:174,0
DA:176,0
DA:183,0
DA:185,0
DA:186,0
DA:190,0
DA:191,0
DA:194,0
DA:199,0
DA:200,0
DA:201,0
DA:202,0
DA:203,0
DA:206,0
DA:207,0
DA:208,0
DA:209,0
DA:211,0
DA:212,0
DA:213,0
DA:214,0
DA:215,0
DA:216,0
DA:217,0
DA:218,0
DA:219,0
DA:222,0
DA:223,0
DA:224,0
DA:225,0
DA:227,0
DA:228,0
DA:229,0
DA:230,0
DA:231,0
DA:232,0
DA:233,0
DA:236,0
DA:237,0
DA:238,0
DA:239,0
DA:241,0
DA:242,0
DA:243,0
DA:245,0
DA:246,0
DA:247,0
DA:248,0
DA:251,0
DA:252,0
DA:253,0
DA:254,0
DA:255,0
DA:256,0
DA:257,0
DA:262,0
DA:263,0
DA:265,0
DA:266,0
DA:267,0
DA:269,0
DA:270,0
DA:271,0
DA:272,0
DA:277,0
DA:279,0
DA:281,0
DA:282,0
DA:283,0
DA:284,0
DA:285,0
DA:286,0
DA:287,0
DA:288,0
DA:289,0
DA:291,0
DA:292,0
DA:295,0
DA:300,0
DA:301,0
DA:304,0
DA:305,0
DA:309,0
DA:310,0
DA:313,0
DA:315,0
DA:319,0
LF:163
LH:0
BRDA:127,0,0,0
BRDA:185,1,0,0
BRDA:245,2,0,0
BRDA:253,3,0,0
BRDA:253,3,1,0
BRDA:254,4,0,0
BRDA:254,4,1,0
BRDA:269,5,0,0
BRDA:269,5,1,0
BRDA:270,6,0,0
BRDA:270,6,1,0
BRDA:271,7,0,0
BRDA:271,7,1,0
BRDA:279,8,0,0
BRDA:279,8,1,0
BRDA:279,8,2,0
BRDA:281,9,0,0
BRDA:281,9,1,0
BRDA:286,10,0,0
BRDA:286,10,1,0
BRDA:315,11,0,0
BRDA:315,11,1,0
BRF:22
BRH:0
end_of_record
